Attaching to bundler-test-executor_bundler-waiter_1, bundler-test-executor_bundler_1, bundler-test-executor_deployer_1, bundler-test-executor_funder_1, geth-1.13
[36mbundler-waiter_1  |[0m 2024-05-12T16:18:23.970832344Z "0x539"
[33mbundler_1         |[0m 2024-05-12T16:18:21.991887930Z [2m2024-05-12T16:18:21.991795Z[0m [32m INFO[0m [2msilius::bundler[0m[2m:[0m Starting uopool gRPC service...
[33mbundler_1         |[0m 2024-05-12T16:18:21.993670691Z [2m2024-05-12T16:18:21.993586Z[0m [32m INFO[0m [2msilius::bundler[0m[2m:[0m UoPool component connected to Ethereum execution client with version Geth/v1.13.15-stable-c5ba367e/linux-amd64/go1.21.9
[33mbundler_1         |[0m 2024-05-12T16:18:22.996433554Z [2m2024-05-12T16:18:22.996345Z[0m [32m INFO[0m [2msilius::bundler[0m[2m:[0m Started uopool gRPC service at 127.0.0.1:3002
[33mbundler_1         |[0m 2024-05-12T16:18:22.996461215Z [2m2024-05-12T16:18:22.996363Z[0m [32m INFO[0m [2msilius::bundler[0m[2m:[0m Starting bundling gRPC service...
[33mbundler_1         |[0m 2024-05-12T16:18:22.996826294Z [2m2024-05-12T16:18:22.996747Z[0m [32m INFO[0m [2msilius::bundler[0m[2m:[0m Bundling component connected to Ethereum execution client with version Geth/v1.13.15-stable-c5ba367e/linux-amd64/go1.21.9
[33mbundler_1         |[0m 2024-05-12T16:18:22.998895834Z [2m2024-05-12T16:18:22.998823Z[0m [32m INFO[0m [2msilius::bundler[0m[2m:[0m Wallet { address: 0xf39fd6e51aad88f6f4ce6ab8827279cfffb92266, chain_Id: 1337 }
[33mbundler_1         |[0m 2024-05-12T16:18:22.998909159Z [2m2024-05-12T16:18:22.998835Z[0m [32m INFO[0m [2msilius::bundler[0m[2m:[0m Connecting to uopool gRPC service...
[33mbundler_1         |[0m 2024-05-12T16:18:22.999259488Z [2m2024-05-12T16:18:22.999144Z[0m [32m INFO[0m [2msilius::bundler[0m[2m:[0m Connected to uopool gRPC service
[33mbundler_1         |[0m 2024-05-12T16:18:22.999273585Z [2m2024-05-12T16:18:22.999173Z[0m [32m INFO[0m [2msilius_grpc::bundler[0m[2m:[0m Starting auto bundling
[33mbundler_1         |[0m 2024-05-12T16:18:22.999282121Z [2m2024-05-12T16:18:22.999200Z[0m [32m INFO[0m [2msilius::bundler[0m[2m:[0m Started bundler gRPC service at 127.0.0.1:3003
[33mbundler_1         |[0m 2024-05-12T16:18:22.999289644Z [2m2024-05-12T16:18:22.999209Z[0m [32m INFO[0m [2msilius::bundler[0m[2m:[0m Starting bundler JSON-RPC server...
[33mbundler_1         |[0m 2024-05-12T16:18:22.999312066Z [2m2024-05-12T16:18:22.999242Z[0m [32m INFO[0m [2msilius::bundler[0m[2m:[0m Connecting to uopool gRPC service...
[33mbundler_1         |[0m 2024-05-12T16:18:22.999640990Z [2m2024-05-12T16:18:22.999519Z[0m [32m INFO[0m [2msilius::bundler[0m[2m:[0m Connected to uopool gRPC service...
[33mbundler_1         |[0m 2024-05-12T16:18:22.999652161Z [2m2024-05-12T16:18:22.999541Z[0m [32m INFO[0m [2msilius::bundler[0m[2m:[0m Connecting to bundling gRPC service...
[33mbundler_1         |[0m 2024-05-12T16:18:22.999889934Z [2m2024-05-12T16:18:22.999831Z[0m [32m INFO[0m [2msilius::bundler[0m[2m:[0m Connected to bundling gRPC service...
[33mbundler_1         |[0m 2024-05-12T16:18:22.999973830Z [2m2024-05-12T16:18:22.999919Z[0m [32m INFO[0m [2msilius::bundler[0m[2m:[0m Started bundler JSON-RPC server with http: 0.0.0.0:3000, ws: 127.0.0.1:3001
[33mbundler_1         |[0m 2024-05-12T16:18:23.001466052Z [2m2024-05-12T16:18:23.001411Z[0m [32m INFO[0m [2msilius_bundler::bundler[0m[2m:[0m Skipping creating a new bundle, no user operations
[33mbundler_1         |[0m 2024-05-12T16:18:26.816824853Z [2m2024-05-12T16:18:26.816708Z[0m [32m INFO[0m [2msilius_grpc::bundler[0m[2m:[0m Stopping auto bundling
[33mbundler_1         |[0m 2024-05-12T16:18:27.294117410Z [2m2024-05-12T16:18:27.294021Z[0m [32m INFO[0m [2msilius_grpc::bundler[0m[2m:[0m Stopping auto bundling
[33mbundler_1         |[0m 2024-05-12T16:18:27.429081765Z [2m2024-05-12T16:18:27.428979Z[0m [32m INFO[0m [2msilius_grpc::bundler[0m[2m:[0m Stopping auto bundling
[33mbundler_1         |[0m 2024-05-12T16:18:27.664568833Z [2m2024-05-12T16:18:27.664467Z[0m [32m INFO[0m [2msilius_grpc::bundler[0m[2m:[0m Stopping auto bundling
[33mbundler_1         |[0m 2024-05-12T16:18:30.334508637Z [2m2024-05-12T16:18:30.334390Z[0m [32m INFO[0m [2msilius_grpc::bundler[0m[2m:[0m Stopping auto bundling
[33mbundler_1         |[0m 2024-05-12T16:18:31.315774582Z [2m2024-05-12T16:18:31.315661Z[0m [32m INFO[0m [2msilius_grpc::bundler[0m[2m:[0m Stopping auto bundling
[33mbundler_1         |[0m 2024-05-12T16:18:33.554770438Z [2m2024-05-12T16:18:33.554651Z[0m [32m INFO[0m [2msilius_grpc::bundler[0m[2m:[0m Stopping auto bundling
[33mbundler_1         |[0m 2024-05-12T16:18:36.117524027Z [2m2024-05-12T16:18:36.117420Z[0m [32m INFO[0m [2msilius_grpc::bundler[0m[2m:[0m Stopping auto bundling
[33mbundler_1         |[0m 2024-05-12T16:18:38.470651114Z [2m2024-05-12T16:18:38.470538Z[0m [32m INFO[0m [2msilius_grpc::bundler[0m[2m:[0m Stopping auto bundling
[33mbundler_1         |[0m 2024-05-12T16:18:43.840767579Z [2m2024-05-12T16:18:43.840665Z[0m [32m INFO[0m [2msilius_grpc::bundler[0m[2m:[0m Stopping auto bundling
[33mbundler_1         |[0m 2024-05-12T16:18:44.436206119Z [2m2024-05-12T16:18:44.436089Z[0m [32m INFO[0m [2msilius_bundler::bundler[0m[2m:[0m Creating a new bundle with 1 user operations: [UserOperationHash(0x9e8d255d2bf476b6ee708c6da949aa24b25187318d74068672a6d2c90ed3f27c)]
[33mbundler_1         |[0m 2024-05-12T16:18:44.516489910Z [2m2024-05-12T16:18:44.516402Z[0m [32m INFO[0m [2msilius_bundler::bundler[0m[2m:[0m Bundle successfully sent, hash: 0x4b9ecbfb5d2b45bfd8c66e693374d499a9b3e6d4206b707a6eb13393c52ddaa1, account: 0xf39fd6e51aad88f6f4ce6ab8827279cfffb92266, entry point: 0x0000000071727de22e5e9d8baf0edac6f37da032, beneficiary: 0xf39fd6e51aad88f6f4ce6ab8827279cfffb92266
[33mbundler_1         |[0m 2024-05-12T16:18:44.534560317Z [2m2024-05-12T16:18:44.534498Z[0m [32m INFO[0m [2msilius_grpc::bundler[0m[2m:[0m Stopping auto bundling
[33mbundler_1         |[0m 2024-05-12T16:18:45.362626978Z [2m2024-05-12T16:18:45.362519Z[0m [32m INFO[0m [2msilius_bundler::bundler[0m[2m:[0m Creating a new bundle with 1 user operations: [UserOperationHash(0xa4e6e8fe2c4353a0e50379541ba1dd5963743d5e115b810a362d89c47452cdf6)]
[33mbundler_1         |[0m 2024-05-12T16:18:45.442570159Z [2m2024-05-12T16:18:45.442484Z[0m [32m INFO[0m [2msilius_bundler::bundler[0m[2m:[0m Bundle successfully sent, hash: 0x643878037d722488d6add738d10beba680822bb405b056bf3087aabeaabc5cba, account: 0xf39fd6e51aad88f6f4ce6ab8827279cfffb92266, entry point: 0x0000000071727de22e5e9d8baf0edac6f37da032, beneficiary: 0xf39fd6e51aad88f6f4ce6ab8827279cfffb92266
[33mbundler_1         |[0m 2024-05-12T16:18:45.459944343Z [2m2024-05-12T16:18:45.459872Z[0m [32m INFO[0m [2msilius_grpc::bundler[0m[2m:[0m Stopping auto bundling
[33mbundler_1         |[0m 2024-05-12T16:18:46.133777017Z [2m2024-05-12T16:18:46.133663Z[0m [32m INFO[0m [2msilius_bundler::bundler[0m[2m:[0m Creating a new bundle with 1 user operations: [UserOperationHash(0xadf2be8bbb392e3c7d8156d0861c764568e36c98c1fe8a227627a65d4419489b)]
[33mbundler_1         |[0m 2024-05-12T16:18:46.213876644Z [2m2024-05-12T16:18:46.213784Z[0m [32m INFO[0m [2msilius_bundler::bundler[0m[2m:[0m Bundle successfully sent, hash: 0x2760402a5715a1d609c979bbd8952d2ff40d22b8f5c6775262fd61e91fcf5796, account: 0xf39fd6e51aad88f6f4ce6ab8827279cfffb92266, entry point: 0x0000000071727de22e5e9d8baf0edac6f37da032, beneficiary: 0xf39fd6e51aad88f6f4ce6ab8827279cfffb92266
[33mbundler_1         |[0m 2024-05-12T16:18:46.238698795Z [2m2024-05-12T16:18:46.238619Z[0m [32m INFO[0m [2msilius_grpc::bundler[0m[2m:[0m Stopping auto bundling
[33mbundler_1         |[0m 2024-05-12T16:18:46.617696143Z [2m2024-05-12T16:18:46.617601Z[0m [32m INFO[0m [2msilius_grpc::bundler[0m[2m:[0m Stopping auto bundling
[33mbundler_1         |[0m 2024-05-12T16:18:46.822757367Z [2m2024-05-12T16:18:46.822655Z[0m [32m INFO[0m [2msilius_grpc::bundler[0m[2m:[0m Stopping auto bundling
[33mbundler_1         |[0m 2024-05-12T16:18:47.135490202Z [2m2024-05-12T16:18:47.135391Z[0m [32m INFO[0m [2msilius_bundler::bundler[0m[2m:[0m Skipping creating a new bundle, no user operations
[33mbundler_1         |[0m 2024-05-12T16:18:47.386792306Z [2m2024-05-12T16:18:47.386684Z[0m [32m INFO[0m [2msilius_bundler::bundler[0m[2m:[0m Creating a new bundle with 1 user operations: [UserOperationHash(0x058809bca3425af9ff0f6261bb2d94f67f70c3f2962a0f79e8bafadbc1daabb4)]
[33mbundler_1         |[0m 2024-05-12T16:18:47.466741107Z [2m2024-05-12T16:18:47.466663Z[0m [32m INFO[0m [2msilius_bundler::bundler[0m[2m:[0m Bundle successfully sent, hash: 0xb15e7a3dbc32fc1a4eb4bfa4b4aa476aea982dc0001e43557612d63d3cb03f2a, account: 0xf39fd6e51aad88f6f4ce6ab8827279cfffb92266, entry point: 0x0000000071727de22e5e9d8baf0edac6f37da032, beneficiary: 0xf39fd6e51aad88f6f4ce6ab8827279cfffb92266
[33mbundler_1         |[0m 2024-05-12T16:18:47.719710778Z [2m2024-05-12T16:18:47.719584Z[0m [32m INFO[0m [2msilius_bundler::bundler[0m[2m:[0m Creating a new bundle with 1 user operations: [UserOperationHash(0xb05112f57bbce9064645e413c36e6658757db2851d70c2f0c71ee720e1b191df)]
[33mbundler_1         |[0m 2024-05-12T16:18:47.799740575Z [2m2024-05-12T16:18:47.799651Z[0m [32m INFO[0m [2msilius_bundler::bundler[0m[2m:[0m Bundle successfully sent, hash: 0x2c925e52e79e35e7c54743adc6f3dde3cd2d0fabf4082b099475d25ce9086830, account: 0xf39fd6e51aad88f6f4ce6ab8827279cfffb92266, entry point: 0x0000000071727de22e5e9d8baf0edac6f37da032, beneficiary: 0xf39fd6e51aad88f6f4ce6ab8827279cfffb92266
[33mbundler_1         |[0m 2024-05-12T16:19:41.507161612Z [2m2024-05-12T16:19:41.507042Z[0m [32m INFO[0m [2msilius_grpc::bundler[0m[2m:[0m Stopping auto bundling
[33mbundler_1         |[0m 2024-05-12T16:19:46.658248005Z [2m2024-05-12T16:19:46.658150Z[0m [32m INFO[0m [2msilius_grpc::bundler[0m[2m:[0m Stopping auto bundling
[33mbundler_1         |[0m 2024-05-12T16:21:11.815091906Z [2m2024-05-12T16:21:11.814973Z[0m [32m INFO[0m [2msilius_bundler::bundler[0m[2m:[0m Creating a new bundle with 1 user operations: [UserOperationHash(0xb126084436836e59717bf2de1c899447db428f7c454e59e40a5999bf9cb1f6af)]
[33mbundler_1         |[0m 2024-05-12T16:21:11.895004067Z [2m2024-05-12T16:21:11.894925Z[0m [32m INFO[0m [2msilius_bundler::bundler[0m[2m:[0m Bundle successfully sent, hash: 0xf50f33821d7c02080974e3f7699aad748e2e26524d66c8af0c65188caec73a2b, account: 0xf39fd6e51aad88f6f4ce6ab8827279cfffb92266, entry point: 0x0000000071727de22e5e9d8baf0edac6f37da032, beneficiary: 0xf39fd6e51aad88f6f4ce6ab8827279cfffb92266
[33mbundler_1         |[0m 2024-05-12T16:21:12.187613535Z [2m2024-05-12T16:21:12.187501Z[0m [32m INFO[0m [2msilius_bundler::bundler[0m[2m:[0m Creating a new bundle with 1 user operations: [UserOperationHash(0x0ae562bad24c73a9c4f255f3e38fd31158c434b8b33ca48b14dde1e61920adc7)]
[33mbundler_1         |[0m 2024-05-12T16:21:12.267483106Z [2m2024-05-12T16:21:12.267400Z[0m [32m INFO[0m [2msilius_bundler::bundler[0m[2m:[0m Bundle successfully sent, hash: 0x37e19ad650da66fdcbea32bca198bac9569f1830fc897111ca8e9e2a5a132f02, account: 0xf39fd6e51aad88f6f4ce6ab8827279cfffb92266, entry point: 0x0000000071727de22e5e9d8baf0edac6f37da032, beneficiary: 0xf39fd6e51aad88f6f4ce6ab8827279cfffb92266
[33mbundler_1         |[0m 2024-05-12T16:21:12.564209642Z [2m2024-05-12T16:21:12.564081Z[0m [32m INFO[0m [2msilius_bundler::bundler[0m[2m:[0m Creating a new bundle with 1 user operations: [UserOperationHash(0x483dfc1f7bb27737b1f9cfe04bd7e57bbfd008405fc5b5e81f73a67e72a44b42)]
[33mbundler_1         |[0m 2024-05-12T16:21:12.644163633Z [2m2024-05-12T16:21:12.644077Z[0m [32m INFO[0m [2msilius_bundler::bundler[0m[2m:[0m Bundle successfully sent, hash: 0x9ba75f4c79e87d8f5ccdbb92e8a5c9f6cf47bb303d6bcea165dab9d9e225666e, account: 0xf39fd6e51aad88f6f4ce6ab8827279cfffb92266, entry point: 0x0000000071727de22e5e9d8baf0edac6f37da032, beneficiary: 0xf39fd6e51aad88f6f4ce6ab8827279cfffb92266
[33mbundler_1         |[0m 2024-05-12T16:21:12.788231692Z [2m2024-05-12T16:21:12.788109Z[0m [32m INFO[0m [2msilius_bundler::bundler[0m[2m:[0m Skipping creating a new bundle, no user operations
[32mdeployer_1        |[0m 2024-05-12T16:18:09.381567229Z Deploying entrypoint at 0x0000000071727De22E5E9d8BAf0edAc6f37da032
[32mdeployer_1        |[0m 2024-05-12T16:18:15.464327393Z deploying:
[35mfunder_1          |[0m 2024-05-12T16:18:08.440896488Z Error: 
[35mfunder_1          |[0m 2024-05-12T16:18:08.440973808Z error sending request for url (http://eth-node:8545/)
[35mfunder_1          |[0m 2024-05-12T16:18:08.440986151Z 
[35mfunder_1          |[0m 2024-05-12T16:18:08.440992232Z Context:
[35mfunder_1          |[0m 2024-05-12T16:18:08.440997312Z - Error #0: error sending request for url (http://eth-node:8545/)
[35mfunder_1          |[0m 2024-05-12T16:18:08.441002511Z - Error #1: client error (Connect)
[35mfunder_1          |[0m 2024-05-12T16:18:08.441007491Z - Error #2: tcp connect error: Connection refused (os error 111)
[35mfunder_1          |[0m 2024-05-12T16:18:08.441012560Z - Error #3: Connection refused (os error 111)
[35mfunder_1          |[0m 2024-05-12T16:18:08.442170685Z FATAL: unable to find a funder account: no FUND_PRIVATEKEY and no accounts[0] in node
[35mfunder_1          |[0m 2024-05-12T16:18:08.830480654Z funded: 0x43378ff8C70109Ee4Dbe85aF34428ab0615EBd23
[35mfunder_1          |[0m 2024-05-12T16:18:08.850745368Z funded: 0x43378ff8C70109Ee4Dbe85aF34428ab0615EBd23
[35mfunder_1          |[0m 2024-05-12T16:18:08.871213589Z funded: 0xf39Fd6e51aad88F6F4ce6aB8827279cffFb92266
[35mfunder_1          |[0m 2024-05-12T16:18:08.890802232Z funded: 0xf39Fd6e51aad88F6F4ce6aB8827279cffFb92266
