Attaching to runbundler_bundler-waiter_1, runbundler_bundler_1, runbundler_deployer_1, runbundler_funder_1, geth-1.10
[36mgeth-1.10           |[0m 2023-10-06T07:34:33.481553528Z WARN [10-06|07:34:33.481] You are running Geth in --dev mode. Please note the following:
[36mgeth-1.10           |[0m 2023-10-06T07:34:33.481582031Z 
[36mgeth-1.10           |[0m 2023-10-06T07:34:33.481586731Z   1. This mode is only intended for fast, iterative development without assumptions on
[36mgeth-1.10           |[0m 2023-10-06T07:34:33.481590432Z      security or persistence.
[36mgeth-1.10           |[0m 2023-10-06T07:34:33.481593832Z   2. The database is created in memory unless specified otherwise. Therefore, shutting down
[36mgeth-1.10           |[0m 2023-10-06T07:34:33.481597632Z      your computer or losing power will wipe your entire block data and chain state for
[36mgeth-1.10           |[0m 2023-10-06T07:34:33.481601033Z      your dev environment.
[36mgeth-1.10           |[0m 2023-10-06T07:34:33.481604333Z   3. A random, pre-allocated developer account will be available and unlocked as
[36mgeth-1.10           |[0m 2023-10-06T07:34:33.481607633Z      eth.coinbase, which can be used for testing. The random dev account is temporary,
[36mgeth-1.10           |[0m 2023-10-06T07:34:33.481611034Z      stored on a ramdisk, and will be lost if your machine is restarted.
[36mgeth-1.10           |[0m 2023-10-06T07:34:33.481614434Z   4. Mining is enabled by default. However, the client will only seal blocks if transactions
[36mgeth-1.10           |[0m 2023-10-06T07:34:33.481617734Z      are pending in the mempool. The miner's minimum accepted gas price is 1.
[36mgeth-1.10           |[0m 2023-10-06T07:34:33.481621134Z   5. Networking is disabled; there is no listen-address, the maximum number of peers is set
[36mgeth-1.10           |[0m 2023-10-06T07:34:33.481624535Z      to 0, and discovery is disabled.
[36mgeth-1.10           |[0m 2023-10-06T07:34:33.481627835Z  
[36mgeth-1.10           |[0m 2023-10-06T07:34:33.786125644Z WARN [10-06|07:34:33.785] Failed to load snapshot, regenerating    err="missing or corrupted snapshot"
[36mgeth-1.10           |[0m 2023-10-06T07:34:33.786553284Z WARN [10-06|07:34:33.786] Error reading unclean shutdown markers   error="not found"
[36mgeth-1.10           |[0m 2023-10-06T07:34:33.792187511Z WARN [10-06|07:34:33.786] Engine API enabled                       protocol=eth
[36mgeth-1.10           |[0m 2023-10-06T07:34:33.792204013Z WARN [10-06|07:34:33.786] Engine API started but chain not configured for merge yet 
[36mgeth-1.10           |[0m 2023-10-06T07:34:33.792208313Z ERROR[10-06|07:34:33.786] Failed to check db for legacy receipts   err="this operation is not supported"
[36mgeth-1.10           |[0m 2023-10-06T07:34:33.792212314Z WARN [10-06|07:34:33.787] P2P server will be useless, neither dialing nor listening 
[36mgeth-1.10           |[0m 2023-10-06T07:34:33.799170965Z WARN [10-06|07:34:33.799] Block sealing failed                     err="sealing paused while waiting for transactions"
[36mgeth-1.10           |[0m 2023-10-06T07:34:33.800447485Z WARN [10-06|07:34:33.800] Failed to get free disk space            path= err="failed to call Statfs: no such file or directory"
[36mgeth-1.10           |[0m 2023-10-06T07:34:33.924570006Z WARN [10-06|07:34:33.924] Block sealing failed                     err="sealing paused while waiting for transactions"
[36mgeth-1.10           |[0m 2023-10-06T07:34:33.957954031Z WARN [10-06|07:34:33.957] Block sealing failed                     err="sealing paused while waiting for transactions"
[36mgeth-1.10           |[0m 2023-10-06T07:34:33.988929731Z WARN [10-06|07:34:33.988] Block sealing failed                     err="sealing paused while waiting for transactions"
[36mgeth-1.10           |[0m 2023-10-06T07:34:34.019894030Z WARN [10-06|07:34:34.019] Block sealing failed                     err="sealing paused while waiting for transactions"
[36mgeth-1.10           |[0m 2023-10-06T07:34:34.734270614Z WARN [10-06|07:34:34.734] Block sealing failed                     err="sealing paused while waiting for transactions"
[36mgeth-1.10           |[0m 2023-10-06T07:34:34.751126492Z WARN [10-06|07:34:34.751] Block sealing failed                     err="sealing paused while waiting for transactions"
[36mgeth-1.10           |[0m 2023-10-06T07:34:34.800705134Z WARN [10-06|07:34:34.800] Block sealing failed                     err="sealing paused while waiting for transactions"
[33mbundler-waiter_1    |[0m 2023-10-06T07:34:41.646834606Z Error: 
[33mbundler-waiter_1    |[0m 2023-10-06T07:34:41.646873409Z [31merror sending request for url (http://bundler:3000/rpc): error trying to connect: tcp connect error: Connection refused (os error 111)[0m
[33mbundler-waiter_1    |[0m 2023-10-06T07:34:41.646879010Z 
[33mbundler-waiter_1    |[0m 2023-10-06T07:34:41.646882510Z Context:
[33mbundler-waiter_1    |[0m 2023-10-06T07:34:41.646955117Z - Error #0: error trying to connect: tcp connect error: Connection refused (os error 111)
[33mbundler-waiter_1    |[0m 2023-10-06T07:34:41.646988220Z - Error #1: tcp connect error: Connection refused (os error 111)
[33mbundler-waiter_1    |[0m 2023-10-06T07:34:41.646992721Z - Error #2: Connection refused (os error 111)
[33mbundler-waiter_1    |[0m 2023-10-06T07:34:42.083741476Z Error: 
[33mbundler-waiter_1    |[0m 2023-10-06T07:34:42.083819983Z [31merror sending request for url (http://bundler:3000/rpc): error trying to connect: tcp connect error: Connection refused (os error 111)[0m
[33mbundler-waiter_1    |[0m 2023-10-06T07:34:42.083827484Z 
[33mbundler-waiter_1    |[0m 2023-10-06T07:34:42.083830884Z Context:
[33mbundler-waiter_1    |[0m 2023-10-06T07:34:42.083834384Z - Error #0: error trying to connect: tcp connect error: Connection refused (os error 111)
[33mbundler-waiter_1    |[0m 2023-10-06T07:34:42.083838185Z - Error #1: tcp connect error: Connection refused (os error 111)
[33mbundler-waiter_1    |[0m 2023-10-06T07:34:42.083841785Z - Error #2: Connection refused (os error 111)
[33mbundler-waiter_1    |[0m 2023-10-06T07:34:42.591813284Z Error: 
[33mbundler-waiter_1    |[0m 2023-10-06T07:34:42.591836886Z [31merror sending request for url (http://bundler:3000/rpc): error trying to connect: tcp connect error: Connection refused (os error 111)[0m
[33mbundler-waiter_1    |[0m 2023-10-06T07:34:42.591842087Z 
[33mbundler-waiter_1    |[0m 2023-10-06T07:34:42.591845587Z Context:
[33mbundler-waiter_1    |[0m 2023-10-06T07:34:42.591929695Z - Error #0: error trying to connect: tcp connect error: Connection refused (os error 111)
[33mbundler-waiter_1    |[0m 2023-10-06T07:34:42.591948097Z - Error #1: tcp connect error: Connection refused (os error 111)
[33mbundler-waiter_1    |[0m 2023-10-06T07:34:42.591952497Z - Error #2: Connection refused (os error 111)
[33mbundler-waiter_1    |[0m 2023-10-06T07:34:43.313079379Z Error: 
[33mbundler-waiter_1    |[0m 2023-10-06T07:34:43.313147986Z [31merror sending request for url (http://bundler:3000/rpc): error trying to connect: tcp connect error: Connection refused (os error 111)[0m
[33mbundler-waiter_1    |[0m 2023-10-06T07:34:43.313155086Z 
[33mbundler-waiter_1    |[0m 2023-10-06T07:34:43.313158587Z Context:
[33mbundler-waiter_1    |[0m 2023-10-06T07:34:43.313161987Z - Error #0: error trying to connect: tcp connect error: Connection refused (os error 111)
[33mbundler-waiter_1    |[0m 2023-10-06T07:34:43.313165587Z - Error #1: tcp connect error: Connection refused (os error 111)
[33mbundler-waiter_1    |[0m 2023-10-06T07:34:43.313169288Z - Error #2: Connection refused (os error 111)
[33mbundler-waiter_1    |[0m 2023-10-06T07:34:44.560344480Z Error: 
[33mbundler-waiter_1    |[0m 2023-10-06T07:34:44.561215063Z [31merror sending request for url (http://bundler:3000/rpc): error trying to connect: tcp connect error: Connection refused (os error 111)[0m
[33mbundler-waiter_1    |[0m 2023-10-06T07:34:44.561224963Z 
[33mbundler-waiter_1    |[0m 2023-10-06T07:34:44.561281269Z Context:
[33mbundler-waiter_1    |[0m 2023-10-06T07:34:44.561812319Z - Error #0: error trying to connect: tcp connect error: Connection refused (os error 111)
[33mbundler-waiter_1    |[0m 2023-10-06T07:34:44.562243860Z - Error #1: tcp connect error: Connection refused (os error 111)
[33mbundler-waiter_1    |[0m 2023-10-06T07:34:44.562599894Z - Error #2: Connection refused (os error 111)
[33mbundler-waiter_1    |[0m 2023-10-06T07:34:46.619641243Z Error: 
[33mbundler-waiter_1    |[0m 2023-10-06T07:34:46.620605227Z [31merror sending request for url (http://bundler:3000/rpc): error trying to connect: tcp connect error: Connection refused (os error 111)[0m
[33mbundler-waiter_1    |[0m 2023-10-06T07:34:46.620616928Z 
[33mbundler-waiter_1    |[0m 2023-10-06T07:34:46.620663932Z Context:
[33mbundler-waiter_1    |[0m 2023-10-06T07:34:46.621217981Z - Error #0: error trying to connect: tcp connect error: Connection refused (os error 111)
[33mbundler-waiter_1    |[0m 2023-10-06T07:34:46.621681222Z - Error #1: tcp connect error: Connection refused (os error 111)
[33mbundler-waiter_1    |[0m 2023-10-06T07:34:46.622050354Z - Error #2: Connection refused (os error 111)
[32mbundler_1           |[0m 2023-10-06T07:34:43.431419084Z (node:1) ExperimentalWarning: The Node.js specifier resolution flag is experimental. It could change or be removed at any time.
[32mbundler_1           |[0m 2023-10-06T07:34:43.431466589Z (Use `node --trace-warnings ...` to show where the warning was created)
[32mbundler_1           |[0m 2023-10-06T07:34:46.203148161Z bigint: Failed to load bindings, pure JS will be used (try npm run rebuild?)
[32mbundler_1           |[0m 2023-10-06T07:34:46.708902362Z (node:1) ExperimentalWarning: The Node.js specifier resolution flag is experimental. It could change or be removed at any time.
[32mbundler_1           |[0m 2023-10-06T07:34:46.708921063Z (Use `node --trace-warnings ...` to show where the warning was created)
[32mbundler_1           |[0m 2023-10-06T07:34:46.867444849Z [07:34:46.685] [32mINFO[39m (1): [36m  ___                                            ___  [39m
[32mbundler_1           |[0m 2023-10-06T07:34:46.880247070Z [07:34:46.685] [32mINFO[39m (1): [36m (o o)                                          (o o) [39m
[32mbundler_1           |[0m 2023-10-06T07:34:46.880274072Z [07:34:46.685] [32mINFO[39m (1): [36m(  V  ) Skandha - A modular typescript bundler (  V  )[39m
[32mbundler_1           |[0m 2023-10-06T07:34:46.880278873Z [07:34:46.685] [32mINFO[39m (1): [36m--m-m--------------------------------------------m-m--[39m
[32mbundler_1           |[0m 2023-10-06T07:34:46.880282673Z [07:34:46.685] [32mINFO[39m (1): [36mUsing the configFile from /usr/app/config.json[39m
[32mbundler_1           |[0m 2023-10-06T07:34:46.880286474Z [07:34:46.685] [32mINFO[39m (1): [36mInitialised the dataDir at /root/.skandha/db/[39m
[32mbundler_1           |[0m 2023-10-06T07:34:46.880290074Z [07:34:46.685] [32mINFO[39m (1): [36m----- Running in STANDALONE MODE -----[39m
[32mbundler_1           |[0m 2023-10-06T07:34:46.880293774Z [07:34:46.686] [34mDEBUG[39m (1): [36mConfig file not found. Proceeding with env vars...[39m
[32mbundler_1           |[0m 2023-10-06T07:34:46.880297274Z [07:34:46.771] [32mINFO[39m (1): [36mdev: set to manual bundling mode[39m
[32mbundler_1           |[0m 2023-10-06T07:34:46.880300875Z [07:34:46.773] [32mINFO[39m (1): [36mSetup route for dev: /rpc/[39m
[32mbundler_1           |[0m 2023-10-06T07:34:46.880304675Z [07:34:46.778] [32mINFO[39m (1): [36mServer listening at http://0.0.0.0:3000[39m
[34mfunder_1            |[0m 2023-10-06T07:34:33.926527189Z funded: 0x43378ff8C70109Ee4Dbe85aF34428ab0615EBd23
[34mfunder_1            |[0m 2023-10-06T07:34:33.959965520Z funded: 0x43378ff8C70109Ee4Dbe85aF34428ab0615EBd23
[34mfunder_1            |[0m 2023-10-06T07:34:33.990918418Z funded: 0xf39Fd6e51aad88F6F4ce6aB8827279cffFb92266
[34mfunder_1            |[0m 2023-10-06T07:34:34.021452276Z funded: 0xf39Fd6e51aad88F6F4ce6aB8827279cffFb92266
[35mdeployer_1          |[0m 2023-10-06T07:34:34.645671719Z Deploying entrypoint at 0x5FF137D4b0FDCD49DcA30c7CF57E578a026d2789
[35mdeployer_1          |[0m 2023-10-06T07:34:34.766538835Z deploying:
