Attaching to runbundler_bundler-waiter_1, runbundler_bundler_1, runbundler_deployer_1, runbundler_funder_1, geth-1.10
[36mgeth-1.10           |[0m 2023-10-05T23:52:29.220878755Z WARN [10-05|23:52:29.220] You are running Geth in --dev mode. Please note the following:
[36mgeth-1.10           |[0m 2023-10-05T23:52:29.220922655Z 
[36mgeth-1.10           |[0m 2023-10-05T23:52:29.220926555Z   1. This mode is only intended for fast, iterative development without assumptions on
[36mgeth-1.10           |[0m 2023-10-05T23:52:29.220929656Z      security or persistence.
[36mgeth-1.10           |[0m 2023-10-05T23:52:29.220932556Z   2. The database is created in memory unless specified otherwise. Therefore, shutting down
[36mgeth-1.10           |[0m 2023-10-05T23:52:29.220935556Z      your computer or losing power will wipe your entire block data and chain state for
[36mgeth-1.10           |[0m 2023-10-05T23:52:29.220938456Z      your dev environment.
[36mgeth-1.10           |[0m 2023-10-05T23:52:29.220941256Z   3. A random, pre-allocated developer account will be available and unlocked as
[36mgeth-1.10           |[0m 2023-10-05T23:52:29.220944256Z      eth.coinbase, which can be used for testing. The random dev account is temporary,
[36mgeth-1.10           |[0m 2023-10-05T23:52:29.220947156Z      stored on a ramdisk, and will be lost if your machine is restarted.
[36mgeth-1.10           |[0m 2023-10-05T23:52:29.220950056Z   4. Mining is enabled by default. However, the client will only seal blocks if transactions
[36mgeth-1.10           |[0m 2023-10-05T23:52:29.220953056Z      are pending in the mempool. The miner's minimum accepted gas price is 1.
[36mgeth-1.10           |[0m 2023-10-05T23:52:29.220955956Z   5. Networking is disabled; there is no listen-address, the maximum number of peers is set
[36mgeth-1.10           |[0m 2023-10-05T23:52:29.220960656Z      to 0, and discovery is disabled.
[36mgeth-1.10           |[0m 2023-10-05T23:52:29.220963556Z  
[36mgeth-1.10           |[0m 2023-10-05T23:52:29.502919984Z WARN [10-05|23:52:29.501] Failed to load snapshot, regenerating    err="missing or corrupted snapshot"
[36mgeth-1.10           |[0m 2023-10-05T23:52:29.502943985Z WARN [10-05|23:52:29.502] Error reading unclean shutdown markers   error="not found"
[36mgeth-1.10           |[0m 2023-10-05T23:52:29.502948185Z WARN [10-05|23:52:29.502] Engine API enabled                       protocol=eth
[36mgeth-1.10           |[0m 2023-10-05T23:52:29.502952885Z WARN [10-05|23:52:29.502] Engine API started but chain not configured for merge yet 
[36mgeth-1.10           |[0m 2023-10-05T23:52:29.502965785Z ERROR[10-05|23:52:29.502] Failed to check db for legacy receipts   err="this operation is not supported"
[36mgeth-1.10           |[0m 2023-10-05T23:52:29.502969585Z WARN [10-05|23:52:29.502] P2P server will be useless, neither dialing nor listening 
[36mgeth-1.10           |[0m 2023-10-05T23:52:29.509430814Z WARN [10-05|23:52:29.509] Block sealing failed                     err="sealing paused while waiting for transactions"
[36mgeth-1.10           |[0m 2023-10-05T23:52:29.509772121Z WARN [10-05|23:52:29.509] Failed to get free disk space            path= err="failed to call Statfs: no such file or directory"
[36mgeth-1.10           |[0m 2023-10-05T23:52:29.671454648Z WARN [10-05|23:52:29.671] Block sealing failed                     err="sealing paused while waiting for transactions"
[36mgeth-1.10           |[0m 2023-10-05T23:52:29.696365145Z WARN [10-05|23:52:29.696] Block sealing failed                     err="sealing paused while waiting for transactions"
[36mgeth-1.10           |[0m 2023-10-05T23:52:29.723851494Z WARN [10-05|23:52:29.723] Block sealing failed                     err="sealing paused while waiting for transactions"
[36mgeth-1.10           |[0m 2023-10-05T23:52:29.748611888Z WARN [10-05|23:52:29.748] Block sealing failed                     err="sealing paused while waiting for transactions"
[36mgeth-1.10           |[0m 2023-10-05T23:52:30.334207877Z WARN [10-05|23:52:30.334] Block sealing failed                     err="sealing paused while waiting for transactions"
[36mgeth-1.10           |[0m 2023-10-05T23:52:30.348049153Z WARN [10-05|23:52:30.347] Block sealing failed                     err="sealing paused while waiting for transactions"
[36mgeth-1.10           |[0m 2023-10-05T23:52:30.392971250Z WARN [10-05|23:52:30.392] Block sealing failed                     err="sealing paused while waiting for transactions"
[36mgeth-1.10           |[0m 2023-10-05T23:52:38.757240175Z WARN [10-05|23:52:38.750] Served eth_call                          conn=172.18.0.3:53748 reqid=56 duration="449.409µs" err="execution reverted"              errdata=0x220266b600000000000000000000000000000000000000000000000000000000000000000000000000000000000000000000000000000000000000000000000000000040000000000000000000000000000000000000000000000000000000000000001b4141313320696e6974436f6465206661696c6564206f72204f4f470000000000
[33mbundler-waiter_1    |[0m 2023-10-05T23:52:37.242008335Z Error: 
[33mbundler-waiter_1    |[0m 2023-10-05T23:52:37.242222839Z [31merror sending request for url (http://bundler:3000/rpc): error trying to connect: tcp connect error: Connection refused (os error 111)[0m
[33mbundler-waiter_1    |[0m 2023-10-05T23:52:37.242229839Z 
[33mbundler-waiter_1    |[0m 2023-10-05T23:52:37.242237139Z Context:
[33mbundler-waiter_1    |[0m 2023-10-05T23:52:37.242356342Z - Error #0: error trying to connect: tcp connect error: Connection refused (os error 111)
[33mbundler-waiter_1    |[0m 2023-10-05T23:52:37.242363542Z - Error #1: tcp connect error: Connection refused (os error 111)
[33mbundler-waiter_1    |[0m 2023-10-05T23:52:37.242366742Z - Error #2: Connection refused (os error 111)
[33mbundler-waiter_1    |[0m 2023-10-05T23:52:37.725194105Z Error: 
[33mbundler-waiter_1    |[0m 2023-10-05T23:52:37.725924720Z [31merror sending request for url (http://bundler:3000/rpc): error trying to connect: tcp connect error: Connection refused (os error 111)[0m
[33mbundler-waiter_1    |[0m 2023-10-05T23:52:37.725933320Z 
[33mbundler-waiter_1    |[0m 2023-10-05T23:52:37.725981821Z Context:
[33mbundler-waiter_1    |[0m 2023-10-05T23:52:37.726444331Z - Error #0: error trying to connect: tcp connect error: Connection refused (os error 111)
[33mbundler-waiter_1    |[0m 2023-10-05T23:52:37.726818338Z - Error #1: tcp connect error: Connection refused (os error 111)
[33mbundler-waiter_1    |[0m 2023-10-05T23:52:37.727117844Z - Error #2: Connection refused (os error 111)
[33mbundler-waiter_1    |[0m 2023-10-05T23:52:38.299345615Z Error: 
[33mbundler-waiter_1    |[0m 2023-10-05T23:52:38.299366716Z [31merror sending request for url (http://bundler:3000/rpc): error trying to connect: tcp connect error: Connection refused (os error 111)[0m
[33mbundler-waiter_1    |[0m 2023-10-05T23:52:38.299371616Z 
[33mbundler-waiter_1    |[0m 2023-10-05T23:52:38.299374616Z Context:
[33mbundler-waiter_1    |[0m 2023-10-05T23:52:38.299443217Z - Error #0: error trying to connect: tcp connect error: Connection refused (os error 111)
[33mbundler-waiter_1    |[0m 2023-10-05T23:52:38.299449018Z - Error #1: tcp connect error: Connection refused (os error 111)
[33mbundler-waiter_1    |[0m 2023-10-05T23:52:38.299452118Z - Error #2: Connection refused (os error 111)
[33mbundler-waiter_1    |[0m 2023-10-05T23:52:39.026334816Z "0x539"
[35mdeployer_1          |[0m 2023-10-05T23:52:30.262320642Z Deploying entrypoint at 0x5FF137D4b0FDCD49DcA30c7CF57E578a026d2789
[35mdeployer_1          |[0m 2023-10-05T23:52:30.362681245Z deploying:
[32mbundler_1           |[0m 2023-10-05T23:52:37.469188628Z command-line arguments:  {
[32mbundler_1           |[0m 2023-10-05T23:52:37.469228529Z   config: 'workdir/bundler.config.json',
[32mbundler_1           |[0m 2023-10-05T23:52:37.469232729Z   auto: false,
[32mbundler_1           |[0m 2023-10-05T23:52:37.469235729Z   network: 'http://eth-node:8545'
[32mbundler_1           |[0m 2023-10-05T23:52:37.469238629Z }
[32mbundler_1           |[0m 2023-10-05T23:52:37.469242230Z Merged configuration: {"port":"3000","entryPoint":"0x5FF137D4b0FDCD49DcA30c7CF57E578a026d2789","unsafe":false,"conditionalRpc":false,"minStake":"1","minUnstakeDelay":0,"gasFactor":"1","beneficiary":"0xf39Fd6e51aad88F6F4ce6aB8827279cffFb92266","minBalance":"1","mnemonic":"./workdir/mnemonic.txt","maxBundleGas":5000000,"autoBundleInterval":3,"autoBundleMempoolSize":10,"network":"http://eth-node:8545"}
[32mbundler_1           |[0m 2023-10-05T23:52:37.469364932Z url= http://eth-node:8545
[32mbundler_1           |[0m 2023-10-05T23:52:38.690046316Z url= http://eth-node:8545
[32mbundler_1           |[0m 2023-10-05T23:52:38.768094894Z signer 0xf39Fd6e51aad88F6F4ce6aB8827279cffFb92266 balance 20.0
[32mbundler_1           |[0m 2023-10-05T23:52:38.768483102Z Bundle interval (seconds) 3
[32mbundler_1           |[0m 2023-10-05T23:52:38.771789669Z connected to network { name: 'unknown', chainId: 1337 }
[32mbundler_1           |[0m 2023-10-05T23:52:38.771804369Z running on http://localhost:3000/rpc
[32mbundler_1           |[0m 2023-10-05T23:52:39.024244074Z sent eth_chainId - 0x539
[32mbundler_1           |[0m 2023-10-05T23:52:42.999199031Z sent eth_supportedEntryPoints - [ '0x5FF137D4b0FDCD49DcA30c7CF57E578a026d2789' ]
[34mfunder_1            |[0m 2023-10-05T23:52:29.673399287Z funded: 0x43378ff8C70109Ee4Dbe85aF34428ab0615EBd23
[34mfunder_1            |[0m 2023-10-05T23:52:29.698163581Z funded: 0x43378ff8C70109Ee4Dbe85aF34428ab0615EBd23
[34mfunder_1            |[0m 2023-10-05T23:52:29.725297023Z funded: 0xf39Fd6e51aad88F6F4ce6aB8827279cffFb92266
[34mfunder_1            |[0m 2023-10-05T23:52:29.750687430Z funded: 0xf39Fd6e51aad88F6F4ce6aB8827279cffFb92266
