Attaching to runbundler_bundler-waiter_1, runbundler_bundler_1, runbundler_deployer_1, runbundler_funder_1, geth-1.10
[36mgeth-1.10           |[0m 2023-10-05T23:52:48.074749692Z WARN [10-05|23:52:48.074] You are running Geth in --dev mode. Please note the following:
[36mgeth-1.10           |[0m 2023-10-05T23:52:48.074777992Z 
[36mgeth-1.10           |[0m 2023-10-05T23:52:48.074782392Z   1. This mode is only intended for fast, iterative development without assumptions on
[36mgeth-1.10           |[0m 2023-10-05T23:52:48.074785492Z      security or persistence.
[36mgeth-1.10           |[0m 2023-10-05T23:52:48.074788393Z   2. The database is created in memory unless specified otherwise. Therefore, shutting down
[36mgeth-1.10           |[0m 2023-10-05T23:52:48.074791393Z      your computer or losing power will wipe your entire block data and chain state for
[36mgeth-1.10           |[0m 2023-10-05T23:52:48.074794293Z      your dev environment.
[36mgeth-1.10           |[0m 2023-10-05T23:52:48.074797093Z   3. A random, pre-allocated developer account will be available and unlocked as
[36mgeth-1.10           |[0m 2023-10-05T23:52:48.074799993Z      eth.coinbase, which can be used for testing. The random dev account is temporary,
[36mgeth-1.10           |[0m 2023-10-05T23:52:48.074802993Z      stored on a ramdisk, and will be lost if your machine is restarted.
[36mgeth-1.10           |[0m 2023-10-05T23:52:48.074805793Z   4. Mining is enabled by default. However, the client will only seal blocks if transactions
[36mgeth-1.10           |[0m 2023-10-05T23:52:48.074808793Z      are pending in the mempool. The miner's minimum accepted gas price is 1.
[36mgeth-1.10           |[0m 2023-10-05T23:52:48.074811593Z   5. Networking is disabled; there is no listen-address, the maximum number of peers is set
[36mgeth-1.10           |[0m 2023-10-05T23:52:48.074814693Z      to 0, and discovery is disabled.
[36mgeth-1.10           |[0m 2023-10-05T23:52:48.074817493Z  
[36mgeth-1.10           |[0m 2023-10-05T23:52:48.354298902Z WARN [10-05|23:52:48.353] Failed to load snapshot, regenerating    err="missing or corrupted snapshot"
[36mgeth-1.10           |[0m 2023-10-05T23:52:48.356167738Z WARN [10-05|23:52:48.354] Error reading unclean shutdown markers   error="not found"
[36mgeth-1.10           |[0m 2023-10-05T23:52:48.356191939Z WARN [10-05|23:52:48.354] Engine API enabled                       protocol=eth
[36mgeth-1.10           |[0m 2023-10-05T23:52:48.356196139Z WARN [10-05|23:52:48.355] Engine API started but chain not configured for merge yet 
[36mgeth-1.10           |[0m 2023-10-05T23:52:48.356199339Z ERROR[10-05|23:52:48.355] Failed to check db for legacy receipts   err="this operation is not supported"
[36mgeth-1.10           |[0m 2023-10-05T23:52:48.356202539Z WARN [10-05|23:52:48.355] P2P server will be useless, neither dialing nor listening 
[36mgeth-1.10           |[0m 2023-10-05T23:52:48.361210636Z WARN [10-05|23:52:48.361] Block sealing failed                     err="sealing paused while waiting for transactions"
[36mgeth-1.10           |[0m 2023-10-05T23:52:48.361958250Z WARN [10-05|23:52:48.361] Failed to get free disk space            path= err="failed to call Statfs: no such file or directory"
[36mgeth-1.10           |[0m 2023-10-05T23:52:48.495768040Z WARN [10-05|23:52:48.495] Block sealing failed                     err="sealing paused while waiting for transactions"
[36mgeth-1.10           |[0m 2023-10-05T23:52:48.521191832Z WARN [10-05|23:52:48.521] Block sealing failed                     err="sealing paused while waiting for transactions"
[36mgeth-1.10           |[0m 2023-10-05T23:52:48.552745343Z WARN [10-05|23:52:48.552] Block sealing failed                     err="sealing paused while waiting for transactions"
[36mgeth-1.10           |[0m 2023-10-05T23:52:48.579013351Z WARN [10-05|23:52:48.578] Block sealing failed                     err="sealing paused while waiting for transactions"
[36mgeth-1.10           |[0m 2023-10-05T23:52:49.166994431Z WARN [10-05|23:52:49.166] Block sealing failed                     err="sealing paused while waiting for transactions"
[36mgeth-1.10           |[0m 2023-10-05T23:52:55.183582275Z WARN [10-05|23:52:55.183] Block sealing failed                     err="sealing paused while waiting for transactions"
[36mgeth-1.10           |[0m 2023-10-05T23:52:55.230003974Z WARN [10-05|23:52:55.229] Block sealing failed                     err="sealing paused while waiting for transactions"
[33mbundler-waiter_1    |[0m 2023-10-05T23:52:55.980668820Z Error: 
[33mbundler-waiter_1    |[0m 2023-10-05T23:52:55.980702821Z [31merror sending request for url (http://bundler:3000/rpc): error trying to connect: tcp connect error: Connection refused (os error 111)[0m
[33mbundler-waiter_1    |[0m 2023-10-05T23:52:55.980707721Z 
[33mbundler-waiter_1    |[0m 2023-10-05T23:52:55.980710621Z Context:
[33mbundler-waiter_1    |[0m 2023-10-05T23:52:55.980713821Z - Error #0: error trying to connect: tcp connect error: Connection refused (os error 111)
[33mbundler-waiter_1    |[0m 2023-10-05T23:52:55.980768122Z - Error #1: tcp connect error: Connection refused (os error 111)
[33mbundler-waiter_1    |[0m 2023-10-05T23:52:55.980774122Z - Error #2: Connection refused (os error 111)
[33mbundler-waiter_1    |[0m 2023-10-05T23:52:56.365034379Z Error: 
[33mbundler-waiter_1    |[0m 2023-10-05T23:52:56.365055679Z [31merror sending request for url (http://bundler:3000/rpc): error trying to connect: tcp connect error: Connection refused (os error 111)[0m
[33mbundler-waiter_1    |[0m 2023-10-05T23:52:56.365060079Z 
[33mbundler-waiter_1    |[0m 2023-10-05T23:52:56.365063179Z Context:
[33mbundler-waiter_1    |[0m 2023-10-05T23:52:56.365120981Z - Error #0: error trying to connect: tcp connect error: Connection refused (os error 111)
[33mbundler-waiter_1    |[0m 2023-10-05T23:52:56.365203282Z - Error #1: tcp connect error: Connection refused (os error 111)
[33mbundler-waiter_1    |[0m 2023-10-05T23:52:56.365208382Z - Error #2: Connection refused (os error 111)
[33mbundler-waiter_1    |[0m 2023-10-05T23:52:56.832439649Z "0x539"
[32mbundler_1           |[0m 2023-10-05T23:52:55.681938524Z [2m2023-10-05T23:52:55.681845Z[0m [32m INFO[0m [2msilius::bundler[0m[2m:[0m Starting uopool gRPC service...
[32mbundler_1           |[0m 2023-10-05T23:52:55.687014822Z [2m2023-10-05T23:52:55.685925Z[0m [32m INFO[0m [2msilius::bundler[0m[2m:[0m UoPool component connected to Ethereum execution client with version Geth/v1.10.26-stable-e5eb32ac/linux-amd64/go1.18.8
[32mbundler_1           |[0m 2023-10-05T23:52:56.689196369Z [2m2023-10-05T23:52:56.689026Z[0m [32m INFO[0m [2msilius::bundler[0m[2m:[0m Started uopool gRPC service at 127.0.0.1:3002
[32mbundler_1           |[0m 2023-10-05T23:52:56.689225770Z [2m2023-10-05T23:52:56.689057Z[0m [32m INFO[0m [2msilius::bundler[0m[2m:[0m Starting bundling gRPC service...
[32mbundler_1           |[0m 2023-10-05T23:52:56.696035102Z [2m2023-10-05T23:52:56.690147Z[0m [32m INFO[0m [2msilius::bundler[0m[2m:[0m Bundling component connected to Ethereum execution client with version Geth/v1.10.26-stable-e5eb32ac/linux-amd64/go1.18.8
[32mbundler_1           |[0m 2023-10-05T23:52:56.696057402Z [2m2023-10-05T23:52:56.692813Z[0m [32m INFO[0m [2msilius::bundler[0m[2m:[0m Wallet { address: 0xf39fd6e51aad88f6f4ce6ab8827279cfffb92266, chain_Id: 1337 }
[32mbundler_1           |[0m 2023-10-05T23:52:56.696061602Z [2m2023-10-05T23:52:56.692823Z[0m [32m INFO[0m [2msilius::bundler[0m[2m:[0m Connecting to uopool gRPC service...
[32mbundler_1           |[0m 2023-10-05T23:52:56.696065203Z [2m2023-10-05T23:52:56.693305Z[0m [32m INFO[0m [2msilius::bundler[0m[2m:[0m Connected to uopool gRPC service
[32mbundler_1           |[0m 2023-10-05T23:52:56.696068503Z [2m2023-10-05T23:52:56.693327Z[0m [32m INFO[0m [2msilius_grpc::bundler[0m[2m:[0m Starting auto bundling
[32mbundler_1           |[0m 2023-10-05T23:52:56.696072003Z [2m2023-10-05T23:52:56.693347Z[0m [32m INFO[0m [2msilius::bundler[0m[2m:[0m Started bundler gRPC service at 127.0.0.1:3003
[32mbundler_1           |[0m 2023-10-05T23:52:56.696075303Z [2m2023-10-05T23:52:56.693354Z[0m [32m INFO[0m [2msilius::bundler[0m[2m:[0m Starting bundler JSON-RPC server...
[32mbundler_1           |[0m 2023-10-05T23:52:56.696078703Z [2m2023-10-05T23:52:56.693386Z[0m [32m INFO[0m [2msilius::bundler[0m[2m:[0m Connecting to uopool gRPC service...
[32mbundler_1           |[0m 2023-10-05T23:52:56.696081903Z [2m2023-10-05T23:52:56.693746Z[0m [32m INFO[0m [2msilius::bundler[0m[2m:[0m Connected to uopool gRPC service...
[32mbundler_1           |[0m 2023-10-05T23:52:56.696085403Z [2m2023-10-05T23:52:56.693765Z[0m [32m INFO[0m [2msilius::bundler[0m[2m:[0m Connecting to bundling gRPC service...
[32mbundler_1           |[0m 2023-10-05T23:52:56.696088603Z [2m2023-10-05T23:52:56.694635Z[0m [32m INFO[0m [2msilius_bundler::bundler[0m[2m:[0m Skipping creating a new bundle, no user operations
[32mbundler_1           |[0m 2023-10-05T23:52:56.696092003Z [2m2023-10-05T23:52:56.695831Z[0m [32m INFO[0m [2msilius::bundler[0m[2m:[0m Connected to bundling gRPC service...
[32mbundler_1           |[0m 2023-10-05T23:52:56.696095303Z [2m2023-10-05T23:52:56.695927Z[0m [32m INFO[0m [2msilius::bundler[0m[2m:[0m Started bundler JSON-RPC server with http: 0.0.0.0:3000, ws: 127.0.0.1:3001
[35mdeployer_1          |[0m 2023-10-05T23:52:49.091039361Z Deploying entrypoint at 0x5FF137D4b0FDCD49DcA30c7CF57E578a026d2789
[35mdeployer_1          |[0m 2023-10-05T23:52:55.200532503Z deploying:
[34mfunder_1            |[0m 2023-10-05T23:52:48.497713178Z funded: 0x43378ff8C70109Ee4Dbe85aF34428ab0615EBd23
[34mfunder_1            |[0m 2023-10-05T23:52:48.523089969Z funded: 0x43378ff8C70109Ee4Dbe85aF34428ab0615EBd23
[34mfunder_1            |[0m 2023-10-05T23:52:48.554943785Z funded: 0xf39Fd6e51aad88F6F4ce6aB8827279cffFb92266
[34mfunder_1            |[0m 2023-10-05T23:52:48.580606582Z funded: 0xf39Fd6e51aad88F6F4ce6aB8827279cffFb92266
