Attaching to runbundler_bundler-waiter_1, runbundler_bundler_1, runbundler_deployer_1, runbundler_funder_1, geth-1.10
[36mgeth-1.10           |[0m 2023-10-05T23:53:13.024534934Z WARN [10-05|23:53:13.024] You are running Geth in --dev mode. Please note the following:
[36mgeth-1.10           |[0m 2023-10-05T23:53:13.024582836Z 
[36mgeth-1.10           |[0m 2023-10-05T23:53:13.024588236Z   1. This mode is only intended for fast, iterative development without assumptions on
[36mgeth-1.10           |[0m 2023-10-05T23:53:13.024591536Z      security or persistence.
[36mgeth-1.10           |[0m 2023-10-05T23:53:13.024594536Z   2. The database is created in memory unless specified otherwise. Therefore, shutting down
[36mgeth-1.10           |[0m 2023-10-05T23:53:13.024597836Z      your computer or losing power will wipe your entire block data and chain state for
[36mgeth-1.10           |[0m 2023-10-05T23:53:13.024600837Z      your dev environment.
[36mgeth-1.10           |[0m 2023-10-05T23:53:13.024603737Z   3. A random, pre-allocated developer account will be available and unlocked as
[36mgeth-1.10           |[0m 2023-10-05T23:53:13.024606737Z      eth.coinbase, which can be used for testing. The random dev account is temporary,
[36mgeth-1.10           |[0m 2023-10-05T23:53:13.024609737Z      stored on a ramdisk, and will be lost if your machine is restarted.
[36mgeth-1.10           |[0m 2023-10-05T23:53:13.024612737Z   4. Mining is enabled by default. However, the client will only seal blocks if transactions
[36mgeth-1.10           |[0m 2023-10-05T23:53:13.024615737Z      are pending in the mempool. The miner's minimum accepted gas price is 1.
[36mgeth-1.10           |[0m 2023-10-05T23:53:13.024618837Z   5. Networking is disabled; there is no listen-address, the maximum number of peers is set
[36mgeth-1.10           |[0m 2023-10-05T23:53:13.024621837Z      to 0, and discovery is disabled.
[36mgeth-1.10           |[0m 2023-10-05T23:53:13.024624837Z  
[36mgeth-1.10           |[0m 2023-10-05T23:53:13.305002121Z WARN [10-05|23:53:13.304] Failed to load snapshot, regenerating    err="missing or corrupted snapshot"
[36mgeth-1.10           |[0m 2023-10-05T23:53:13.306163261Z WARN [10-05|23:53:13.305] Error reading unclean shutdown markers   error="not found"
[36mgeth-1.10           |[0m 2023-10-05T23:53:13.306176862Z WARN [10-05|23:53:13.305] Engine API enabled                       protocol=eth
[36mgeth-1.10           |[0m 2023-10-05T23:53:13.306183762Z WARN [10-05|23:53:13.305] Engine API started but chain not configured for merge yet 
[36mgeth-1.10           |[0m 2023-10-05T23:53:13.306186862Z ERROR[10-05|23:53:13.306] Failed to check db for legacy receipts   err="this operation is not supported"
[36mgeth-1.10           |[0m 2023-10-05T23:53:13.306337468Z WARN [10-05|23:53:13.306] P2P server will be useless, neither dialing nor listening 
[36mgeth-1.10           |[0m 2023-10-05T23:53:13.312216775Z WARN [10-05|23:53:13.312] Block sealing failed                     err="sealing paused while waiting for transactions"
[36mgeth-1.10           |[0m 2023-10-05T23:53:13.313463119Z WARN [10-05|23:53:13.313] Failed to get free disk space            path= err="failed to call Statfs: no such file or directory"
[36mgeth-1.10           |[0m 2023-10-05T23:53:13.417344781Z WARN [10-05|23:53:13.417] Block sealing failed                     err="sealing paused while waiting for transactions"
[36mgeth-1.10           |[0m 2023-10-05T23:53:13.442296160Z WARN [10-05|23:53:13.442] Block sealing failed                     err="sealing paused while waiting for transactions"
[36mgeth-1.10           |[0m 2023-10-05T23:53:13.470177143Z WARN [10-05|23:53:13.470] Block sealing failed                     err="sealing paused while waiting for transactions"
[36mgeth-1.10           |[0m 2023-10-05T23:53:13.495621540Z WARN [10-05|23:53:13.495] Block sealing failed                     err="sealing paused while waiting for transactions"
[36mgeth-1.10           |[0m 2023-10-05T23:53:14.074057529Z WARN [10-05|23:53:14.073] Block sealing failed                     err="sealing paused while waiting for transactions"
[36mgeth-1.10           |[0m 2023-10-05T23:53:14.088121525Z WARN [10-05|23:53:14.088] Block sealing failed                     err="sealing paused while waiting for transactions"
[36mgeth-1.10           |[0m 2023-10-05T23:53:14.132693096Z WARN [10-05|23:53:14.132] Block sealing failed                     err="sealing paused while waiting for transactions"
[33mbundler-waiter_1    |[0m 2023-10-05T23:53:20.912690004Z Error: 
[33mbundler-waiter_1    |[0m 2023-10-05T23:53:20.912728805Z [31merror sending request for url (http://bundler:3000/rpc): error trying to connect: tcp connect error: Connection refused (os error 111)[0m
[33mbundler-waiter_1    |[0m 2023-10-05T23:53:20.912734005Z 
[33mbundler-waiter_1    |[0m 2023-10-05T23:53:20.912736905Z Context:
[33mbundler-waiter_1    |[0m 2023-10-05T23:53:20.912740005Z - Error #0: error trying to connect: tcp connect error: Connection refused (os error 111)
[33mbundler-waiter_1    |[0m 2023-10-05T23:53:20.912743305Z - Error #1: tcp connect error: Connection refused (os error 111)
[33mbundler-waiter_1    |[0m 2023-10-05T23:53:20.912746205Z - Error #2: Connection refused (os error 111)
[33mbundler-waiter_1    |[0m 2023-10-05T23:53:21.377279383Z Error: 
[33mbundler-waiter_1    |[0m 2023-10-05T23:53:21.377330584Z [31merror sending request for url (http://bundler:3000/rpc): error trying to connect: tcp connect error: Connection refused (os error 111)[0m
[33mbundler-waiter_1    |[0m 2023-10-05T23:53:21.377336384Z 
[33mbundler-waiter_1    |[0m 2023-10-05T23:53:21.377339584Z Context:
[33mbundler-waiter_1    |[0m 2023-10-05T23:53:21.377342784Z - Error #0: error trying to connect: tcp connect error: Connection refused (os error 111)
[33mbundler-waiter_1    |[0m 2023-10-05T23:53:21.377346184Z - Error #1: tcp connect error: Connection refused (os error 111)
[33mbundler-waiter_1    |[0m 2023-10-05T23:53:21.377349484Z - Error #2: Connection refused (os error 111)
[33mbundler-waiter_1    |[0m 2023-10-05T23:53:22.024839377Z Error: 
[33mbundler-waiter_1    |[0m 2023-10-05T23:53:22.025640393Z [31merror sending request for url (http://bundler:3000/rpc): error trying to connect: tcp connect error: Connection refused (os error 111)[0m
[33mbundler-waiter_1    |[0m 2023-10-05T23:53:22.025656593Z 
[33mbundler-waiter_1    |[0m 2023-10-05T23:53:22.025703294Z Context:
[33mbundler-waiter_1    |[0m 2023-10-05T23:53:22.026181303Z - Error #0: error trying to connect: tcp connect error: Connection refused (os error 111)
[33mbundler-waiter_1    |[0m 2023-10-05T23:53:22.026580511Z - Error #1: tcp connect error: Connection refused (os error 111)
[33mbundler-waiter_1    |[0m 2023-10-05T23:53:22.026899118Z - Error #2: Connection refused (os error 111)
[33mbundler-waiter_1    |[0m 2023-10-05T23:53:23.014842236Z Error: 
[33mbundler-waiter_1    |[0m 2023-10-05T23:53:23.014871837Z [31merror sending request for url (http://bundler:3000/rpc): error trying to connect: tcp connect error: Connection refused (os error 111)[0m
[33mbundler-waiter_1    |[0m 2023-10-05T23:53:23.014876337Z 
[33mbundler-waiter_1    |[0m 2023-10-05T23:53:23.014880037Z Context:
[33mbundler-waiter_1    |[0m 2023-10-05T23:53:23.014882937Z - Error #0: error trying to connect: tcp connect error: Connection refused (os error 111)
[33mbundler-waiter_1    |[0m 2023-10-05T23:53:23.014886137Z - Error #1: tcp connect error: Connection refused (os error 111)
[33mbundler-waiter_1    |[0m 2023-10-05T23:53:23.014889137Z - Error #2: Connection refused (os error 111)
[33mbundler-waiter_1    |[0m 2023-10-05T23:53:24.260549848Z "0x539"
[32mbundler_1           |[0m 2023-10-05T23:53:20.801266803Z (node:1) ExperimentalWarning: The Node.js specifier resolution flag is experimental. It could change or be removed at any time.
[32mbundler_1           |[0m 2023-10-05T23:53:20.801304604Z (Use `node --trace-warnings ...` to show where the warning was created)
[32mbundler_1           |[0m 2023-10-05T23:53:23.656964123Z bigint: Failed to load bindings, pure JS will be used (try npm run rebuild?)
[32mbundler_1           |[0m 2023-10-05T23:53:24.109110956Z (node:1) ExperimentalWarning: The Node.js specifier resolution flag is experimental. It could change or be removed at any time.
[32mbundler_1           |[0m 2023-10-05T23:53:24.109140656Z (Use `node --trace-warnings ...` to show where the warning was created)
[32mbundler_1           |[0m 2023-10-05T23:53:24.225080447Z [23:53:24.083] [32mINFO[39m (1): [36m  ___                                            ___  [39m
[32mbundler_1           |[0m 2023-10-05T23:53:24.245081142Z [23:53:24.083] [32mINFO[39m (1): [36m (o o)                                          (o o) [39m
[32mbundler_1           |[0m 2023-10-05T23:53:24.245103542Z [23:53:24.083] [32mINFO[39m (1): [36m(  V  ) Skandha - A modular typescript bundler (  V  )[39m
[32mbundler_1           |[0m 2023-10-05T23:53:24.245107342Z [23:53:24.083] [32mINFO[39m (1): [36m--m-m--------------------------------------------m-m--[39m
[32mbundler_1           |[0m 2023-10-05T23:53:24.245110643Z [23:53:24.083] [32mINFO[39m (1): [36mUsing the configFile from /usr/app/config.json[39m
[32mbundler_1           |[0m 2023-10-05T23:53:24.245113943Z [23:53:24.083] [32mINFO[39m (1): [36mInitialised the dataDir at /root/.skandha/db/[39m
[32mbundler_1           |[0m 2023-10-05T23:53:24.245117043Z [23:53:24.083] [32mINFO[39m (1): [36m----- Running in STANDALONE MODE -----[39m
[32mbundler_1           |[0m 2023-10-05T23:53:24.245120043Z [23:53:24.083] [34mDEBUG[39m (1): [36mConfig file not found. Proceeding with env vars...[39m
[32mbundler_1           |[0m 2023-10-05T23:53:24.245123143Z [23:53:24.162] [32mINFO[39m (1): [36mdev: set to manual bundling mode[39m
[32mbundler_1           |[0m 2023-10-05T23:53:24.245126643Z [23:53:24.163] [32mINFO[39m (1): [36mSetup route for dev: /rpc/[39m
[32mbundler_1           |[0m 2023-10-05T23:53:24.245129743Z [23:53:24.168] [32mINFO[39m (1): [36mServer listening at http://0.0.0.0:3000[39m
[32mbundler_1           |[0m 2023-10-05T23:53:24.267573086Z [23:53:24.246] [32mINFO[39m (1): [36mREQUEST ::[39m
[32mbundler_1           |[0m 2023-10-05T23:53:24.267590587Z     reqId: "req-1"
[32mbundler_1           |[0m 2023-10-05T23:53:24.267593987Z     method: "POST"
[32mbundler_1           |[0m 2023-10-05T23:53:24.267597187Z     url: "/rpc"
[32mbundler_1           |[0m 2023-10-05T23:53:24.267600187Z     body: {
[32mbundler_1           |[0m 2023-10-05T23:53:24.267611687Z       "id": 1,
[32mbundler_1           |[0m 2023-10-05T23:53:24.267615087Z       "jsonrpc": "2.0",
[32mbundler_1           |[0m 2023-10-05T23:53:24.267618187Z       "method": "eth_chainId",
[32mbundler_1           |[0m 2023-10-05T23:53:24.267621387Z       "params": []
[32mbundler_1           |[0m 2023-10-05T23:53:24.267624787Z     }
[32mbundler_1           |[0m 2023-10-05T23:53:24.267627787Z [23:53:24.247] [32mINFO[39m (1): [36mRESPONSE ::[39m
[32mbundler_1           |[0m 2023-10-05T23:53:24.267630987Z     reqId: "req-1"
[32mbundler_1           |[0m 2023-10-05T23:53:24.267633988Z     body: {
[32mbundler_1           |[0m 2023-10-05T23:53:24.267636988Z       "jsonrpc": "2.0",
[32mbundler_1           |[0m 2023-10-05T23:53:24.267652088Z       "id": 1,
[32mbundler_1           |[0m 2023-10-05T23:53:24.267655188Z       "result": "0x539"
[32mbundler_1           |[0m 2023-10-05T23:53:24.267658188Z     }
[34mfunder_1            |[0m 2023-10-05T23:53:13.419049141Z funded: 0x43378ff8C70109Ee4Dbe85aF34428ab0615EBd23
[34mfunder_1            |[0m 2023-10-05T23:53:13.443800813Z funded: 0x43378ff8C70109Ee4Dbe85aF34428ab0615EBd23
[34mfunder_1            |[0m 2023-10-05T23:53:13.471891003Z funded: 0xf39Fd6e51aad88F6F4ce6aB8827279cffFb92266
[34mfunder_1            |[0m 2023-10-05T23:53:13.497249997Z funded: 0xf39Fd6e51aad88F6F4ce6aB8827279cffFb92266
[35mdeployer_1          |[0m 2023-10-05T23:53:14.002767816Z Deploying entrypoint at 0x5FF137D4b0FDCD49DcA30c7CF57E578a026d2789
[35mdeployer_1          |[0m 2023-10-05T23:53:14.100768271Z deploying:
