Attaching to runbundler_bundler-waiter_1, runbundler_bundler_1, runbundler_deployer_1, runbundler_funder_1, geth-1.10
[36mgeth-1.10           |[0m 2023-10-05T23:53:32.377012431Z WARN [10-05|23:53:32.376] You are running Geth in --dev mode. Please note the following:
[36mgeth-1.10           |[0m 2023-10-05T23:53:32.377044731Z 
[36mgeth-1.10           |[0m 2023-10-05T23:53:32.377048632Z   1. This mode is only intended for fast, iterative development without assumptions on
[36mgeth-1.10           |[0m 2023-10-05T23:53:32.377052132Z      security or persistence.
[36mgeth-1.10           |[0m 2023-10-05T23:53:32.377055032Z   2. The database is created in memory unless specified otherwise. Therefore, shutting down
[36mgeth-1.10           |[0m 2023-10-05T23:53:32.377057932Z      your computer or losing power will wipe your entire block data and chain state for
[36mgeth-1.10           |[0m 2023-10-05T23:53:32.377060832Z      your dev environment.
[36mgeth-1.10           |[0m 2023-10-05T23:53:32.377063932Z   3. A random, pre-allocated developer account will be available and unlocked as
[36mgeth-1.10           |[0m 2023-10-05T23:53:32.377066832Z      eth.coinbase, which can be used for testing. The random dev account is temporary,
[36mgeth-1.10           |[0m 2023-10-05T23:53:32.377070332Z      stored on a ramdisk, and will be lost if your machine is restarted.
[36mgeth-1.10           |[0m 2023-10-05T23:53:32.377073232Z   4. Mining is enabled by default. However, the client will only seal blocks if transactions
[36mgeth-1.10           |[0m 2023-10-05T23:53:32.377076132Z      are pending in the mempool. The miner's minimum accepted gas price is 1.
[36mgeth-1.10           |[0m 2023-10-05T23:53:32.377079032Z   5. Networking is disabled; there is no listen-address, the maximum number of peers is set
[36mgeth-1.10           |[0m 2023-10-05T23:53:32.377081932Z      to 0, and discovery is disabled.
[36mgeth-1.10           |[0m 2023-10-05T23:53:32.377084832Z  
[36mgeth-1.10           |[0m 2023-10-05T23:53:32.652519830Z WARN [10-05|23:53:32.652] Failed to load snapshot, regenerating    err="missing or corrupted snapshot"
[36mgeth-1.10           |[0m 2023-10-05T23:53:32.653812659Z WARN [10-05|23:53:32.653] Error reading unclean shutdown markers   error="not found"
[36mgeth-1.10           |[0m 2023-10-05T23:53:32.653912761Z WARN [10-05|23:53:32.653] Engine API enabled                       protocol=eth
[36mgeth-1.10           |[0m 2023-10-05T23:53:32.653972562Z WARN [10-05|23:53:32.653] Engine API started but chain not configured for merge yet 
[36mgeth-1.10           |[0m 2023-10-05T23:53:32.654140966Z ERROR[10-05|23:53:32.654] Failed to check db for legacy receipts   err="this operation is not supported"
[36mgeth-1.10           |[0m 2023-10-05T23:53:32.654399372Z WARN [10-05|23:53:32.654] P2P server will be useless, neither dialing nor listening 
[36mgeth-1.10           |[0m 2023-10-05T23:53:32.664317892Z WARN [10-05|23:53:32.664] Block sealing failed                     err="sealing paused while waiting for transactions"
[36mgeth-1.10           |[0m 2023-10-05T23:53:32.665500218Z WARN [10-05|23:53:32.665] Failed to get free disk space            path= err="failed to call Statfs: no such file or directory"
[36mgeth-1.10           |[0m 2023-10-05T23:53:32.761057033Z WARN [10-05|23:53:32.760] Block sealing failed                     err="sealing paused while waiting for transactions"
[36mgeth-1.10           |[0m 2023-10-05T23:53:38.789642138Z WARN [10-05|23:53:38.789] Block sealing failed                     err="sealing paused while waiting for transactions"
[36mgeth-1.10           |[0m 2023-10-05T23:53:38.817922728Z WARN [10-05|23:53:38.817] Block sealing failed                     err="sealing paused while waiting for transactions"
[36mgeth-1.10           |[0m 2023-10-05T23:53:38.842535868Z WARN [10-05|23:53:38.842] Block sealing failed                     err="sealing paused while waiting for transactions"
[36mgeth-1.10           |[0m 2023-10-05T23:53:39.431626399Z WARN [10-05|23:53:39.431] Block sealing failed                     err="sealing paused while waiting for transactions"
[36mgeth-1.10           |[0m 2023-10-05T23:53:39.445688993Z WARN [10-05|23:53:39.445] Block sealing failed                     err="sealing paused while waiting for transactions"
[36mgeth-1.10           |[0m 2023-10-05T23:53:39.491903831Z WARN [10-05|23:53:39.491] Block sealing failed                     err="sealing paused while waiting for transactions"
[32mbundler_1           |[0m 2023-10-05T23:53:39.946309403Z badger 2023/10/05 23:53:39 INFO: All 0 tables opened in 0s
[32mbundler_1           |[0m 2023-10-05T23:53:39.946335503Z badger 2023/10/05 23:53:39 INFO: Discard stats nextEmptySlot: 0
[32mbundler_1           |[0m 2023-10-05T23:53:39.946339703Z badger 2023/10/05 23:53:39 INFO: Set nextTxnTs to 0
[32mbundler_1           |[0m 2023-10-05T23:53:40.222083309Z {"level":"info","bundler_mode":"private","client_id":"172.21.0.4","opsSeen":0,"opsIncluded":0,"v":0,"logger":"stackup_bundler/relayer/filter_by_client","caller":"/app/pkg/modules/relay/relayer.go:139","time":"2023-10-05T23:53:40Z","message":"client ok"}
[32mbundler_1           |[0m 2023-10-05T23:53:40.222187311Z {"level":"info","bundler_mode":"private","client_id":"172.21.0.4","method":"POST","status_code":200,"body_size":41,"path":"/rpc","latency":"234.003µs","rpc_method":"eth_chainId","v":0,"logger":"stackup_bundler/http","caller":"/app/internal/logger/middleware.go:60","time":"2023-10-05T23:53:40Z"}
[32mbundler_1           |[0m 2023-10-05T23:53:42.271713599Z {"level":"info","bundler_mode":"private","client_id":"172.21.0.1","opsSeen":0,"opsIncluded":0,"v":0,"logger":"stackup_bundler/relayer/filter_by_client","caller":"/app/pkg/modules/relay/relayer.go:139","time":"2023-10-05T23:53:42Z","message":"client ok"}
[32mbundler_1           |[0m 2023-10-05T23:53:42.271836801Z {"level":"info","bundler_mode":"private","client_id":"172.21.0.1","method":"POST","status_code":200,"body_size":80,"path":"/rpc","latency":"190.603µs","rpc_method":"eth_supportedEntryPoints","v":0,"logger":"stackup_bundler/http","caller":"/app/internal/logger/middleware.go:60","time":"2023-10-05T23:53:42Z"}
[33mbundler-waiter_1    |[0m 2023-10-05T23:53:40.222544416Z "0x539"
[35mdeployer_1          |[0m 2023-10-05T23:53:39.358942496Z Deploying entrypoint at 0x5FF137D4b0FDCD49DcA30c7CF57E578a026d2789
[35mdeployer_1          |[0m 2023-10-05T23:53:39.460956404Z deploying:
[34mfunder_1            |[0m 2023-10-05T23:53:38.763642579Z funded: 0x43378ff8C70109Ee4Dbe85aF34428ab0615EBd23
[34mfunder_1            |[0m 2023-10-05T23:53:38.791704766Z funded: 0x43378ff8C70109Ee4Dbe85aF34428ab0615EBd23
[34mfunder_1            |[0m 2023-10-05T23:53:38.818798640Z funded: 0xf39Fd6e51aad88F6F4ce6aB8827279cffFb92266
[34mfunder_1            |[0m 2023-10-05T23:53:38.844520295Z funded: 0xf39Fd6e51aad88F6F4ce6aB8827279cffFb92266
