Attaching to runbundler_bundler-waiter_1, runbundler_bundler_1, runbundler_deployer_1, runbundler_funder_1, geth-1.10
[36mgeth-1.10           |[0m 2023-10-05T23:53:49.077541223Z WARN [10-05|23:53:49.077] You are running Geth in --dev mode. Please note the following:
[36mgeth-1.10           |[0m 2023-10-05T23:53:49.077583724Z 
[36mgeth-1.10           |[0m 2023-10-05T23:53:49.077588524Z   1. This mode is only intended for fast, iterative development without assumptions on
[36mgeth-1.10           |[0m 2023-10-05T23:53:49.077591824Z      security or persistence.
[36mgeth-1.10           |[0m 2023-10-05T23:53:49.077594824Z   2. The database is created in memory unless specified otherwise. Therefore, shutting down
[36mgeth-1.10           |[0m 2023-10-05T23:53:49.077597824Z      your computer or losing power will wipe your entire block data and chain state for
[36mgeth-1.10           |[0m 2023-10-05T23:53:49.077600824Z      your dev environment.
[36mgeth-1.10           |[0m 2023-10-05T23:53:49.077603724Z   3. A random, pre-allocated developer account will be available and unlocked as
[36mgeth-1.10           |[0m 2023-10-05T23:53:49.077606824Z      eth.coinbase, which can be used for testing. The random dev account is temporary,
[36mgeth-1.10           |[0m 2023-10-05T23:53:49.077609824Z      stored on a ramdisk, and will be lost if your machine is restarted.
[36mgeth-1.10           |[0m 2023-10-05T23:53:49.077618924Z   4. Mining is enabled by default. However, the client will only seal blocks if transactions
[36mgeth-1.10           |[0m 2023-10-05T23:53:49.077622024Z      are pending in the mempool. The miner's minimum accepted gas price is 1.
[36mgeth-1.10           |[0m 2023-10-05T23:53:49.077624924Z   5. Networking is disabled; there is no listen-address, the maximum number of peers is set
[36mgeth-1.10           |[0m 2023-10-05T23:53:49.077627825Z      to 0, and discovery is disabled.
[36mgeth-1.10           |[0m 2023-10-05T23:53:49.077630725Z  
[36mgeth-1.10           |[0m 2023-10-05T23:53:49.344591097Z WARN [10-05|23:53:49.343] Failed to load snapshot, regenerating    err="missing or corrupted snapshot"
[36mgeth-1.10           |[0m 2023-10-05T23:53:49.344614998Z WARN [10-05|23:53:49.344] Error reading unclean shutdown markers   error="not found"
[36mgeth-1.10           |[0m 2023-10-05T23:53:49.344648399Z WARN [10-05|23:53:49.344] Engine API enabled                       protocol=eth
[36mgeth-1.10           |[0m 2023-10-05T23:53:49.344652699Z WARN [10-05|23:53:49.344] Engine API started but chain not configured for merge yet 
[36mgeth-1.10           |[0m 2023-10-05T23:53:49.344655699Z ERROR[10-05|23:53:49.344] Failed to check db for legacy receipts   err="this operation is not supported"
[36mgeth-1.10           |[0m 2023-10-05T23:53:49.344658999Z WARN [10-05|23:53:49.344] P2P server will be useless, neither dialing nor listening 
[36mgeth-1.10           |[0m 2023-10-05T23:53:49.350889822Z WARN [10-05|23:53:49.350] Block sealing failed                     err="sealing paused while waiting for transactions"
[36mgeth-1.10           |[0m 2023-10-05T23:53:49.351395332Z WARN [10-05|23:53:49.351] Failed to get free disk space            path= err="failed to call Statfs: no such file or directory"
[36mgeth-1.10           |[0m 2023-10-05T23:53:49.477287218Z WARN [10-05|23:53:49.477] Block sealing failed                     err="sealing paused while waiting for transactions"
[36mgeth-1.10           |[0m 2023-10-05T23:53:55.504675235Z WARN [10-05|23:53:55.504] Block sealing failed                     err="sealing paused while waiting for transactions"
[36mgeth-1.10           |[0m 2023-10-05T23:53:55.530075626Z WARN [10-05|23:53:55.529] Block sealing failed                     err="sealing paused while waiting for transactions"
[36mgeth-1.10           |[0m 2023-10-05T23:54:01.561319735Z WARN [10-05|23:54:01.561] Block sealing failed                     err="sealing paused while waiting for transactions"
[36mgeth-1.10           |[0m 2023-10-05T23:54:02.168642469Z WARN [10-05|23:54:02.168] Block sealing failed                     err="sealing paused while waiting for transactions"
[36mgeth-1.10           |[0m 2023-10-05T23:54:08.186771204Z WARN [10-05|23:54:08.186] Block sealing failed                     err="sealing paused while waiting for transactions"
[36mgeth-1.10           |[0m 2023-10-05T23:54:08.230976654Z WARN [10-05|23:54:08.230] Block sealing failed                     err="sealing paused while waiting for transactions"
[32mbundler_1           |[0m 2023-10-05T23:54:15.160091131Z 10-05 23:54:15 - INFO - Starting *** Voltaire *** - Python 4337 Bundler
[32mbundler_1           |[0m 2023-10-05T23:54:15.160117132Z 10-05 23:54:15 - INFO - Updating reputation entries
[32mbundler_1           |[0m 2023-10-05T23:54:15.160121232Z 10-05 23:54:15 - INFO - Starting bundler_endpoint
[32mbundler_1           |[0m 2023-10-05T23:54:15.160124332Z 10-05 23:54:15 - INFO - Starting HTTP RPC Server at: 0.0.0.0:3000/rpc
[32mbundler_1           |[0m 2023-10-05T23:54:15.160135132Z  _    ______  __  _________    ________  ______
[32mbundler_1           |[0m 2023-10-05T23:54:15.160138432Z | |  / / __ \/ / /_  __/   |  /  _/ __ \/ ____/
[32mbundler_1           |[0m 2023-10-05T23:54:15.160141532Z | | / / / / / /   / / / /| |  / // /_/ / __/   
[32mbundler_1           |[0m 2023-10-05T23:54:15.160144532Z | |/ / /_/ / /___/ / / ___ |_/ // _, _/ /___   
[32mbundler_1           |[0m 2023-10-05T23:54:15.160147432Z |___/\____/_____/_/ /_/  |_/___/_/ |_/_____/   
[32mbundler_1           |[0m 2023-10-05T23:54:15.389293759Z 10-05 23:54:15 - DEBUG - rpc_chainId RPC served
[32mbundler_1           |[0m 2023-10-05T23:54:15.389910772Z 10-05 23:54:15 - INFO - 172.22.0.4 [05/Oct/2023:23:54:15 +0000] "POST /rpc HTTP/1.1" 200 204 "-" "-"
[32mbundler_1           |[0m 2023-10-05T23:54:17.408937892Z 10-05 23:54:17 - DEBUG - rpc_supportedEntryPoints RPC served
[32mbundler_1           |[0m 2023-10-05T23:54:17.409345999Z 10-05 23:54:17 - INFO - 172.22.0.1 [05/Oct/2023:23:54:17 +0000] "POST /rpc HTTP/1.1" 200 243 "-" "python-requests/2.28.1"
[33mbundler-waiter_1    |[0m 2023-10-05T23:54:15.009687897Z Error: 
[33mbundler-waiter_1    |[0m 2023-10-05T23:54:15.010510115Z [31merror sending request for url (http://bundler:3000/rpc): error trying to connect: tcp connect error: Connection refused (os error 111)[0m
[33mbundler-waiter_1    |[0m 2023-10-05T23:54:15.010518615Z 
[33mbundler-waiter_1    |[0m 2023-10-05T23:54:15.010570616Z Context:
[33mbundler-waiter_1    |[0m 2023-10-05T23:54:15.011059827Z - Error #0: error trying to connect: tcp connect error: Connection refused (os error 111)
[33mbundler-waiter_1    |[0m 2023-10-05T23:54:15.011457835Z - Error #1: tcp connect error: Connection refused (os error 111)
[33mbundler-waiter_1    |[0m 2023-10-05T23:54:15.011779742Z - Error #2: Connection refused (os error 111)
[33mbundler-waiter_1    |[0m 2023-10-05T23:54:15.389990174Z "0x539"
[35mdeployer_1          |[0m 2023-10-05T23:54:02.096313632Z Deploying entrypoint at 0x5FF137D4b0FDCD49DcA30c7CF57E578a026d2789
[35mdeployer_1          |[0m 2023-10-05T23:54:08.201406418Z deploying:
[34mfunder_1            |[0m 2023-10-05T23:53:55.480155661Z funded: 0x43378ff8C70109Ee4Dbe85aF34428ab0615EBd23
[34mfunder_1            |[0m 2023-10-05T23:53:55.506389368Z funded: 0x43378ff8C70109Ee4Dbe85aF34428ab0615EBd23
[34mfunder_1            |[0m 2023-10-05T23:54:01.535221052Z funded: 0xf39Fd6e51aad88F6F4ce6aB8827279cffFb92266
[34mfunder_1            |[0m 2023-10-05T23:54:01.563345673Z funded: 0xf39Fd6e51aad88F6F4ce6aB8827279cffFb92266
