Attaching to bundler-test-executor_bundler_1, bundler-test-executor_bundler-waiter_1, bundler-test-executor_deployer_1, bundler-test-executor_funder_1, geth-1.13
[36mbundler-waiter_1  |[0m 2024-05-08T14:54:15.768650620Z wait for: http://bundler:3000/rpc
[36mbundler-waiter_1  |[0m 2024-05-08T14:54:16.774597049Z wait for: http://bundler:3000/rpc
[35mfunder_1          |[0m 2024-05-08T14:54:01.655557245Z funded: 0x43378ff8C70109Ee4Dbe85aF34428ab0615EBd23
[35mfunder_1          |[0m 2024-05-08T14:54:01.676064179Z funded: 0x43378ff8C70109Ee4Dbe85aF34428ab0615EBd23
[35mfunder_1          |[0m 2024-05-08T14:54:01.695543446Z funded: 0xf39Fd6e51aad88F6F4ce6aB8827279cffFb92266
[35mfunder_1          |[0m 2024-05-08T14:54:01.714938885Z funded: 0xf39Fd6e51aad88F6F4ce6aB8827279cffFb92266
[33mbundler_1         |[0m 2024-05-08T14:54:14.838973635Z [2m2024-05-08T14:54:14.838888Z[0m [32m INFO[0m [2msilius::bundler[0m[2m:[0m Starting uopool gRPC service...
[33mbundler_1         |[0m 2024-05-08T14:54:14.840387140Z [2m2024-05-08T14:54:14.840318Z[0m [32m INFO[0m [2msilius::bundler[0m[2m:[0m UoPool component connected to Ethereum execution client with version Geth/v1.13.15-stable-c5ba367e/linux-amd64/go1.21.9
[33mbundler_1         |[0m 2024-05-08T14:54:15.843335279Z [2m2024-05-08T14:54:15.843015Z[0m [32m INFO[0m [2msilius::bundler[0m[2m:[0m Started uopool gRPC service at 127.0.0.1:3002
[33mbundler_1         |[0m 2024-05-08T14:54:15.843356759Z [2m2024-05-08T14:54:15.843042Z[0m [32m INFO[0m [2msilius::bundler[0m[2m:[0m Starting bundling gRPC service...
[33mbundler_1         |[0m 2024-05-08T14:54:15.843923392Z [2m2024-05-08T14:54:15.843852Z[0m [32m INFO[0m [2msilius::bundler[0m[2m:[0m Bundling component connected to Ethereum execution client with version Geth/v1.13.15-stable-c5ba367e/linux-amd64/go1.21.9
[33mbundler_1         |[0m 2024-05-08T14:54:15.845997084Z [2m2024-05-08T14:54:15.845931Z[0m [32m INFO[0m [2msilius::bundler[0m[2m:[0m Wallet { address: 0xf39fd6e51aad88f6f4ce6ab8827279cfffb92266, chain_Id: 1337 }
[33mbundler_1         |[0m 2024-05-08T14:54:15.846009477Z [2m2024-05-08T14:54:15.845942Z[0m [32m INFO[0m [2msilius::bundler[0m[2m:[0m Connecting to uopool gRPC service...
[33mbundler_1         |[0m 2024-05-08T14:54:15.846291190Z [2m2024-05-08T14:54:15.846205Z[0m [32m INFO[0m [2msilius::bundler[0m[2m:[0m Connected to uopool gRPC service
[33mbundler_1         |[0m 2024-05-08T14:54:15.846303313Z [2m2024-05-08T14:54:15.846224Z[0m [32m INFO[0m [2msilius_grpc::bundler[0m[2m:[0m Starting auto bundling
[33mbundler_1         |[0m 2024-05-08T14:54:15.846332079Z [2m2024-05-08T14:54:15.846296Z[0m [32m INFO[0m [2msilius::bundler[0m[2m:[0m Started bundler gRPC service at 127.0.0.1:3003
[33mbundler_1         |[0m 2024-05-08T14:54:15.846340134Z [2m2024-05-08T14:54:15.846309Z[0m [32m INFO[0m [2msilius::bundler[0m[2m:[0m Starting bundler JSON-RPC server...
[33mbundler_1         |[0m 2024-05-08T14:54:15.846390659Z [2m2024-05-08T14:54:15.846345Z[0m [32m INFO[0m [2msilius::bundler[0m[2m:[0m Connecting to uopool gRPC service...
[33mbundler_1         |[0m 2024-05-08T14:54:15.846674989Z [2m2024-05-08T14:54:15.846593Z[0m [32m INFO[0m [2msilius::bundler[0m[2m:[0m Connected to uopool gRPC service...
[33mbundler_1         |[0m 2024-05-08T14:54:15.846758368Z [2m2024-05-08T14:54:15.846611Z[0m [32m INFO[0m [2msilius::bundler[0m[2m:[0m Connecting to bundling gRPC service...
[33mbundler_1         |[0m 2024-05-08T14:54:15.846988554Z [2m2024-05-08T14:54:15.846935Z[0m [32m INFO[0m [2msilius::bundler[0m[2m:[0m Connected to bundling gRPC service...
[33mbundler_1         |[0m 2024-05-08T14:54:15.847068604Z [2m2024-05-08T14:54:15.847020Z[0m [32m INFO[0m [2msilius::bundler[0m[2m:[0m Started bundler JSON-RPC server with http: 0.0.0.0:3000, ws: 127.0.0.1:3001
[33mbundler_1         |[0m 2024-05-08T14:54:15.847308864Z [2m2024-05-08T14:54:15.847248Z[0m [32m INFO[0m [2msilius_bundler::bundler[0m[2m:[0m Skipping creating a new bundle, no user operations
[33mbundler_1         |[0m 2024-05-08T14:54:18.439069796Z [2m2024-05-08T14:54:18.438956Z[0m [32m INFO[0m [2msilius_mempool::uopool[0m[2m:[0m UserOperationHash(0x205bf61e5d26b18d63bbc7f8bf15bf79860d98d9073d606ed643754cbacd5b70) added to the mempool 0x8b86cfbcab0d40566f90a346f75bf8394a74cf329c2ee3d89af507f34a984a37
[33mbundler_1         |[0m 2024-05-08T14:54:18.576643666Z [2m2024-05-08T14:54:18.576530Z[0m [32m INFO[0m [2msilius_mempool::uopool[0m[2m:[0m UserOperationHash(0xe9c3a0042e46d3c542396d0fbad278869946f40a32ef71138bfed5920f5d4727) added to the mempool 0x8b86cfbcab0d40566f90a346f75bf8394a74cf329c2ee3d89af507f34a984a37
[33mbundler_1         |[0m 2024-05-08T14:54:18.715192544Z [2m2024-05-08T14:54:18.715055Z[0m [32m INFO[0m [2msilius_mempool::uopool[0m[2m:[0m UserOperationHash(0x870b916bdb4c58607192ed0c72cfd4e428f68bcbb1e0d1252e0f13648857d9aa) added to the mempool 0x8b86cfbcab0d40566f90a346f75bf8394a74cf329c2ee3d89af507f34a984a37
[33mbundler_1         |[0m 2024-05-08T14:54:18.857520636Z [2m2024-05-08T14:54:18.857409Z[0m [32m INFO[0m [2msilius_mempool::uopool[0m[2m:[0m UserOperationHash(0xc138d31e020e58432b0a55e74acd1cdb74708dc4179d3c69eccb70f9fe4f01f1) added to the mempool 0x8b86cfbcab0d40566f90a346f75bf8394a74cf329c2ee3d89af507f34a984a37
[33mbundler_1         |[0m 2024-05-08T14:54:18.995103268Z [2m2024-05-08T14:54:18.994994Z[0m [32m INFO[0m [2msilius_mempool::uopool[0m[2m:[0m UserOperationHash(0x9283646c3caec477930538879af8f0805c81d5cf7f496c6935135bfcc3e1b6f0) added to the mempool 0x8b86cfbcab0d40566f90a346f75bf8394a74cf329c2ee3d89af507f34a984a37
[33mbundler_1         |[0m 2024-05-08T14:54:19.130938569Z [2m2024-05-08T14:54:19.130836Z[0m [32m INFO[0m [2msilius_mempool::uopool[0m[2m:[0m UserOperationHash(0xff2790e835439bb67a941e461edcdb43ee1cf2e92cb86b8baf8cd96c2dd83b57) added to the mempool 0x8b86cfbcab0d40566f90a346f75bf8394a74cf329c2ee3d89af507f34a984a37
[33mbundler_1         |[0m 2024-05-08T14:54:19.239898632Z [2m2024-05-08T14:54:19.239789Z[0m [32m INFO[0m [2msilius_mempool::uopool[0m[2m:[0m UserOperationHash(0xaca4edfe55dfdb0896fba3757338ad3b4f348d08f54ab16f4d18e57a9cf33171) added to the mempool 0x8b86cfbcab0d40566f90a346f75bf8394a74cf329c2ee3d89af507f34a984a37
[33mbundler_1         |[0m 2024-05-08T14:54:19.374025516Z [2m2024-05-08T14:54:19.373922Z[0m [32m INFO[0m [2msilius_mempool::uopool[0m[2m:[0m UserOperationHash(0xb3da11c7ec8bc91d1e8888d9fe69bf99694a6bf65500bbc097704b8a8d99676f) added to the mempool 0x8b86cfbcab0d40566f90a346f75bf8394a74cf329c2ee3d89af507f34a984a37
[33mbundler_1         |[0m 2024-05-08T14:54:19.483446990Z [2m2024-05-08T14:54:19.483352Z[0m [32m INFO[0m [2msilius_mempool::uopool[0m[2m:[0m UserOperationHash(0xd35df782cc74a78577905a7346a7c9e865dd3ef730c990c9322ea333a3fb9472) added to the mempool 0x8b86cfbcab0d40566f90a346f75bf8394a74cf329c2ee3d89af507f34a984a37
[33mbundler_1         |[0m 2024-05-08T14:54:19.496791763Z [2m2024-05-08T14:54:19.496708Z[0m [32m INFO[0m [2msilius_grpc::bundler[0m[2m:[0m Stopping auto bundling
[33mbundler_1         |[0m 2024-05-08T14:54:19.864660108Z [2m2024-05-08T14:54:19.864572Z[0m [32m INFO[0m [2msilius_grpc::bundler[0m[2m:[0m Stopping auto bundling
[33mbundler_1         |[0m 2024-05-08T14:54:20.214174950Z [2m2024-05-08T14:54:20.214067Z[0m [32m INFO[0m [2msilius_grpc::bundler[0m[2m:[0m Stopping auto bundling
[33mbundler_1         |[0m 2024-05-08T14:54:20.566268667Z [2m2024-05-08T14:54:20.566164Z[0m [32m INFO[0m [2msilius_grpc::bundler[0m[2m:[0m Stopping auto bundling
[33mbundler_1         |[0m 2024-05-08T14:54:21.272238918Z [2m2024-05-08T14:54:21.272148Z[0m [32m INFO[0m [2msilius_mempool::uopool[0m[2m:[0m UserOperationHash(0xc692cf42d76edeb8c63ed9ea28b1794fecb35dee60e206f100bfe0d22cf0cdf5) added to the mempool 0x8b86cfbcab0d40566f90a346f75bf8394a74cf329c2ee3d89af507f34a984a37
[33mbundler_1         |[0m 2024-05-08T14:54:21.840127604Z [2m2024-05-08T14:54:21.840028Z[0m [32m INFO[0m [2msilius_mempool::uopool[0m[2m:[0m UserOperationHash(0x9462c44df94c9017216a9e01f9264e54ff477dbf1955931508ffe0547dc251a5) added to the mempool 0x8b86cfbcab0d40566f90a346f75bf8394a74cf329c2ee3d89af507f34a984a37
[33mbundler_1         |[0m 2024-05-08T14:54:22.411612027Z [2m2024-05-08T14:54:22.411502Z[0m [32m INFO[0m [2msilius_mempool::uopool[0m[2m:[0m UserOperationHash(0x7edd8a74f64423fec0ff3d09b1ea54bb3d3d2be197523a1fa991d06545a1cf65) added to the mempool 0x8b86cfbcab0d40566f90a346f75bf8394a74cf329c2ee3d89af507f34a984a37
[33mbundler_1         |[0m 2024-05-08T14:54:22.980989241Z [2m2024-05-08T14:54:22.980880Z[0m [32m INFO[0m [2msilius_mempool::uopool[0m[2m:[0m UserOperationHash(0x62a08abe94169b6b8a8cab28ef3fe2541fc18d7d2a880f3500048fa1474f49c8) added to the mempool 0x8b86cfbcab0d40566f90a346f75bf8394a74cf329c2ee3d89af507f34a984a37
[33mbundler_1         |[0m 2024-05-08T14:54:22.994188283Z [2m2024-05-08T14:54:22.994118Z[0m [32m INFO[0m [2msilius_grpc::bundler[0m[2m:[0m Stopping auto bundling
[32mdeployer_1        |[0m 2024-05-08T14:54:02.172636297Z Deploying entrypoint at 0x5FF137D4b0FDCD49DcA30c7CF57E578a026d2789
[32mdeployer_1        |[0m 2024-05-08T14:54:08.263393795Z deploying:
[33mbundler_1         |[0m 2024-05-08T14:54:23.709566322Z [2m2024-05-08T14:54:23.709438Z[0m [32m INFO[0m [2msilius_mempool::uopool[0m[2m:[0m UserOperationHash(0x9c363b19d7a05e76e008bb19eed4d0690bb7e05022458f23dbc1f43580d1220e) added to the mempool 0x8b86cfbcab0d40566f90a346f75bf8394a74cf329c2ee3d89af507f34a984a37
[33mbundler_1         |[0m 2024-05-08T14:54:24.188391373Z [2m2024-05-08T14:54:24.188284Z[0m [32m INFO[0m [2msilius_mempool::uopool[0m[2m:[0m UserOperationHash(0x4753794cd023a8000d7e44093da1d385da32c3141e9fd83b8ef88808496872af) added to the mempool 0x8b86cfbcab0d40566f90a346f75bf8394a74cf329c2ee3d89af507f34a984a37
[33mbundler_1         |[0m 2024-05-08T14:54:24.665577430Z [2m2024-05-08T14:54:24.665475Z[0m [32m INFO[0m [2msilius_mempool::uopool[0m[2m:[0m UserOperationHash(0x5bc6583dbc2755dae0e79bc4c3ad032e98f2fb566053700f0614f4b60608e137) added to the mempool 0x8b86cfbcab0d40566f90a346f75bf8394a74cf329c2ee3d89af507f34a984a37
[33mbundler_1         |[0m 2024-05-08T14:54:25.140541305Z [2m2024-05-08T14:54:25.140428Z[0m [32m INFO[0m [2msilius_mempool::uopool[0m[2m:[0m UserOperationHash(0x41dac5fb4622d39c214f1b0afc5850e84f33e3f1eec9378d9347367a801afd64) added to the mempool 0x8b86cfbcab0d40566f90a346f75bf8394a74cf329c2ee3d89af507f34a984a37
[33mbundler_1         |[0m 2024-05-08T14:54:25.154059832Z [2m2024-05-08T14:54:25.153996Z[0m [32m INFO[0m [2msilius_grpc::bundler[0m[2m:[0m Stopping auto bundling
[33mbundler_1         |[0m 2024-05-08T14:54:25.979138321Z [2m2024-05-08T14:54:25.979033Z[0m [32m INFO[0m [2msilius_mempool::uopool[0m[2m:[0m UserOperationHash(0x0c1de58dbda96272cb308c03c7c90c2aaff8d7d1c7bd01aea526b27fceffa8cd) added to the mempool 0x8b86cfbcab0d40566f90a346f75bf8394a74cf329c2ee3d89af507f34a984a37
[33mbundler_1         |[0m 2024-05-08T14:54:26.454929291Z [2m2024-05-08T14:54:26.454826Z[0m [32m INFO[0m [2msilius_mempool::uopool[0m[2m:[0m UserOperationHash(0xc513d91cfaa2880f8eaa5f6efb4edd342b0c2a2d9eaff60fefc88d4d00addc36) added to the mempool 0x8b86cfbcab0d40566f90a346f75bf8394a74cf329c2ee3d89af507f34a984a37
[33mbundler_1         |[0m 2024-05-08T14:54:26.931313087Z [2m2024-05-08T14:54:26.931209Z[0m [32m INFO[0m [2msilius_mempool::uopool[0m[2m:[0m UserOperationHash(0x7ad372619c0ab1067c4ceb68039e35f7caa8118daa7cc7b2fa56d48251dc3361) added to the mempool 0x8b86cfbcab0d40566f90a346f75bf8394a74cf329c2ee3d89af507f34a984a37
[33mbundler_1         |[0m 2024-05-08T14:54:27.405679566Z [2m2024-05-08T14:54:27.405569Z[0m [32m INFO[0m [2msilius_mempool::uopool[0m[2m:[0m UserOperationHash(0x6997baa50791046b1519d19029b338b1bbdd356c672c87d81addf116e90e0a0b) added to the mempool 0x8b86cfbcab0d40566f90a346f75bf8394a74cf329c2ee3d89af507f34a984a37
[33mbundler_1         |[0m 2024-05-08T14:54:27.419652997Z [2m2024-05-08T14:54:27.419580Z[0m [32m INFO[0m [2msilius_grpc::bundler[0m[2m:[0m Stopping auto bundling
[33mbundler_1         |[0m 2024-05-08T14:54:28.326308065Z [2m2024-05-08T14:54:28.326210Z[0m [32m INFO[0m [2msilius_mempool::uopool[0m[2m:[0m UserOperationHash(0x0eb2099b690d769c4e2859d2b342a17ae11432c46748055beeaaf3e89786f5bb) added to the mempool 0x8b86cfbcab0d40566f90a346f75bf8394a74cf329c2ee3d89af507f34a984a37
[33mbundler_1         |[0m 2024-05-08T14:54:28.916662599Z [2m2024-05-08T14:54:28.916557Z[0m [32m INFO[0m [2msilius_mempool::uopool[0m[2m:[0m UserOperationHash(0x8b5119761c9abcc09660777dd69e95ef53e73626c10e0af5fd77a871ab967181) added to the mempool 0x8b86cfbcab0d40566f90a346f75bf8394a74cf329c2ee3d89af507f34a984a37
[33mbundler_1         |[0m 2024-05-08T14:54:29.381276688Z [2m2024-05-08T14:54:29.381174Z[0m [32m INFO[0m [2msilius_mempool::uopool[0m[2m:[0m UserOperationHash(0x5031adab5dcec76cdeececbc7aceced8d5fdca5fd2b31cefb1344c23620259ac) added to the mempool 0x8b86cfbcab0d40566f90a346f75bf8394a74cf329c2ee3d89af507f34a984a37
[33mbundler_1         |[0m 2024-05-08T14:54:30.044554853Z [2m2024-05-08T14:54:30.044438Z[0m [32m INFO[0m [2msilius_mempool::uopool[0m[2m:[0m UserOperationHash(0x1b00f560cf1e817d9c2b8ea09c46c7136c00327b7236a3f6fec0fbf6d7cdae7f) added to the mempool 0x8b86cfbcab0d40566f90a346f75bf8394a74cf329c2ee3d89af507f34a984a37
[33mbundler_1         |[0m 2024-05-08T14:54:30.058015335Z [2m2024-05-08T14:54:30.057941Z[0m [32m INFO[0m [2msilius_grpc::bundler[0m[2m:[0m Stopping auto bundling
[33mbundler_1         |[0m 2024-05-08T14:54:30.967615298Z [2m2024-05-08T14:54:30.967508Z[0m [32m INFO[0m [2msilius_mempool::uopool[0m[2m:[0m UserOperationHash(0xafd0fd8541816cef1963f3f64085e20ab86773ec76675a3d47a91dc37a94537d) added to the mempool 0x8b86cfbcab0d40566f90a346f75bf8394a74cf329c2ee3d89af507f34a984a37
[33mbundler_1         |[0m 2024-05-08T14:54:31.444166698Z [2m2024-05-08T14:54:31.444056Z[0m [32m INFO[0m [2msilius_mempool::uopool[0m[2m:[0m UserOperationHash(0x48f82d5e04dcbf543a2faaf0899e627329d7adbb09ba7e8f51ead1813ad4f42a) added to the mempool 0x8b86cfbcab0d40566f90a346f75bf8394a74cf329c2ee3d89af507f34a984a37
[33mbundler_1         |[0m 2024-05-08T14:54:31.916985423Z [2m2024-05-08T14:54:31.916873Z[0m [32m INFO[0m [2msilius_mempool::uopool[0m[2m:[0m UserOperationHash(0x50ae8309d8a5af6e990f49a3c8f39c052828238e6532643b6db44a2bcfc78f77) added to the mempool 0x8b86cfbcab0d40566f90a346f75bf8394a74cf329c2ee3d89af507f34a984a37
[33mbundler_1         |[0m 2024-05-08T14:54:32.390046482Z [2m2024-05-08T14:54:32.389948Z[0m [32m INFO[0m [2msilius_mempool::uopool[0m[2m:[0m UserOperationHash(0x45f933e316fb0e9e31c71b3422aa618a98e15ebc74bc81e4e92dcd7ee34db5e3) added to the mempool 0x8b86cfbcab0d40566f90a346f75bf8394a74cf329c2ee3d89af507f34a984a37
[33mbundler_1         |[0m 2024-05-08T14:54:32.864161296Z [2m2024-05-08T14:54:32.864038Z[0m [32m INFO[0m [2msilius_mempool::uopool[0m[2m:[0m UserOperationHash(0x0a445d1ef0ad4a1348111e1254861cb136601048c1ff68479b68a60665f2942d) added to the mempool 0x8b86cfbcab0d40566f90a346f75bf8394a74cf329c2ee3d89af507f34a984a37
[33mbundler_1         |[0m 2024-05-08T14:54:33.236503199Z [2m2024-05-08T14:54:33.236386Z[0m [32m INFO[0m [2msilius_mempool::uopool[0m[2m:[0m UserOperationHash(0x98b134a72f1c67f88128def567f9f359540f1c55181cf2a2767715fbe12d8419) added to the mempool 0x8b86cfbcab0d40566f90a346f75bf8394a74cf329c2ee3d89af507f34a984a37
[33mbundler_1         |[0m 2024-05-08T14:54:33.707569613Z [2m2024-05-08T14:54:33.707463Z[0m [32m INFO[0m [2msilius_mempool::uopool[0m[2m:[0m UserOperationHash(0x0a8b2893f0329a4644db44d34a67fbefa0998ede9016331dc6ae501406828c4b) added to the mempool 0x8b86cfbcab0d40566f90a346f75bf8394a74cf329c2ee3d89af507f34a984a37
[33mbundler_1         |[0m 2024-05-08T14:54:34.183440509Z [2m2024-05-08T14:54:34.183318Z[0m [32m INFO[0m [2msilius_mempool::uopool[0m[2m:[0m UserOperationHash(0x5455fa4062409e54066e1ad9a0631c882c56b174c92f269ce7b3c0542c1e78f8) added to the mempool 0x8b86cfbcab0d40566f90a346f75bf8394a74cf329c2ee3d89af507f34a984a37
[33mbundler_1         |[0m 2024-05-08T14:54:34.655820596Z [2m2024-05-08T14:54:34.655707Z[0m [32m INFO[0m [2msilius_mempool::uopool[0m[2m:[0m UserOperationHash(0x4cc96b0b00aaa3cae7346cc464dedcfd0a393ea65602c29561a68283b4380ecc) added to the mempool 0x8b86cfbcab0d40566f90a346f75bf8394a74cf329c2ee3d89af507f34a984a37
[33mbundler_1         |[0m 2024-05-08T14:54:35.026189269Z [2m2024-05-08T14:54:35.026079Z[0m [32m INFO[0m [2msilius_mempool::uopool[0m[2m:[0m UserOperationHash(0xfd385a448579ae25a4c5a1883d22eb4e575b63b7c9ad3b40fc87f7b765beb255) added to the mempool 0x8b86cfbcab0d40566f90a346f75bf8394a74cf329c2ee3d89af507f34a984a37
[33mbundler_1         |[0m 2024-05-08T14:54:35.399009242Z [2m2024-05-08T14:54:35.398898Z[0m [32m INFO[0m [2msilius_mempool::uopool[0m[2m:[0m UserOperationHash(0x7ac0b9ef0c07805bf8fc45fb1a39ee6035b9b3a1ffea96e81e8dc2cf9915a26a) added to the mempool 0x8b86cfbcab0d40566f90a346f75bf8394a74cf329c2ee3d89af507f34a984a37
[33mbundler_1         |[0m 2024-05-08T14:54:35.414165253Z [2m2024-05-08T14:54:35.414104Z[0m [32m INFO[0m [2msilius_grpc::bundler[0m[2m:[0m Stopping auto bundling
[33mbundler_1         |[0m 2024-05-08T14:54:36.225009031Z [2m2024-05-08T14:54:36.224902Z[0m [32m INFO[0m [2msilius_mempool::uopool[0m[2m:[0m UserOperationHash(0x7dc4bc4150b7740efdcc29b6c5f408608df54a1ce5510f249c81e1491efe595f) added to the mempool 0x8b86cfbcab0d40566f90a346f75bf8394a74cf329c2ee3d89af507f34a984a37
[33mbundler_1         |[0m 2024-05-08T14:54:36.697687699Z [2m2024-05-08T14:54:36.697552Z[0m [32m INFO[0m [2msilius_mempool::uopool[0m[2m:[0m UserOperationHash(0x3463e57f790a4f136fd99fd67893a90bf028aa361eee3a73bea66bf527a9af9f) added to the mempool 0x8b86cfbcab0d40566f90a346f75bf8394a74cf329c2ee3d89af507f34a984a37
[33mbundler_1         |[0m 2024-05-08T14:54:37.173135664Z [2m2024-05-08T14:54:37.173027Z[0m [32m INFO[0m [2msilius_mempool::uopool[0m[2m:[0m UserOperationHash(0xef20ba21b06bab4a327c82b3a3dea2ad6da6feb37a33593919976b177425111e) added to the mempool 0x8b86cfbcab0d40566f90a346f75bf8394a74cf329c2ee3d89af507f34a984a37
[33mbundler_1         |[0m 2024-05-08T14:54:37.642408889Z [2m2024-05-08T14:54:37.642293Z[0m [32m INFO[0m [2msilius_mempool::uopool[0m[2m:[0m UserOperationHash(0x228b97004c59667b066ad475a904bf52d785a640f6a0072780015b27d83aa24c) added to the mempool 0x8b86cfbcab0d40566f90a346f75bf8394a74cf329c2ee3d89af507f34a984a37
[33mbundler_1         |[0m 2024-05-08T14:54:38.117454726Z [2m2024-05-08T14:54:38.117354Z[0m [32m INFO[0m [2msilius_mempool::uopool[0m[2m:[0m UserOperationHash(0x1f0f42bf098944995cbcd40721c0feea9f424f1ea594d6c753e24099436e1136) added to the mempool 0x8b86cfbcab0d40566f90a346f75bf8394a74cf329c2ee3d89af507f34a984a37
[33mbundler_1         |[0m 2024-05-08T14:54:38.594721851Z [2m2024-05-08T14:54:38.594608Z[0m [32m INFO[0m [2msilius_mempool::uopool[0m[2m:[0m UserOperationHash(0x8d519389b22fe3024c517ee68c3e56e038ada2e314b0763223338d9f776e1cb7) added to the mempool 0x8b86cfbcab0d40566f90a346f75bf8394a74cf329c2ee3d89af507f34a984a37
[33mbundler_1         |[0m 2024-05-08T14:54:39.069865523Z [2m2024-05-08T14:54:39.069752Z[0m [32m INFO[0m [2msilius_mempool::uopool[0m[2m:[0m UserOperationHash(0xfe45271028e79244512b6532caca71ecaf4f05235a7418053bbf26c1df5a2fc2) added to the mempool 0x8b86cfbcab0d40566f90a346f75bf8394a74cf329c2ee3d89af507f34a984a37
[33mbundler_1         |[0m 2024-05-08T14:54:39.544201824Z [2m2024-05-08T14:54:39.544084Z[0m [32m INFO[0m [2msilius_mempool::uopool[0m[2m:[0m UserOperationHash(0x6d5450b787efd7530446069c32e053574ce4f62d3a29f8ceadaa431009cce8ed) added to the mempool 0x8b86cfbcab0d40566f90a346f75bf8394a74cf329c2ee3d89af507f34a984a37
[33mbundler_1         |[0m 2024-05-08T14:54:40.018627110Z [2m2024-05-08T14:54:40.018520Z[0m [32m INFO[0m [2msilius_mempool::uopool[0m[2m:[0m UserOperationHash(0x26bacb1995487b944c0569046d912181f1a8d7de4d3a7a926c41806053de1ef9) added to the mempool 0x8b86cfbcab0d40566f90a346f75bf8394a74cf329c2ee3d89af507f34a984a37
[33mbundler_1         |[0m 2024-05-08T14:54:40.491869975Z [2m2024-05-08T14:54:40.491752Z[0m [32m INFO[0m [2msilius_mempool::uopool[0m[2m:[0m UserOperationHash(0xf6987f1594f15d9ff546bd73deb0255553799dabb160b8bc68693dffa7fd6d80) added to the mempool 0x8b86cfbcab0d40566f90a346f75bf8394a74cf329c2ee3d89af507f34a984a37
[33mbundler_1         |[0m 2024-05-08T14:54:40.964119258Z [2m2024-05-08T14:54:40.964009Z[0m [32m INFO[0m [2msilius_mempool::uopool[0m[2m:[0m UserOperationHash(0x54d1515cdd91c0f33c37d8363865e3dbec6368649322e22275d49e178541d222) added to the mempool 0x8b86cfbcab0d40566f90a346f75bf8394a74cf329c2ee3d89af507f34a984a37
[33mbundler_1         |[0m 2024-05-08T14:54:40.995183172Z [2m2024-05-08T14:54:40.995099Z[0m [32m INFO[0m [2msilius_grpc::bundler[0m[2m:[0m Stopping auto bundling
[33mbundler_1         |[0m 2024-05-08T14:54:41.118298584Z [2m2024-05-08T14:54:41.118190Z[0m [32m INFO[0m [2msilius_mempool::uopool[0m[2m:[0m UserOperationHash(0xce13594fc4b7b6cc7c01b2010320e01a4dc6fe15e2bad4c54e112dd6d0a9e23e) added to the mempool 0x8b86cfbcab0d40566f90a346f75bf8394a74cf329c2ee3d89af507f34a984a37
[33mbundler_1         |[0m 2024-05-08T14:54:41.229573811Z [2m2024-05-08T14:54:41.229454Z[0m [32m INFO[0m [2msilius_mempool::uopool[0m[2m:[0m UserOperationHash(0xec363238ec9ad121ddc3a82e23a39b02f0c7eef3f7464da63979d3891038a2be) added to the mempool 0x8b86cfbcab0d40566f90a346f75bf8394a74cf329c2ee3d89af507f34a984a37
[33mbundler_1         |[0m 2024-05-08T14:54:41.339058159Z [2m2024-05-08T14:54:41.338955Z[0m [32m INFO[0m [2msilius_mempool::uopool[0m[2m:[0m UserOperationHash(0xcdc3f418f70833954f93b35227b5ebe39ee26b58267d98d4e9274145070840ed) added to the mempool 0x8b86cfbcab0d40566f90a346f75bf8394a74cf329c2ee3d89af507f34a984a37
[33mbundler_1         |[0m 2024-05-08T14:54:41.447607585Z [2m2024-05-08T14:54:41.447520Z[0m [32m INFO[0m [2msilius_mempool::uopool[0m[2m:[0m UserOperationHash(0x9c9d54c3b28082c718bf6f18a0d8ed712be00b324e57094f7db1364c50bf106c) added to the mempool 0x8b86cfbcab0d40566f90a346f75bf8394a74cf329c2ee3d89af507f34a984a37
[33mbundler_1         |[0m 2024-05-08T14:54:41.560006276Z [2m2024-05-08T14:54:41.559914Z[0m [32m INFO[0m [2msilius_bundler::bundler[0m[2m:[0m Creating a new bundle with 1 user operations: [UserOperationHash(0xce13594fc4b7b6cc7c01b2010320e01a4dc6fe15e2bad4c54e112dd6d0a9e23e)]
[33mbundler_1         |[0m 2024-05-08T14:54:41.641023396Z [2m2024-05-08T14:54:41.640937Z[0m [32m INFO[0m [2msilius_bundler::bundler[0m[2m:[0m Bundle successfully sent, hash: 0x113a4c1231ef0f6711b4832eda1f068175e0ed5a3a8966abf66dc9459f9d869b, account: 0xf39fd6e51aad88f6f4ce6ab8827279cfffb92266, entry point: 0x5ff137d4b0fdcd49dca30c7cf57e578a026d2789, beneficiary: 0xf39fd6e51aad88f6f4ce6ab8827279cfffb92266
[33mbundler_1         |[0m 2024-05-08T14:54:41.710812120Z [2m2024-05-08T14:54:41.710720Z[0m [32m INFO[0m [2msilius_grpc::bundler[0m[2m:[0m Stopping auto bundling
[33mbundler_1         |[0m 2024-05-08T14:54:41.892467427Z [2m2024-05-08T14:54:41.892360Z[0m [32m INFO[0m [2msilius_mempool::uopool[0m[2m:[0m UserOperationHash(0xd259ce244ae9ee3e352b32e88882142e7393109ec0177b116a65d42fbf3e07a2) added to the mempool 0x8b86cfbcab0d40566f90a346f75bf8394a74cf329c2ee3d89af507f34a984a37
[33mbundler_1         |[0m 2024-05-08T14:54:42.019405417Z [2m2024-05-08T14:54:42.019302Z[0m [32m INFO[0m [2msilius_mempool::uopool[0m[2m:[0m UserOperationHash(0x110734e40b8cac590aa87259e945669fdbdb320880cdcd1b24341c73b8dacc24) added to the mempool 0x8b86cfbcab0d40566f90a346f75bf8394a74cf329c2ee3d89af507f34a984a37
[33mbundler_1         |[0m 2024-05-08T14:54:42.141207159Z [2m2024-05-08T14:54:42.141097Z[0m [32m INFO[0m [2msilius_mempool::uopool[0m[2m:[0m UserOperationHash(0xd4469be9ae60b4d2d200a8efb0039bfe79f305db4066900c8fcd4a61307137e3) added to the mempool 0x8b86cfbcab0d40566f90a346f75bf8394a74cf329c2ee3d89af507f34a984a37
[33mbundler_1         |[0m 2024-05-08T14:54:42.263868203Z [2m2024-05-08T14:54:42.263745Z[0m [32m INFO[0m [2msilius_mempool::uopool[0m[2m:[0m UserOperationHash(0x30d564f76aa3bac4e615fe0f79d615e9ba6a814beb9cd10047b33d55c449c503) added to the mempool 0x8b86cfbcab0d40566f90a346f75bf8394a74cf329c2ee3d89af507f34a984a37
[33mbundler_1         |[0m 2024-05-08T14:54:42.385506317Z [2m2024-05-08T14:54:42.385419Z[0m [32m INFO[0m [2msilius_mempool::uopool[0m[2m:[0m UserOperationHash(0xdfaa4ae176c1ef8b867a349677be8e17e7f9759d07f6bae2bab23afa2eeedf42) added to the mempool 0x8b86cfbcab0d40566f90a346f75bf8394a74cf329c2ee3d89af507f34a984a37
[33mbundler_1         |[0m 2024-05-08T14:54:42.509506934Z [2m2024-05-08T14:54:42.509409Z[0m [32m INFO[0m [2msilius_bundler::bundler[0m[2m:[0m Creating a new bundle with 1 user operations: [UserOperationHash(0xd259ce244ae9ee3e352b32e88882142e7393109ec0177b116a65d42fbf3e07a2)]
[33mbundler_1         |[0m 2024-05-08T14:54:42.590441272Z [2m2024-05-08T14:54:42.590339Z[0m [32m INFO[0m [2msilius_bundler::bundler[0m[2m:[0m Bundle successfully sent, hash: 0x11d1cda30b648960d109440720393eb1c0ad32151ee8aa60a98e04d292dbd683, account: 0xf39fd6e51aad88f6f4ce6ab8827279cfffb92266, entry point: 0x5ff137d4b0fdcd49dca30c7cf57e578a026d2789, beneficiary: 0xf39fd6e51aad88f6f4ce6ab8827279cfffb92266
[33mbundler_1         |[0m 2024-05-08T14:54:42.604290667Z [2m2024-05-08T14:54:42.604225Z[0m [32m INFO[0m [2msilius_grpc::bundler[0m[2m:[0m Stopping auto bundling
[33mbundler_1         |[0m 2024-05-08T14:54:42.860418030Z [2m2024-05-08T14:54:42.860305Z[0m [32m INFO[0m [2msilius_mempool::uopool[0m[2m:[0m UserOperationHash(0xd15a4538c44ef720b36989f0ab703879f47a629e79945ab38cea32fe1e83afb7) added to the mempool 0x8b86cfbcab0d40566f90a346f75bf8394a74cf329c2ee3d89af507f34a984a37
[33mbundler_1         |[0m 2024-05-08T14:54:42.990914365Z [2m2024-05-08T14:54:42.990797Z[0m [32m INFO[0m [2msilius_mempool::uopool[0m[2m:[0m UserOperationHash(0x824de6da9124ea2de5e6f890315edd94f2564e8c0d9bcec0782a6f9ea92f3d5b) added to the mempool 0x8b86cfbcab0d40566f90a346f75bf8394a74cf329c2ee3d89af507f34a984a37
[33mbundler_1         |[0m 2024-05-08T14:54:43.241080704Z [2m2024-05-08T14:54:43.240975Z[0m [32m INFO[0m [2msilius_bundler::bundler[0m[2m:[0m Creating a new bundle with 1 user operations: [UserOperationHash(0xd15a4538c44ef720b36989f0ab703879f47a629e79945ab38cea32fe1e83afb7)]
[33mbundler_1         |[0m 2024-05-08T14:54:43.321980987Z [2m2024-05-08T14:54:43.321898Z[0m [32m INFO[0m [2msilius_bundler::bundler[0m[2m:[0m Bundle successfully sent, hash: 0x6da8a1f414ca6dd2209d1057c0f4c6ca096face80e4ad71bb8e85ffc9849ffc7, account: 0xf39fd6e51aad88f6f4ce6ab8827279cfffb92266, entry point: 0x5ff137d4b0fdcd49dca30c7cf57e578a026d2789, beneficiary: 0xf39fd6e51aad88f6f4ce6ab8827279cfffb92266
[33mbundler_1         |[0m 2024-05-08T14:54:43.338204248Z [2m2024-05-08T14:54:43.338139Z[0m [32m INFO[0m [2msilius_grpc::bundler[0m[2m:[0m Stopping auto bundling
[33mbundler_1         |[0m 2024-05-08T14:54:43.538797815Z [2m2024-05-08T14:54:43.538691Z[0m [32m INFO[0m [2msilius_mempool::uopool[0m[2m:[0m UserOperationHash(0xd4406160ec150426edd68dbda445d9cef39a3a509d2c78b0b29d8c4897450a76) added to the mempool 0x8b86cfbcab0d40566f90a346f75bf8394a74cf329c2ee3d89af507f34a984a37
[33mbundler_1         |[0m 2024-05-08T14:54:43.687005408Z [2m2024-05-08T14:54:43.686898Z[0m [32m INFO[0m [2msilius_mempool::uopool[0m[2m:[0m UserOperationHash(0x564bcd64a058e7c2d10272734658e230470185587833d89f5906d0c54b7d8169) added to the mempool 0x8b86cfbcab0d40566f90a346f75bf8394a74cf329c2ee3d89af507f34a984a37
[33mbundler_1         |[0m 2024-05-08T14:54:43.695390239Z [2m2024-05-08T14:54:43.695317Z[0m [32m INFO[0m [2msilius_grpc::bundler[0m[2m:[0m Stopping auto bundling
[33mbundler_1         |[0m 2024-05-08T14:54:43.997079659Z [2m2024-05-08T14:54:43.996978Z[0m [32m INFO[0m [2msilius_grpc::bundler[0m[2m:[0m Stopping auto bundling
[33mbundler_1         |[0m 2024-05-08T14:54:44.154793004Z [2m2024-05-08T14:54:44.154673Z[0m [32m INFO[0m [2msilius_mempool::uopool[0m[2m:[0m UserOperationHash(0x37f29f2dfecf94248b84eee3661cac90b9d14ad294035397f6a64584d80646eb) added to the mempool 0x8b86cfbcab0d40566f90a346f75bf8394a74cf329c2ee3d89af507f34a984a37
[33mbundler_1         |[0m 2024-05-08T14:54:44.292097822Z [2m2024-05-08T14:54:44.291969Z[0m [32m INFO[0m [2msilius_bundler::bundler[0m[2m:[0m Skipping creating a new bundle, no user operations
[33mbundler_1         |[0m 2024-05-08T14:54:44.431831413Z [2m2024-05-08T14:54:44.431722Z[0m [32m INFO[0m [2msilius_mempool::uopool[0m[2m:[0m UserOperationHash(0x6acef5f5b0e44fb749c240f89e18563874cdf035798a935f17ffa03983e96dd4) added to the mempool 0x8b86cfbcab0d40566f90a346f75bf8394a74cf329c2ee3d89af507f34a984a37
[33mbundler_1         |[0m 2024-05-08T14:54:44.532227086Z [2m2024-05-08T14:54:44.532113Z[0m [32m INFO[0m [2msilius_bundler::bundler[0m[2m:[0m Creating a new bundle with 1 user operations: [UserOperationHash(0x6acef5f5b0e44fb749c240f89e18563874cdf035798a935f17ffa03983e96dd4)]
[33mbundler_1         |[0m 2024-05-08T14:54:44.612750692Z [2m2024-05-08T14:54:44.612642Z[0m [32m INFO[0m [2msilius_bundler::bundler[0m[2m:[0m Bundle successfully sent, hash: 0x2fbaf4bf0d280d0579dbbaafbf4d42596804d7658c96741299c29cbf6d0def26, account: 0xf39fd6e51aad88f6f4ce6ab8827279cfffb92266, entry point: 0x5ff137d4b0fdcd49dca30c7cf57e578a026d2789, beneficiary: 0xf39fd6e51aad88f6f4ce6ab8827279cfffb92266
[33mbundler_1         |[0m 2024-05-08T14:54:44.975627224Z [2m2024-05-08T14:54:44.975519Z[0m [32m INFO[0m [2msilius_mempool::uopool[0m[2m:[0m UserOperationHash(0xcc31fc5695bc210644e01e1c09ae438a259692bf042e29291b400df1c886c297) added to the mempool 0x8b86cfbcab0d40566f90a346f75bf8394a74cf329c2ee3d89af507f34a984a37
[33mbundler_1         |[0m 2024-05-08T14:54:46.470381985Z [2m2024-05-08T14:54:46.470275Z[0m [32m INFO[0m [2msilius_mempool::uopool[0m[2m:[0m UserOperationHash(0x65400ae62d339b5d8951fc16f129bf4084e4f2b2738d331d6624f22afbd5db7b) added to the mempool 0x8b86cfbcab0d40566f90a346f75bf8394a74cf329c2ee3d89af507f34a984a37
[33mbundler_1         |[0m 2024-05-08T14:54:46.849999860Z [2m2024-05-08T14:54:46.849902Z[0m [32m INFO[0m [2msilius_mempool::uopool[0m[2m:[0m UserOperationHash(0x44fe7a3c7519484ee013424cbbc8e54ff49b6cbd4c1dbbfc6ae770b2542a666a) added to the mempool 0x8b86cfbcab0d40566f90a346f75bf8394a74cf329c2ee3d89af507f34a984a37
[33mbundler_1         |[0m 2024-05-08T14:54:47.232389416Z [2m2024-05-08T14:54:47.232283Z[0m [32m INFO[0m [2msilius_mempool::uopool[0m[2m:[0m UserOperationHash(0x3483c3481426cc62f216b1caf05266a25a7e051632f12360125fb6622940ec9a) added to the mempool 0x8b86cfbcab0d40566f90a346f75bf8394a74cf329c2ee3d89af507f34a984a37
[33mbundler_1         |[0m 2024-05-08T14:54:49.961933355Z [2m2024-05-08T14:54:49.961827Z[0m [32m INFO[0m [2msilius_mempool::uopool[0m[2m:[0m UserOperationHash(0x4f9af1e078a14a2c7d7de54ebb3e08d4b61ec5f941d2de833fc6122526ca4bda) added to the mempool 0x8b86cfbcab0d40566f90a346f75bf8394a74cf329c2ee3d89af507f34a984a37
[33mbundler_1         |[0m 2024-05-08T14:54:50.347908226Z [2m2024-05-08T14:54:50.347817Z[0m [32m INFO[0m [2msilius_mempool::uopool[0m[2m:[0m UserOperationHash(0x0272ae717b6212c72aa8a16a32aaa6081560f487172f831943b12d45216ea8bf) added to the mempool 0x8b86cfbcab0d40566f90a346f75bf8394a74cf329c2ee3d89af507f34a984a37
[33mbundler_1         |[0m 2024-05-08T14:54:50.750193572Z [2m2024-05-08T14:54:50.750083Z[0m [32m INFO[0m [2msilius_mempool::uopool[0m[2m:[0m UserOperationHash(0x425c150478312df67d740016ea114fc99ac9677e341da5956c507eac351a52d1) added to the mempool 0x8b86cfbcab0d40566f90a346f75bf8394a74cf329c2ee3d89af507f34a984a37
[33mbundler_1         |[0m 2024-05-08T14:54:51.150263601Z [2m2024-05-08T14:54:51.150137Z[0m [32m INFO[0m [2msilius_mempool::uopool[0m[2m:[0m UserOperationHash(0xf6e1a74252fb19296cdeaa8383d453a65f832aece842d227a3b0daab227ac32c) added to the mempool 0x8b86cfbcab0d40566f90a346f75bf8394a74cf329c2ee3d89af507f34a984a37
[33mbundler_1         |[0m 2024-05-08T14:54:51.547248939Z [2m2024-05-08T14:54:51.547127Z[0m [32m INFO[0m [2msilius_mempool::uopool[0m[2m:[0m UserOperationHash(0xe8d98257b710a0cd00f87dce83965079e84fa66aed0338a45edd47916c7192e9) added to the mempool 0x8b86cfbcab0d40566f90a346f75bf8394a74cf329c2ee3d89af507f34a984a37
[33mbundler_1         |[0m 2024-05-08T14:54:51.942951569Z [2m2024-05-08T14:54:51.942845Z[0m [32m INFO[0m [2msilius_mempool::uopool[0m[2m:[0m UserOperationHash(0x99b1238baf2b03998aa6cd8e321747245523f9355fba64ee468ce9d72dc67437) added to the mempool 0x8b86cfbcab0d40566f90a346f75bf8394a74cf329c2ee3d89af507f34a984a37
[33mbundler_1         |[0m 2024-05-08T14:54:52.346565582Z [2m2024-05-08T14:54:52.346459Z[0m [32m INFO[0m [2msilius_mempool::uopool[0m[2m:[0m UserOperationHash(0x6426ec2612474af4209b3f5307ec13132502f00c4757945423b9748bae87f7d4) added to the mempool 0x8b86cfbcab0d40566f90a346f75bf8394a74cf329c2ee3d89af507f34a984a37
[33mbundler_1         |[0m 2024-05-08T14:54:52.753800786Z [2m2024-05-08T14:54:52.753676Z[0m [32m INFO[0m [2msilius_mempool::uopool[0m[2m:[0m UserOperationHash(0xef0c82b0f829fb832b038b7cf6b8390157291e257b13835da5e43bd5adcfeff4) added to the mempool 0x8b86cfbcab0d40566f90a346f75bf8394a74cf329c2ee3d89af507f34a984a37
[33mbundler_1         |[0m 2024-05-08T14:54:53.467901031Z [2m2024-05-08T14:54:53.467804Z[0m [32m INFO[0m [2msilius_mempool::uopool[0m[2m:[0m UserOperationHash(0x577da0ba8519e969b5679e8421a85851743d673bc447c854358aa73361915b3f) added to the mempool 0x8b86cfbcab0d40566f90a346f75bf8394a74cf329c2ee3d89af507f34a984a37
[33mbundler_1         |[0m 2024-05-08T14:54:53.693165330Z [2m2024-05-08T14:54:53.693054Z[0m [32m INFO[0m [2msilius_mempool::uopool[0m[2m:[0m UserOperationHash(0xb0ceed902f2698922dd2fce3e8dd08f1555275d4d17fe7e0159f4cc2ad259593) added to the mempool 0x8b86cfbcab0d40566f90a346f75bf8394a74cf329c2ee3d89af507f34a984a37
[33mbundler_1         |[0m 2024-05-08T14:54:54.506238153Z [2m2024-05-08T14:54:54.506143Z[0m [32m INFO[0m [2msilius_mempool::uopool[0m[2m:[0m UserOperationHash(0x961e63532275c25320330f2fafee076364d5147c4c1e33a5d831a6e72d12cf28) added to the mempool 0x8b86cfbcab0d40566f90a346f75bf8394a74cf329c2ee3d89af507f34a984a37
[33mbundler_1         |[0m 2024-05-08T14:54:55.971195698Z [2m2024-05-08T14:54:55.971083Z[0m [32m INFO[0m [2msilius_mempool::uopool[0m[2m:[0m UserOperationHash(0x146f450cb54d7dc6b1bab5a42f73978154868740520ab42dfad2ae9b45134467) added to the mempool 0x8b86cfbcab0d40566f90a346f75bf8394a74cf329c2ee3d89af507f34a984a37
[33mbundler_1         |[0m 2024-05-08T14:54:57.954283161Z [2m2024-05-08T14:54:57.954167Z[0m [32m INFO[0m [2msilius_mempool::uopool[0m[2m:[0m UserOperationHash(0xff87e629639d1ba9b9124694c6778ce74d1480112b8af83d1998d0b1dfd92e6a) added to the mempool 0x8b86cfbcab0d40566f90a346f75bf8394a74cf329c2ee3d89af507f34a984a37
[33mbundler_1         |[0m 2024-05-08T14:54:59.922131979Z [2m2024-05-08T14:54:59.922016Z[0m [32m INFO[0m [2msilius_mempool::uopool[0m[2m:[0m UserOperationHash(0xd001f68feb009d44c8a99ad237d97a574096d8a6c75fe08377b4528597199976) added to the mempool 0x8b86cfbcab0d40566f90a346f75bf8394a74cf329c2ee3d89af507f34a984a37
[33mbundler_1         |[0m 2024-05-08T14:55:04.778864521Z [2m2024-05-08T14:55:04.778752Z[0m [32m INFO[0m [2msilius_mempool::uopool[0m[2m:[0m UserOperationHash(0x2d15806e1c14b0f223db82468b2711ad862855431b116d20b0491283ee9606bd) added to the mempool 0x8b86cfbcab0d40566f90a346f75bf8394a74cf329c2ee3d89af507f34a984a37
[33mbundler_1         |[0m 2024-05-08T14:55:05.287208090Z [2m2024-05-08T14:55:05.287089Z[0m [32m INFO[0m [2msilius_mempool::uopool[0m[2m:[0m UserOperationHash(0x9ab09b51874a984830b5619b15d16c7df4b85b37040dee04de6e82b2370b4620) added to the mempool 0x8b86cfbcab0d40566f90a346f75bf8394a74cf329c2ee3d89af507f34a984a37
[33mbundler_1         |[0m 2024-05-08T14:55:05.807567260Z [2m2024-05-08T14:55:05.807466Z[0m [32m INFO[0m [2msilius_mempool::uopool[0m[2m:[0m UserOperationHash(0x55a645d42b726226c7b061d2041bf78ce0804d55a20a4e9430bbc6aae8bf9fcc) added to the mempool 0x8b86cfbcab0d40566f90a346f75bf8394a74cf329c2ee3d89af507f34a984a37
[33mbundler_1         |[0m 2024-05-08T14:55:06.353516861Z [2m2024-05-08T14:55:06.353409Z[0m [32m INFO[0m [2msilius_mempool::uopool[0m[2m:[0m UserOperationHash(0x501a550634a2619b8ae554cf81e0641478670d9382ef50aea7efa6b54a65d299) added to the mempool 0x8b86cfbcab0d40566f90a346f75bf8394a74cf329c2ee3d89af507f34a984a37
[33mbundler_1         |[0m 2024-05-08T14:55:06.867813044Z [2m2024-05-08T14:55:06.867695Z[0m [32m INFO[0m [2msilius_mempool::uopool[0m[2m:[0m UserOperationHash(0xc9798e8b180b9906fdac63016efbfae3232620d6ab346cdd0681cf72557c8643) added to the mempool 0x8b86cfbcab0d40566f90a346f75bf8394a74cf329c2ee3d89af507f34a984a37
[33mbundler_1         |[0m 2024-05-08T14:55:07.393781837Z [2m2024-05-08T14:55:07.393675Z[0m [32m INFO[0m [2msilius_mempool::uopool[0m[2m:[0m UserOperationHash(0x7cc6f73c76cad0587aad287a13261074a5f27f1a806bbf1c2cc330a45c02f0e2) added to the mempool 0x8b86cfbcab0d40566f90a346f75bf8394a74cf329c2ee3d89af507f34a984a37
[33mbundler_1         |[0m 2024-05-08T14:55:07.919803388Z [2m2024-05-08T14:55:07.919685Z[0m [32m INFO[0m [2msilius_mempool::uopool[0m[2m:[0m UserOperationHash(0x075d7e822892200edefe793bd1b4d467b27c27d270a8e015ae48b0865849a2e1) added to the mempool 0x8b86cfbcab0d40566f90a346f75bf8394a74cf329c2ee3d89af507f34a984a37
[33mbundler_1         |[0m 2024-05-08T14:55:08.980609164Z [2m2024-05-08T14:55:08.980492Z[0m [32m INFO[0m [2msilius_mempool::uopool[0m[2m:[0m UserOperationHash(0x1e6e0daf794d2ca8508049fe2ec80fcc0357e01ccc81b6e264b1cacd7cfb8996) added to the mempool 0x8b86cfbcab0d40566f90a346f75bf8394a74cf329c2ee3d89af507f34a984a37
[33mbundler_1         |[0m 2024-05-08T14:55:10.482047031Z [2m2024-05-08T14:55:10.481935Z[0m [32m INFO[0m [2msilius_mempool::uopool[0m[2m:[0m UserOperationHash(0x8c78e60f9bd50e60d15ba7fca55f415563df538f784f3199943b762379714c2e) added to the mempool 0x8b86cfbcab0d40566f90a346f75bf8394a74cf329c2ee3d89af507f34a984a37
[33mbundler_1         |[0m 2024-05-08T14:55:10.712624275Z [2m2024-05-08T14:55:10.712524Z[0m [32m INFO[0m [2msilius_mempool::uopool[0m[2m:[0m UserOperationHash(0x5e093ada6b0ea3d7bdbc1d69b8be96e452387f62773a9f413f1b24ffb47d7396) added to the mempool 0x8b86cfbcab0d40566f90a346f75bf8394a74cf329c2ee3d89af507f34a984a37
[33mbundler_1         |[0m 2024-05-08T14:55:11.053664338Z [2m2024-05-08T14:55:11.053524Z[0m [32m INFO[0m [2msilius_mempool::uopool[0m[2m:[0m UserOperationHash(0xe63ad7901723df64b8feda4b490575565dcfb8b19bd5f45307fa7633bbf827be) added to the mempool 0x8b86cfbcab0d40566f90a346f75bf8394a74cf329c2ee3d89af507f34a984a37
[33mbundler_1         |[0m 2024-05-08T14:55:12.261231178Z [2m2024-05-08T14:55:12.261110Z[0m [32m INFO[0m [2msilius_mempool::uopool[0m[2m:[0m UserOperationHash(0xae93e02dce3069fb54fc7eec2c4b7ff25724db576ffaf948ac0db7c5c92ba172) added to the mempool 0x8b86cfbcab0d40566f90a346f75bf8394a74cf329c2ee3d89af507f34a984a37
[33mbundler_1         |[0m 2024-05-08T14:55:13.230796711Z [2m2024-05-08T14:55:13.230684Z[0m [32m INFO[0m [2msilius_mempool::uopool[0m[2m:[0m UserOperationHash(0x5ba0dcb7ecf72dec84f774697b22a6ee7638c9c725d2cfe5447f41f6ddd576e6) added to the mempool 0x8b86cfbcab0d40566f90a346f75bf8394a74cf329c2ee3d89af507f34a984a37
[33mbundler_1         |[0m 2024-05-08T14:55:14.481126881Z [2m2024-05-08T14:55:14.481015Z[0m [32m INFO[0m [2msilius_mempool::uopool[0m[2m:[0m UserOperationHash(0x258e43a38c0af4afb55b70e10925ec2748423f0f252ee7f511372b7dee28796d) added to the mempool 0x8b86cfbcab0d40566f90a346f75bf8394a74cf329c2ee3d89af507f34a984a37
[33mbundler_1         |[0m 2024-05-08T14:55:14.838208977Z [2m2024-05-08T14:55:14.838094Z[0m [32m INFO[0m [2msilius_mempool::uopool[0m[2m:[0m UserOperationHash(0x7e3a5a0904606323e437205cff8d269d78f5d5c443104e0cc5d43134c624c72e) added to the mempool 0x8b86cfbcab0d40566f90a346f75bf8394a74cf329c2ee3d89af507f34a984a37
[33mbundler_1         |[0m 2024-05-08T14:55:15.200046149Z [2m2024-05-08T14:55:15.199937Z[0m [32m INFO[0m [2msilius_mempool::uopool[0m[2m:[0m UserOperationHash(0x91551316ef9f79f81c1e5bdafe76dab421adcf223bac67d3bd3c3aee0c0c0b33) added to the mempool 0x8b86cfbcab0d40566f90a346f75bf8394a74cf329c2ee3d89af507f34a984a37
[33mbundler_1         |[0m 2024-05-08T14:55:15.567107620Z [2m2024-05-08T14:55:15.567005Z[0m [32m INFO[0m [2msilius_mempool::uopool[0m[2m:[0m UserOperationHash(0xfaa4297720c10d17c747c9be7afceaa5ec3d70ee1a69e682b61abacd7dbbe690) added to the mempool 0x8b86cfbcab0d40566f90a346f75bf8394a74cf329c2ee3d89af507f34a984a37
[33mbundler_1         |[0m 2024-05-08T14:55:17.012439841Z [2m2024-05-08T14:55:17.012334Z[0m [32m INFO[0m [2msilius_mempool::uopool[0m[2m:[0m UserOperationHash(0xd3aad2ecefc661c4015d3ac27a3e62d78e129d869a797911b268887debebb7f3) added to the mempool 0x8b86cfbcab0d40566f90a346f75bf8394a74cf329c2ee3d89af507f34a984a37
[33mbundler_1         |[0m 2024-05-08T14:55:18.081961795Z [2m2024-05-08T14:55:18.081858Z[0m [32m INFO[0m [2msilius_mempool::uopool[0m[2m:[0m UserOperationHash(0x65d2ba3bedb20f641e5e5e220ba827af9437f442acebd78b98b60e17362b4657) added to the mempool 0x8b86cfbcab0d40566f90a346f75bf8394a74cf329c2ee3d89af507f34a984a37
[33mbundler_1         |[0m 2024-05-08T14:55:18.454508539Z [2m2024-05-08T14:55:18.454408Z[0m [32m INFO[0m [2msilius_mempool::uopool[0m[2m:[0m UserOperationHash(0x369a25872e6575d6e741fe61ebc63cc73e8a41946d1926aea232163562251d4a) added to the mempool 0x8b86cfbcab0d40566f90a346f75bf8394a74cf329c2ee3d89af507f34a984a37
[33mbundler_1         |[0m 2024-05-08T14:55:21.830935626Z [2m2024-05-08T14:55:21.830820Z[0m [32m INFO[0m [2msilius_mempool::uopool[0m[2m:[0m UserOperationHash(0x7e16da0a99a5e32c2128ab9eaab3989143a2a87f7c3f1fbb207ecefef51c6794) added to the mempool 0x8b86cfbcab0d40566f90a346f75bf8394a74cf329c2ee3d89af507f34a984a37
[33mbundler_1         |[0m 2024-05-08T14:55:21.836473603Z [2m2024-05-08T14:55:21.836409Z[0m [32m INFO[0m [2msilius_grpc::bundler[0m[2m:[0m Stopping auto bundling
[33mbundler_1         |[0m 2024-05-08T14:55:24.845998514Z [2m2024-05-08T14:55:24.845874Z[0m [32m INFO[0m [2msilius_mempool::uopool[0m[2m:[0m UserOperationHash(0xfbacdde874b8cc21e6027dc1e3a004ec552312f2df1b37f8a85c2e47814e2588) added to the mempool 0x8b86cfbcab0d40566f90a346f75bf8394a74cf329c2ee3d89af507f34a984a37
[33mbundler_1         |[0m 2024-05-08T14:55:24.952033459Z [2m2024-05-08T14:55:24.951931Z[0m [32m INFO[0m [2msilius_bundler::bundler[0m[2m:[0m Creating a new bundle with 1 user operations: [UserOperationHash(0xfbacdde874b8cc21e6027dc1e3a004ec552312f2df1b37f8a85c2e47814e2588)]
[33mbundler_1         |[0m 2024-05-08T14:55:25.032584481Z [2m2024-05-08T14:55:25.032515Z[0m [32m INFO[0m [2msilius_bundler::bundler[0m[2m:[0m Bundle successfully sent, hash: 0x06cf033c84ebc664939efd773a69ec62361b6f917c9405d3b1d83a5fbc8df744, account: 0xf39fd6e51aad88f6f4ce6ab8827279cfffb92266, entry point: 0x5ff137d4b0fdcd49dca30c7cf57e578a026d2789, beneficiary: 0xf39fd6e51aad88f6f4ce6ab8827279cfffb92266
[33mbundler_1         |[0m 2024-05-08T14:55:29.106578196Z [2m2024-05-08T14:55:29.106470Z[0m [32m INFO[0m [2msilius_mempool::uopool[0m[2m:[0m UserOperationHash(0xbb731a3821720e35e13fab8e2ad92e87c39cffb4125d9f69fafe6bf9bd01a3ca) added to the mempool 0x8b86cfbcab0d40566f90a346f75bf8394a74cf329c2ee3d89af507f34a984a37
[33mbundler_1         |[0m 2024-05-08T14:55:29.418861438Z [2m2024-05-08T14:55:29.418765Z[0m [32m INFO[0m [2msilius_mempool::uopool[0m[2m:[0m UserOperationHash(0x9122a9027ebd63fd17f1aac2d5285af734b2fea7d20f0852e663e285381c057f) added to the mempool 0x8b86cfbcab0d40566f90a346f75bf8394a74cf329c2ee3d89af507f34a984a37
[33mbundler_1         |[0m 2024-05-08T14:55:41.529371758Z [2m2024-05-08T14:55:41.529278Z[0m [32m INFO[0m [2msilius_mempool::uopool[0m[2m:[0m UserOperationHash(0x33c5b84e01af6f5d2611d9546f438d3fee784da1cb54e31df307d3faebf8c680) added to the mempool 0x8b86cfbcab0d40566f90a346f75bf8394a74cf329c2ee3d89af507f34a984a37
[33mbundler_1         |[0m 2024-05-08T14:55:41.971757772Z [2m2024-05-08T14:55:41.971643Z[0m [32m INFO[0m [2msilius_bundler::bundler[0m[2m:[0m Creating a new bundle with 3 user operations: [UserOperationHash(0x33c5b84e01af6f5d2611d9546f438d3fee784da1cb54e31df307d3faebf8c680), UserOperationHash(0x9122a9027ebd63fd17f1aac2d5285af734b2fea7d20f0852e663e285381c057f), UserOperationHash(0xbb731a3821720e35e13fab8e2ad92e87c39cffb4125d9f69fafe6bf9bd01a3ca)]
[33mbundler_1         |[0m 2024-05-08T14:55:42.056208247Z [2m2024-05-08T14:55:42.056128Z[0m [32m INFO[0m [2msilius_bundler::bundler[0m[2m:[0m Bundle successfully sent, hash: 0x96841848a6f780965856d686650b055646d8cb63f0c4477d097d48423f021520, account: 0xf39fd6e51aad88f6f4ce6ab8827279cfffb92266, entry point: 0x5ff137d4b0fdcd49dca30c7cf57e578a026d2789, beneficiary: 0xf39fd6e51aad88f6f4ce6ab8827279cfffb92266
[33mbundler_1         |[0m 2024-05-08T14:55:42.208513685Z [2m2024-05-08T14:55:42.208410Z[0m [32m INFO[0m [2msilius_mempool::uopool[0m[2m:[0m UserOperationHash(0x043882a2a2cd586375e76613ff91872f6c391e282d609f387c17472c8e8d6969) added to the mempool 0x8b86cfbcab0d40566f90a346f75bf8394a74cf329c2ee3d89af507f34a984a37
[33mbundler_1         |[0m 2024-05-08T14:55:42.316757063Z [2m2024-05-08T14:55:42.316639Z[0m [32m INFO[0m [2msilius_bundler::bundler[0m[2m:[0m Creating a new bundle with 1 user operations: [UserOperationHash(0x043882a2a2cd586375e76613ff91872f6c391e282d609f387c17472c8e8d6969)]
[33mbundler_1         |[0m 2024-05-08T14:55:42.397375933Z [2m2024-05-08T14:55:42.397286Z[0m [32m INFO[0m [2msilius_bundler::bundler[0m[2m:[0m Bundle successfully sent, hash: 0x2e277070a939c096a6203cfb6ffc8da530833621d2b6eea58b64bbca377cc312, account: 0xf39fd6e51aad88f6f4ce6ab8827279cfffb92266, entry point: 0x5ff137d4b0fdcd49dca30c7cf57e578a026d2789, beneficiary: 0xf39fd6e51aad88f6f4ce6ab8827279cfffb92266
[33mbundler_1         |[0m 2024-05-08T14:55:42.568356924Z [2m2024-05-08T14:55:42.568230Z[0m [32m INFO[0m [2msilius_mempool::uopool[0m[2m:[0m UserOperationHash(0xd0e417abced8a91d03fc77075a953e251f92d56d340cacba1aa53edb16d68799) added to the mempool 0x8b86cfbcab0d40566f90a346f75bf8394a74cf329c2ee3d89af507f34a984a37
[33mbundler_1         |[0m 2024-05-08T14:55:42.675909262Z [2m2024-05-08T14:55:42.675804Z[0m [32m INFO[0m [2msilius_bundler::bundler[0m[2m:[0m Creating a new bundle with 1 user operations: [UserOperationHash(0xd0e417abced8a91d03fc77075a953e251f92d56d340cacba1aa53edb16d68799)]
[33mbundler_1         |[0m 2024-05-08T14:55:42.756257488Z [2m2024-05-08T14:55:42.756177Z[0m [32m INFO[0m [2msilius_bundler::bundler[0m[2m:[0m Bundle successfully sent, hash: 0x066e5ecf3b65c893231a0691060bbdce6395b829ddbc0e867997b90c905e1d43, account: 0xf39fd6e51aad88f6f4ce6ab8827279cfffb92266, entry point: 0x5ff137d4b0fdcd49dca30c7cf57e578a026d2789, beneficiary: 0xf39fd6e51aad88f6f4ce6ab8827279cfffb92266
[33mbundler_1         |[0m 2024-05-08T14:55:42.795784337Z [2m2024-05-08T14:55:42.795702Z[0m [32m INFO[0m [2msilius_bundler::bundler[0m[2m:[0m Skipping creating a new bundle, no user operations
