Attaching to bundler-test-executor_bundler-waiter_1, bundler-test-executor_bundler_1, bundler-test-executor_deployer_1, bundler-test-executor_funder_1, geth-1.10
[33mbundler_1         |[0m 2023-11-30T11:55:35.916387040Z (node:1) ExperimentalWarning: The Node.js specifier resolution flag is experimental. It could change or be removed at any time.
[33mbundler_1         |[0m 2023-11-30T11:55:35.916417557Z (Use `node --trace-warnings ...` to show where the warning was created)
[33mbundler_1         |[0m 2023-11-30T11:55:37.765454355Z bigint: Failed to load bindings, pure JS will be used (try npm run rebuild?)
[33mbundler_1         |[0m 2023-11-30T11:55:38.038782370Z (node:1) ExperimentalWarning: The Node.js specifier resolution flag is experimental. It could change or be removed at any time.
[33mbundler_1         |[0m 2023-11-30T11:55:38.038806916Z (Use `node --trace-warnings ...` to show where the warning was created)
[32mdeployer_1        |[0m 2023-11-30T11:55:20.457780455Z Deploying entrypoint at 0x5FF137D4b0FDCD49DcA30c7CF57E578a026d2789
[32mdeployer_1        |[0m 2023-11-30T11:55:26.550199820Z deploying:
[36mbundler-waiter_1  |[0m 2023-11-30T11:55:33.378066656Z Error: 
[36mbundler-waiter_1  |[0m 2023-11-30T11:55:33.378093065Z [31merror sending request for url (http://bundler:3000/rpc): error trying to connect: tcp connect error: Connection refused (os error 111)[0m
[36mbundler-waiter_1  |[0m 2023-11-30T11:55:33.378099967Z 
[36mbundler-waiter_1  |[0m 2023-11-30T11:55:33.378104706Z Context:
[36mbundler-waiter_1  |[0m 2023-11-30T11:55:33.378109395Z - Error #0: error trying to connect: tcp connect error: Connection refused (os error 111)
[36mbundler-waiter_1  |[0m 2023-11-30T11:55:33.378114975Z - Error #1: tcp connect error: Connection refused (os error 111)
[36mbundler-waiter_1  |[0m 2023-11-30T11:55:33.378121067Z - Error #2: Connection refused (os error 111)
[36mbundler-waiter_1  |[0m 2023-11-30T11:55:33.720025400Z Error: 
[36mbundler-waiter_1  |[0m 2023-11-30T11:55:33.720046299Z [31merror sending request for url (http://bundler:3000/rpc): error trying to connect: tcp connect error: Connection refused (os error 111)[0m
[36mbundler-waiter_1  |[0m 2023-11-30T11:55:33.720053693Z 
[36mbundler-waiter_1  |[0m 2023-11-30T11:55:33.720059474Z Context:
[36mbundler-waiter_1  |[0m 2023-11-30T11:55:33.720065475Z - Error #0: error trying to connect: tcp connect error: Connection refused (os error 111)
[36mbundler-waiter_1  |[0m 2023-11-30T11:55:33.720072238Z - Error #1: tcp connect error: Connection refused (os error 111)
[36mbundler-waiter_1  |[0m 2023-11-30T11:55:33.720079231Z - Error #2: Connection refused (os error 111)
[36mbundler-waiter_1  |[0m 2023-11-30T11:55:34.186854816Z Error: 
[36mbundler-waiter_1  |[0m 2023-11-30T11:55:34.186869944Z [31merror sending request for url (http://bundler:3000/rpc): error trying to connect: tcp connect error: Connection refused (os error 111)[0m
[36mbundler-waiter_1  |[0m 2023-11-30T11:55:34.186874984Z 
[36mbundler-waiter_1  |[0m 2023-11-30T11:55:34.186878681Z Context:
[36mbundler-waiter_1  |[0m 2023-11-30T11:55:34.186882197Z - Error #0: error trying to connect: tcp connect error: Connection refused (os error 111)
[36mbundler-waiter_1  |[0m 2023-11-30T11:55:34.186890703Z - Error #1: tcp connect error: Connection refused (os error 111)
[36mbundler-waiter_1  |[0m 2023-11-30T11:55:34.186894260Z - Error #2: Connection refused (os error 111)
[36mbundler-waiter_1  |[0m 2023-11-30T11:55:34.833840538Z Error: 
[36mbundler-waiter_1  |[0m 2023-11-30T11:55:34.833860114Z [31merror sending request for url (http://bundler:3000/rpc): error trying to connect: tcp connect error: Connection refused (os error 111)[0m
[36mbundler-waiter_1  |[0m 2023-11-30T11:55:34.833867328Z 
[36mbundler-waiter_1  |[0m 2023-11-30T11:55:34.833872838Z Context:
[36mbundler-waiter_1  |[0m 2023-11-30T11:55:34.833879711Z - Error #0: error trying to connect: tcp connect error: Connection refused (os error 111)
[36mbundler-waiter_1  |[0m 2023-11-30T11:55:34.833884630Z - Error #1: tcp connect error: Connection refused (os error 111)
[36mbundler-waiter_1  |[0m 2023-11-30T11:55:34.833889379Z - Error #2: Connection refused (os error 111)
[36mbundler-waiter_1  |[0m 2023-11-30T11:55:35.890543389Z Error: 
[36mbundler-waiter_1  |[0m 2023-11-30T11:55:35.890562805Z [31merror sending request for url (http://bundler:3000/rpc): error trying to connect: tcp connect error: Connection refused (os error 111)[0m
[36mbundler-waiter_1  |[0m 2023-11-30T11:55:35.890568856Z 
[36mbundler-waiter_1  |[0m 2023-11-30T11:55:35.890572453Z Context:
[36mbundler-waiter_1  |[0m 2023-11-30T11:55:35.890575960Z - Error #0: error trying to connect: tcp connect error: Connection refused (os error 111)
[36mbundler-waiter_1  |[0m 2023-11-30T11:55:35.890579466Z - Error #1: tcp connect error: Connection refused (os error 111)
[36mbundler-waiter_1  |[0m 2023-11-30T11:55:35.890594735Z - Error #2: Connection refused (os error 111)
[36mbundler-waiter_1  |[0m 2023-11-30T11:55:37.796812618Z Error: 
[36mbundler-waiter_1  |[0m 2023-11-30T11:55:37.796914495Z [31merror sending request for url (http://bundler:3000/rpc): error trying to connect: tcp connect error: Connection refused (os error 111)[0m
[36mbundler-waiter_1  |[0m 2023-11-30T11:55:37.796926878Z 
[36mbundler-waiter_1  |[0m 2023-11-30T11:55:37.796933660Z Context:
[36mbundler-waiter_1  |[0m 2023-11-30T11:55:37.796939250Z - Error #0: error trying to connect: tcp connect error: Connection refused (os error 111)
[36mbundler-waiter_1  |[0m 2023-11-30T11:55:37.796946274Z - Error #1: tcp connect error: Connection refused (os error 111)
[36mbundler-waiter_1  |[0m 2023-11-30T11:55:37.796987513Z - Error #2: Connection refused (os error 111)
[35mfunder_1          |[0m 2023-11-30T11:55:01.887657237Z funded: 0x43378ff8C70109Ee4Dbe85aF34428ab0615EBd23
[35mfunder_1          |[0m 2023-11-30T11:55:07.910967633Z funded: 0x43378ff8C70109Ee4Dbe85aF34428ab0615EBd23
[35mfunder_1          |[0m 2023-11-30T11:55:13.934589371Z funded: 0xf39Fd6e51aad88F6F4ce6aB8827279cffFb92266
[35mfunder_1          |[0m 2023-11-30T11:55:19.958249603Z funded: 0xf39Fd6e51aad88F6F4ce6aB8827279cffFb92266
[34mgeth-1.10         |[0m 2023-11-30T11:54:55.757710241Z ERROR[11-30|11:54:55.757] Failed to check db for legacy receipts   err="this operation is not supported"
