Attaching to runbundler_bundler-waiter_1, runbundler_bundler_1, runbundler_deployer_1, runbundler_funder_1, geth-1.10
[36mgeth-1.10           |[0m 2023-10-08T11:27:49.810125043Z WARN [10-08|11:27:49.809] You are running Geth in --dev mode. Please note the following:
[36mgeth-1.10           |[0m 2023-10-08T11:27:49.810157443Z 
[36mgeth-1.10           |[0m 2023-10-08T11:27:49.810161443Z   1. This mode is only intended for fast, iterative development without assumptions on
[36mgeth-1.10           |[0m 2023-10-08T11:27:49.810164743Z      security or persistence.
[36mgeth-1.10           |[0m 2023-10-08T11:27:49.810176643Z   2. The database is created in memory unless specified otherwise. Therefore, shutting down
[36mgeth-1.10           |[0m 2023-10-08T11:27:49.810179943Z      your computer or losing power will wipe your entire block data and chain state for
[36mgeth-1.10           |[0m 2023-10-08T11:27:49.810183243Z      your dev environment.
[36mgeth-1.10           |[0m 2023-10-08T11:27:49.810186343Z   3. A random, pre-allocated developer account will be available and unlocked as
[36mgeth-1.10           |[0m 2023-10-08T11:27:49.810189443Z      eth.coinbase, which can be used for testing. The random dev account is temporary,
[36mgeth-1.10           |[0m 2023-10-08T11:27:49.810192543Z      stored on a ramdisk, and will be lost if your machine is restarted.
[36mgeth-1.10           |[0m 2023-10-08T11:27:49.810195743Z   4. Mining is enabled by default. However, the client will only seal blocks if transactions
[36mgeth-1.10           |[0m 2023-10-08T11:27:49.810198843Z      are pending in the mempool. The miner's minimum accepted gas price is 1.
[36mgeth-1.10           |[0m 2023-10-08T11:27:49.810202043Z   5. Networking is disabled; there is no listen-address, the maximum number of peers is set
[36mgeth-1.10           |[0m 2023-10-08T11:27:49.810205143Z      to 0, and discovery is disabled.
[36mgeth-1.10           |[0m 2023-10-08T11:27:49.810208343Z  
[36mgeth-1.10           |[0m 2023-10-08T11:27:50.085784114Z WARN [10-08|11:27:50.084] Failed to load snapshot, regenerating    err="missing or corrupted snapshot"
[36mgeth-1.10           |[0m 2023-10-08T11:27:50.085916514Z WARN [10-08|11:27:50.085] Error reading unclean shutdown markers   error="not found"
[36mgeth-1.10           |[0m 2023-10-08T11:27:50.086023014Z WARN [10-08|11:27:50.085] Engine API enabled                       protocol=eth
[36mgeth-1.10           |[0m 2023-10-08T11:27:50.086029214Z WARN [10-08|11:27:50.085] Engine API started but chain not configured for merge yet 
[36mgeth-1.10           |[0m 2023-10-08T11:27:50.086215314Z ERROR[10-08|11:27:50.086] Failed to check db for legacy receipts   err="this operation is not supported"
[36mgeth-1.10           |[0m 2023-10-08T11:27:50.086457614Z WARN [10-08|11:27:50.086] P2P server will be useless, neither dialing nor listening 
[36mgeth-1.10           |[0m 2023-10-08T11:27:50.096404913Z WARN [10-08|11:27:50.096] Block sealing failed                     err="sealing paused while waiting for transactions"
[36mgeth-1.10           |[0m 2023-10-08T11:27:50.098160013Z WARN [10-08|11:27:50.098] Failed to get free disk space            path= err="failed to call Statfs: no such file or directory"
[36mgeth-1.10           |[0m 2023-10-08T11:27:50.188504804Z WARN [10-08|11:27:50.188] Block sealing failed                     err="sealing paused while waiting for transactions"
[36mgeth-1.10           |[0m 2023-10-08T11:27:50.213225502Z WARN [10-08|11:27:50.213] Block sealing failed                     err="sealing paused while waiting for transactions"
[36mgeth-1.10           |[0m 2023-10-08T11:27:50.243189398Z WARN [10-08|11:27:50.243] Block sealing failed                     err="sealing paused while waiting for transactions"
[36mgeth-1.10           |[0m 2023-10-08T11:27:50.268308896Z WARN [10-08|11:27:50.268] Block sealing failed                     err="sealing paused while waiting for transactions"
[36mgeth-1.10           |[0m 2023-10-08T11:27:50.828800939Z WARN [10-08|11:27:50.828] Block sealing failed                     err="sealing paused while waiting for transactions"
[36mgeth-1.10           |[0m 2023-10-08T11:27:56.843638944Z WARN [10-08|11:27:56.843] Block sealing failed                     err="sealing paused while waiting for transactions"
[36mgeth-1.10           |[0m 2023-10-08T11:27:56.885345684Z WARN [10-08|11:27:56.885] Block sealing failed                     err="sealing paused while waiting for transactions"
[36mgeth-1.10           |[0m 2023-10-08T11:28:05.179877251Z WARN [10-08|11:28:05.179] Served eth_call                          conn=172.18.0.3:40736 reqid=56 duration="483.399µs" err="execution reverted"              errdata=0x220266b600000000000000000000000000000000000000000000000000000000000000000000000000000000000000000000000000000000000000000000000000000040000000000000000000000000000000000000000000000000000000000000001b4141313320696e6974436f6465206661696c6564206f72204f4f470000000000
[36mgeth-1.10           |[0m 2023-10-08T11:28:09.361006760Z WARN [10-08|11:28:09.360] Block sealing failed                     err="sealing paused while waiting for transactions"
[36mgeth-1.10           |[0m 2023-10-08T11:28:09.390382716Z WARN [10-08|11:28:09.390] Block sealing failed                     err="sealing paused while waiting for transactions"
[36mgeth-1.10           |[0m 2023-10-08T11:28:09.687349369Z WARN [10-08|11:28:09.687] Block sealing failed                     err="sealing paused while waiting for transactions"
[36mgeth-1.10           |[0m 2023-10-08T11:28:09.716909225Z WARN [10-08|11:28:09.716] Block sealing failed                     err="sealing paused while waiting for transactions"
[36mgeth-1.10           |[0m 2023-10-08T11:28:09.755865166Z WARN [10-08|11:28:09.755] Block sealing failed                     err="sealing paused while waiting for transactions"
[36mgeth-1.10           |[0m 2023-10-08T11:28:10.087399467Z WARN [10-08|11:28:10.087] Block sealing failed                     err="sealing paused while waiting for transactions"
[36mgeth-1.10           |[0m 2023-10-08T11:28:10.116099024Z WARN [10-08|11:28:10.115] Block sealing failed                     err="sealing paused while waiting for transactions"
[36mgeth-1.10           |[0m 2023-10-08T11:28:10.174085237Z WARN [10-08|11:28:10.173] Block sealing failed                     err="sealing paused while waiting for transactions"
[36mgeth-1.10           |[0m 2023-10-08T11:28:10.209626783Z WARN [10-08|11:28:10.209] Block sealing failed                     err="sealing paused while waiting for transactions"
[33mbundler-waiter_1    |[0m 2023-10-08T11:28:03.706107769Z Error: 
[33mbundler-waiter_1    |[0m 2023-10-08T11:28:03.706141269Z [31merror sending request for url (http://bundler:3000/rpc): error trying to connect: tcp connect error: Connection refused (os error 111)[0m
[33mbundler-waiter_1    |[0m 2023-10-08T11:28:03.706146469Z 
[33mbundler-waiter_1    |[0m 2023-10-08T11:28:03.706149469Z Context:
[33mbundler-waiter_1    |[0m 2023-10-08T11:28:03.706222569Z - Error #0: error trying to connect: tcp connect error: Connection refused (os error 111)
[33mbundler-waiter_1    |[0m 2023-10-08T11:28:03.706227369Z - Error #1: tcp connect error: Connection refused (os error 111)
[33mbundler-waiter_1    |[0m 2023-10-08T11:28:03.706230469Z - Error #2: Connection refused (os error 111)
[33mbundler-waiter_1    |[0m 2023-10-08T11:28:04.152690697Z Error: 
[33mbundler-waiter_1    |[0m 2023-10-08T11:28:04.153441196Z [31merror sending request for url (http://bundler:3000/rpc): error trying to connect: tcp connect error: Connection refused (os error 111)[0m
[33mbundler-waiter_1    |[0m 2023-10-08T11:28:04.153447996Z 
[33mbundler-waiter_1    |[0m 2023-10-08T11:28:04.153482696Z Context:
[33mbundler-waiter_1    |[0m 2023-10-08T11:28:04.157314690Z - Error #0: error trying to connect: tcp connect error: Connection refused (os error 111)
[33mbundler-waiter_1    |[0m 2023-10-08T11:28:04.157714589Z - Error #1: tcp connect error: Connection refused (os error 111)
[33mbundler-waiter_1    |[0m 2023-10-08T11:28:04.158035789Z - Error #2: Connection refused (os error 111)
[33mbundler-waiter_1    |[0m 2023-10-08T11:28:04.777235757Z Error: 
[33mbundler-waiter_1    |[0m 2023-10-08T11:28:04.777258157Z [31merror sending request for url (http://bundler:3000/rpc): error trying to connect: tcp connect error: Connection refused (os error 111)[0m
[33mbundler-waiter_1    |[0m 2023-10-08T11:28:04.777262957Z 
[33mbundler-waiter_1    |[0m 2023-10-08T11:28:04.777266157Z Context:
[33mbundler-waiter_1    |[0m 2023-10-08T11:28:04.777334357Z - Error #0: error trying to connect: tcp connect error: Connection refused (os error 111)
[33mbundler-waiter_1    |[0m 2023-10-08T11:28:04.777339257Z - Error #1: tcp connect error: Connection refused (os error 111)
[33mbundler-waiter_1    |[0m 2023-10-08T11:28:04.777390357Z - Error #2: Connection refused (os error 111)
[33mbundler-waiter_1    |[0m 2023-10-08T11:28:05.460461829Z "0x539"
[32mbundler_1           |[0m 2023-10-08T11:28:03.992297338Z command-line arguments:  {
[32mbundler_1           |[0m 2023-10-08T11:28:03.992340038Z   config: 'workdir/bundler.config.json',
[32mbundler_1           |[0m 2023-10-08T11:28:03.992344338Z   auto: false,
[32mbundler_1           |[0m 2023-10-08T11:28:03.992347438Z   network: 'http://eth-node:8545'
[32mbundler_1           |[0m 2023-10-08T11:28:03.992350438Z }
[32mbundler_1           |[0m 2023-10-08T11:28:03.992353738Z Merged configuration: {"port":"3000","entryPoint":"0x5FF137D4b0FDCD49DcA30c7CF57E578a026d2789","unsafe":false,"conditionalRpc":false,"minStake":"1","minUnstakeDelay":0,"gasFactor":"1","beneficiary":"0xf39Fd6e51aad88F6F4ce6aB8827279cffFb92266","minBalance":"1","mnemonic":"./workdir/mnemonic.txt","maxBundleGas":5000000,"autoBundleInterval":3,"autoBundleMempoolSize":10,"network":"http://eth-node:8545"}
[32mbundler_1           |[0m 2023-10-08T11:28:03.992362738Z url= http://eth-node:8545
[32mbundler_1           |[0m 2023-10-08T11:28:05.135655218Z url= http://eth-node:8545
[32mbundler_1           |[0m 2023-10-08T11:28:05.188642038Z signer 0xf39Fd6e51aad88F6F4ce6aB8827279cffFb92266 balance 20.0
[32mbundler_1           |[0m 2023-10-08T11:28:05.189021937Z Bundle interval (seconds) 3
[32mbundler_1           |[0m 2023-10-08T11:28:05.192338333Z connected to network { name: 'unknown', chainId: 1337 }
[32mbundler_1           |[0m 2023-10-08T11:28:05.192355232Z running on http://localhost:3000/rpc
[32mbundler_1           |[0m 2023-10-08T11:28:05.458212832Z sent eth_chainId - 0x539
[32mbundler_1           |[0m 2023-10-08T11:28:09.397426105Z UserOperation: Sender=0x65E5859b4778d316e00a86304376A3E19D1800F2  Nonce=0 EntryPoint=0x5FF137D4b0FDCD49DcA30c7CF57E578a026d2789 Paymaster=undefined
[32mbundler_1           |[0m 2023-10-08T11:28:09.602846196Z failed:  eth_sendUserOperation error: {"message":"account uses banned opcode: GASPRICE","code":-32502}
[32mbundler_1           |[0m 2023-10-08T11:28:09.767261249Z UserOperation: Sender=0xc9b6FBc5A6FAa0A47b8437a1d1ae8f972ff93362  Nonce=0 EntryPoint=0x5FF137D4b0FDCD49DcA30c7CF57E578a026d2789 Paymaster=0x149a8036b3160d5e36f2f87f0fd5072c2df8c06c
[32mbundler_1           |[0m 2023-10-08T11:28:10.003716093Z failed:  eth_sendUserOperation error: {"message":"paymaster uses banned opcode: GASPRICE","code":-32502}
[32mbundler_1           |[0m 2023-10-08T11:28:10.223204463Z UserOperation: Sender=0x3E55B0E91A6477b41ce52e93A8bb601B22680b73  Nonce=0 EntryPoint=0x5FF137D4b0FDCD49DcA30c7CF57E578a026d2789 Paymaster=undefined
[32mbundler_1           |[0m 2023-10-08T11:28:10.585782917Z failed:  eth_sendUserOperation error: {"message":"factory uses banned opcode: GASPRICE","code":-32502}
[34mfunder_1            |[0m 2023-10-08T11:27:50.190399404Z funded: 0x43378ff8C70109Ee4Dbe85aF34428ab0615EBd23
[34mfunder_1            |[0m 2023-10-08T11:27:50.214484001Z funded: 0x43378ff8C70109Ee4Dbe85aF34428ab0615EBd23
[34mfunder_1            |[0m 2023-10-08T11:27:50.244553598Z funded: 0xf39Fd6e51aad88F6F4ce6aB8827279cffFb92266
[34mfunder_1            |[0m 2023-10-08T11:27:50.269895796Z funded: 0xf39Fd6e51aad88F6F4ce6aB8827279cffFb92266
[35mdeployer_1          |[0m 2023-10-08T11:27:50.758467146Z Deploying entrypoint at 0x5FF137D4b0FDCD49DcA30c7CF57E578a026d2789
[35mdeployer_1          |[0m 2023-10-08T11:27:56.856273426Z deploying:
