Attaching to runbundler_bundler-waiter_1, runbundler_bundler_1, runbundler_deployer_1, runbundler_funder_1, geth-1.10
[33mbundler-waiter_1    |[0m 2023-10-08T11:28:36.610689560Z Error: 
[33mbundler-waiter_1    |[0m 2023-10-08T11:28:36.611627457Z [31merror sending request for url (http://bundler:3000/rpc): error trying to connect: tcp connect error: Connection refused (os error 111)[0m
[33mbundler-waiter_1    |[0m 2023-10-08T11:28:36.611637357Z 
[33mbundler-waiter_1    |[0m 2023-10-08T11:28:36.611681356Z Context:
[33mbundler-waiter_1    |[0m 2023-10-08T11:28:36.612107355Z - Error #0: error trying to connect: tcp connect error: Connection refused (os error 111)
[33mbundler-waiter_1    |[0m 2023-10-08T11:28:36.612297754Z - Error #1: tcp connect error: Connection refused (os error 111)
[33mbundler-waiter_1    |[0m 2023-10-08T11:28:36.612436253Z - Error #2: Connection refused (os error 111)
[33mbundler-waiter_1    |[0m 2023-10-08T11:28:36.992496177Z Error: 
[33mbundler-waiter_1    |[0m 2023-10-08T11:28:36.992992275Z [31merror sending request for url (http://bundler:3000/rpc): error trying to connect: tcp connect error: Connection refused (os error 111)[0m
[33mbundler-waiter_1    |[0m 2023-10-08T11:28:36.993007875Z 
[33mbundler-waiter_1    |[0m 2023-10-08T11:28:36.993011375Z Context:
[33mbundler-waiter_1    |[0m 2023-10-08T11:28:36.993014575Z - Error #0: error trying to connect: tcp connect error: Connection refused (os error 111)
[33mbundler-waiter_1    |[0m 2023-10-08T11:28:36.993017975Z - Error #1: tcp connect error: Connection refused (os error 111)
[33mbundler-waiter_1    |[0m 2023-10-08T11:28:36.993021075Z - Error #2: Connection refused (os error 111)
[33mbundler-waiter_1    |[0m 2023-10-08T11:28:37.463344248Z "0x539"
[32mbundler_1           |[0m 2023-10-08T11:28:36.311407023Z [2m2023-10-08T11:28:36.311323Z[0m [32m INFO[0m [2msilius::bundler[0m[2m:[0m Starting uopool gRPC service...
[32mbundler_1           |[0m 2023-10-08T11:28:36.313904413Z [2m2023-10-08T11:28:36.312821Z[0m [32m INFO[0m [2msilius::bundler[0m[2m:[0m UoPool component connected to Ethereum execution client with version Geth/v1.10.26-stable-e5eb32ac/linux-amd64/go1.18.8
[32mbundler_1           |[0m 2023-10-08T11:28:37.314546926Z [2m2023-10-08T11:28:37.314367Z[0m [32m INFO[0m [2msilius::bundler[0m[2m:[0m Started uopool gRPC service at 127.0.0.1:3002
[32mbundler_1           |[0m 2023-10-08T11:28:37.314596426Z [2m2023-10-08T11:28:37.314392Z[0m [32m INFO[0m [2msilius::bundler[0m[2m:[0m Starting bundling gRPC service...
[32mbundler_1           |[0m 2023-10-08T11:28:37.315835921Z [2m2023-10-08T11:28:37.315536Z[0m [32m INFO[0m [2msilius::bundler[0m[2m:[0m Bundling component connected to Ethereum execution client with version Geth/v1.10.26-stable-e5eb32ac/linux-amd64/go1.18.8
[32mbundler_1           |[0m 2023-10-08T11:28:37.320349704Z [2m2023-10-08T11:28:37.319494Z[0m [32m INFO[0m [2msilius::bundler[0m[2m:[0m Wallet { address: 0xf39fd6e51aad88f6f4ce6ab8827279cfffb92266, chain_Id: 1337 }
[32mbundler_1           |[0m 2023-10-08T11:28:37.320370604Z [2m2023-10-08T11:28:37.319509Z[0m [32m INFO[0m [2msilius::bundler[0m[2m:[0m Connecting to uopool gRPC service...
[32mbundler_1           |[0m 2023-10-08T11:28:37.320374404Z [2m2023-10-08T11:28:37.319833Z[0m [32m INFO[0m [2msilius::bundler[0m[2m:[0m Connected to uopool gRPC service
[32mbundler_1           |[0m 2023-10-08T11:28:37.320377804Z [2m2023-10-08T11:28:37.319842Z[0m [32m INFO[0m [2msilius_grpc::bundler[0m[2m:[0m Starting auto bundling
[32mbundler_1           |[0m 2023-10-08T11:28:37.320381304Z [2m2023-10-08T11:28:37.319867Z[0m [32m INFO[0m [2msilius::bundler[0m[2m:[0m Started bundler gRPC service at 127.0.0.1:3003
[32mbundler_1           |[0m 2023-10-08T11:28:37.320384804Z [2m2023-10-08T11:28:37.319874Z[0m [32m INFO[0m [2msilius::bundler[0m[2m:[0m Starting bundler JSON-RPC server...
[32mbundler_1           |[0m 2023-10-08T11:28:37.320388104Z [2m2023-10-08T11:28:37.319906Z[0m [32m INFO[0m [2msilius::bundler[0m[2m:[0m Connecting to uopool gRPC service...
[32mbundler_1           |[0m 2023-10-08T11:28:37.322079597Z [2m2023-10-08T11:28:37.320775Z[0m [32m INFO[0m [2msilius::bundler[0m[2m:[0m Connected to uopool gRPC service...
[32mbundler_1           |[0m 2023-10-08T11:28:37.322094097Z [2m2023-10-08T11:28:37.320795Z[0m [32m INFO[0m [2msilius::bundler[0m[2m:[0m Connecting to bundling gRPC service...
[32mbundler_1           |[0m 2023-10-08T11:28:37.322097597Z [2m2023-10-08T11:28:37.321112Z[0m [32m INFO[0m [2msilius::bundler[0m[2m:[0m Connected to bundling gRPC service...
[32mbundler_1           |[0m 2023-10-08T11:28:37.322101097Z [2m2023-10-08T11:28:37.321164Z[0m [32m INFO[0m [2msilius::bundler[0m[2m:[0m Started bundler JSON-RPC server with http: 0.0.0.0:3000, ws: 127.0.0.1:3001
[32mbundler_1           |[0m 2023-10-08T11:28:37.322104897Z [2m2023-10-08T11:28:37.321904Z[0m [32m INFO[0m [2msilius_bundler::bundler[0m[2m:[0m Skipping creating a new bundle, no user operations
[36mgeth-1.10           |[0m 2023-10-08T11:28:16.753682742Z WARN [10-08|11:28:16.753] You are running Geth in --dev mode. Please note the following:
[36mgeth-1.10           |[0m 2023-10-08T11:28:16.753710542Z 
[36mgeth-1.10           |[0m 2023-10-08T11:28:16.753714642Z   1. This mode is only intended for fast, iterative development without assumptions on
[36mgeth-1.10           |[0m 2023-10-08T11:28:16.753718042Z      security or persistence.
[36mgeth-1.10           |[0m 2023-10-08T11:28:16.753721042Z   2. The database is created in memory unless specified otherwise. Therefore, shutting down
[36mgeth-1.10           |[0m 2023-10-08T11:28:16.753724342Z      your computer or losing power will wipe your entire block data and chain state for
[36mgeth-1.10           |[0m 2023-10-08T11:28:16.753727442Z      your dev environment.
[36mgeth-1.10           |[0m 2023-10-08T11:28:16.753730342Z   3. A random, pre-allocated developer account will be available and unlocked as
[36mgeth-1.10           |[0m 2023-10-08T11:28:16.753733642Z      eth.coinbase, which can be used for testing. The random dev account is temporary,
[36mgeth-1.10           |[0m 2023-10-08T11:28:16.753736842Z      stored on a ramdisk, and will be lost if your machine is restarted.
[36mgeth-1.10           |[0m 2023-10-08T11:28:16.753739942Z   4. Mining is enabled by default. However, the client will only seal blocks if transactions
[36mgeth-1.10           |[0m 2023-10-08T11:28:16.753743042Z      are pending in the mempool. The miner's minimum accepted gas price is 1.
[36mgeth-1.10           |[0m 2023-10-08T11:28:16.753746042Z   5. Networking is disabled; there is no listen-address, the maximum number of peers is set
[36mgeth-1.10           |[0m 2023-10-08T11:28:16.753749242Z      to 0, and discovery is disabled.
[36mgeth-1.10           |[0m 2023-10-08T11:28:16.753752242Z  
[36mgeth-1.10           |[0m 2023-10-08T11:28:17.015063667Z WARN [10-08|11:28:17.014] Failed to load snapshot, regenerating    err="missing or corrupted snapshot"
[36mgeth-1.10           |[0m 2023-10-08T11:28:17.015876166Z WARN [10-08|11:28:17.015] Error reading unclean shutdown markers   error="not found"
[36mgeth-1.10           |[0m 2023-10-08T11:28:17.015975266Z WARN [10-08|11:28:17.015] Engine API enabled                       protocol=eth
[36mgeth-1.10           |[0m 2023-10-08T11:28:17.015981166Z WARN [10-08|11:28:17.015] Engine API started but chain not configured for merge yet 
[36mgeth-1.10           |[0m 2023-10-08T11:28:17.016110366Z ERROR[10-08|11:28:17.016] Failed to check db for legacy receipts   err="this operation is not supported"
[36mgeth-1.10           |[0m 2023-10-08T11:28:17.016290366Z WARN [10-08|11:28:17.016] P2P server will be useless, neither dialing nor listening 
[36mgeth-1.10           |[0m 2023-10-08T11:28:17.033418541Z WARN [10-08|11:28:17.032] Block sealing failed                     err="sealing paused while waiting for transactions"
[36mgeth-1.10           |[0m 2023-10-08T11:28:17.033836540Z WARN [10-08|11:28:17.033] Failed to get free disk space            path= err="failed to call Statfs: no such file or directory"
[36mgeth-1.10           |[0m 2023-10-08T11:28:17.137709292Z WARN [10-08|11:28:17.137] Block sealing failed                     err="sealing paused while waiting for transactions"
[36mgeth-1.10           |[0m 2023-10-08T11:28:23.163040653Z WARN [10-08|11:28:23.162] Block sealing failed                     err="sealing paused while waiting for transactions"
[36mgeth-1.10           |[0m 2023-10-08T11:28:23.187962324Z WARN [10-08|11:28:23.187] Block sealing failed                     err="sealing paused while waiting for transactions"
[36mgeth-1.10           |[0m 2023-10-08T11:28:29.214289856Z WARN [10-08|11:28:29.214] Block sealing failed                     err="sealing paused while waiting for transactions"
[36mgeth-1.10           |[0m 2023-10-08T11:28:29.790225751Z WARN [10-08|11:28:29.790] Block sealing failed                     err="sealing paused while waiting for transactions"
[36mgeth-1.10           |[0m 2023-10-08T11:28:29.804594336Z WARN [10-08|11:28:29.804] Block sealing failed                     err="sealing paused while waiting for transactions"
[36mgeth-1.10           |[0m 2023-10-08T11:28:29.851734387Z WARN [10-08|11:28:29.851] Block sealing failed                     err="sealing paused while waiting for transactions"
[36mgeth-1.10           |[0m 2023-10-08T11:28:39.569323168Z WARN [10-08|11:28:39.569] Block sealing failed                     err="sealing paused while waiting for transactions"
[36mgeth-1.10           |[0m 2023-10-08T11:28:39.597559858Z WARN [10-08|11:28:39.597] Block sealing failed                     err="sealing paused while waiting for transactions"
[36mgeth-1.10           |[0m 2023-10-08T11:28:39.604673530Z WARN [10-08|11:28:39.604] Served eth_call                          conn=172.19.0.3:34856 reqid=607 duration="601.698µs" err="execution reverted"              errdata=0x8b7ac9800000000000000000000000000000000000000000000000000000000000059b7d0000000000000000000000000000000000000000000000000001bfe159b3ebc100000000000000000000000000000000000000000000000000000000000000000000000000000000000000000000000000000000000000000000ffffffffffff000000000000000000000000000000000000000000000000000000000000000000000000000000000000000000000000000000000000000000000000000000c00000000000000000000000000000000000000000000000000000000000000000
[36mgeth-1.10           |[0m 2023-10-08T11:28:39.606057925Z WARN [10-08|11:28:39.605] Served eth_call                          conn=172.19.0.3:34856 reqid=611 duration="481.998µs" err="execution reverted"              errdata=0xe0cff05f00000000000000000000000000000000000000000000000000000000000000e00000000000000000000000000000000000000000000000000000000000000000000000000000000000000000000000000000000000000000000000000000000000000000000000000000000000000000000000000000000000000000000000000000000000000000000000000000000000000000000000000000000000000000000000000000000000000000000000000000000000000000000000000000000000000000000000000000000000000000000000000000000000000000000000000000000000000000000000000000000000000000000000000000000000059b7d000000000000000000000000000000000000000000000000000b5e620f480000000000000000000000000000000000000000000000000000000000000000000000000000000000000000000000000000000000000000000000000000000000000000000000000000000000000000000000000000000000000000ffffffffffff00000000000000000000000000000000000000000000000000000000000000c00000000000000000000000000000000000000000000000000000000000000000
[36mgeth-1.10           |[0m 2023-10-08T11:28:39.865356918Z WARN [10-08|11:28:39.865] Block sealing failed                     err="sealing paused while waiting for transactions"
[36mgeth-1.10           |[0m 2023-10-08T11:28:39.895892999Z WARN [10-08|11:28:39.895] Block sealing failed                     err="sealing paused while waiting for transactions"
[36mgeth-1.10           |[0m 2023-10-08T11:28:39.938716933Z WARN [10-08|11:28:39.938] Block sealing failed                     err="sealing paused while waiting for transactions"
[36mgeth-1.10           |[0m 2023-10-08T11:28:39.951898482Z WARN [10-08|11:28:39.951] Served eth_call                          conn=172.19.0.3:34856 reqid=682 duration="532.498µs" err="execution reverted"              errdata=0x8b7ac9800000000000000000000000000000000000000000000000000000000000054ba9000000000000000000000000000000000000000000000000000186f03b9b709100000000000000000000000000000000000000000000000000000000000000000000000000000000000000000000000000000000000000000000ffffffffffff000000000000000000000000000000000000000000000000000000000000000000000000000000000000000000000000000000000000000000000000000000c00000000000000000000000000000000000000000000000000000000000000000
[36mgeth-1.10           |[0m 2023-10-08T11:28:39.953165677Z WARN [10-08|11:28:39.953] Served eth_call                          conn=172.19.0.3:34856 reqid=685 duration="481.998µs" err="execution reverted"              errdata=0xe0cff05f00000000000000000000000000000000000000000000000000000000000000e00000000000000000000000000000000000000000000000000000000000000000000000000000000000000000000000000000000000000000000000000000000000000000000000000000000000000000000000000000000000000000000000000000000000000000000000000000000000000000000000000000000000000000000000000000000000000000000000000000000000000000000000000000000000000000000000000000000000000000000000000000000000000000000000000000000000000000000000000000000000000000000000000000000000054ba90000000000000000000000000000000000000000000000000019945ca2620000000000000000000000000000000000000000000000000000000000000000000000000000000000000000000000000000000000000000000000000000000000000000000000000000000000000000000000000000000000000000ffffffffffff00000000000000000000000000000000000000000000000000000000000000c00000000000000000000000000000000000000000000000000000000000000000
[36mgeth-1.10           |[0m 2023-10-08T11:28:40.245406242Z WARN [10-08|11:28:40.245] Block sealing failed                     err="sealing paused while waiting for transactions"
[36mgeth-1.10           |[0m 2023-10-08T11:28:40.275907623Z WARN [10-08|11:28:40.275] Block sealing failed                     err="sealing paused while waiting for transactions"
[36mgeth-1.10           |[0m 2023-10-08T11:28:40.336089589Z WARN [10-08|11:28:40.335] Block sealing failed                     err="sealing paused while waiting for transactions"
[36mgeth-1.10           |[0m 2023-10-08T11:28:40.371142053Z WARN [10-08|11:28:40.370] Block sealing failed                     err="sealing paused while waiting for transactions"
[36mgeth-1.10           |[0m 2023-10-08T11:28:40.376524732Z WARN [10-08|11:28:40.376] Served eth_call                          conn=172.19.0.3:34856 reqid=769 duration="805.697µs" err="execution reverted"              errdata=0x8b7ac98000000000000000000000000000000000000000000000000000000000000dfe800000000000000000000000000000000000000000000000000003bf9fdde4bb3000000000000000000000000000000000000000000000000000000000000000000000000000000000000000000000000000000000000000000000ffffffffffff000000000000000000000000000000000000000000000000000000000000000000000000000000000000000000000000000000000000000000000000000000c00000000000000000000000000000000000000000000000000000000000000000
[36mgeth-1.10           |[0m 2023-10-08T11:28:40.378193726Z WARN [10-08|11:28:40.378] Served eth_call                          conn=172.19.0.3:34856 reqid=772 duration="711.397µs" err="execution reverted"              errdata=0xe0cff05f00000000000000000000000000000000000000000000000000000000000000e000000000000000000000000000000000000000000000000000000000000000000000000000000000000000000000000000000000000000000000000000000000000000000000000000000000000000000000000000000000000000000000000000000000000000000000000000000000000000000000000000000000000000000000000000000000000000000000000000000000000000000000000000000000000000000000000000000000000000000000000000000000000000000000000000000000000000000000000000000000000000000000000000000000000dfe80000000000000000000000000000000000000000000000000000b5e620f480000000000000000000000000000000000000000000000000000000000000000000000000000000000000000000000000000000000000000000000000000000000000000000000000000000000000000000000000000000000000000ffffffffffff00000000000000000000000000000000000000000000000000000000000000c00000000000000000000000000000000000000000000000000000000000000000
[35mdeployer_1          |[0m 2023-10-08T11:28:29.718743726Z Deploying entrypoint at 0x5FF137D4b0FDCD49DcA30c7CF57E578a026d2789
[35mdeployer_1          |[0m 2023-10-08T11:28:29.821597018Z deploying:
[34mfunder_1            |[0m 2023-10-08T11:28:23.140072379Z funded: 0x43378ff8C70109Ee4Dbe85aF34428ab0615EBd23
[34mfunder_1            |[0m 2023-10-08T11:28:23.164720651Z funded: 0x43378ff8C70109Ee4Dbe85aF34428ab0615EBd23
[34mfunder_1            |[0m 2023-10-08T11:28:29.190912881Z funded: 0xf39Fd6e51aad88F6F4ce6aB8827279cffFb92266
[34mfunder_1            |[0m 2023-10-08T11:28:29.215927854Z funded: 0xf39Fd6e51aad88F6F4ce6aB8827279cffFb92266
