Attaching to runbundler_bundler-waiter_1, runbundler_bundler_1, runbundler_deployer_1, runbundler_funder_1, geth-1.10
[36mgeth-1.10           |[0m 2023-10-08T11:28:56.403318076Z WARN [10-08|11:28:56.403] You are running Geth in --dev mode. Please note the following:
[36mgeth-1.10           |[0m 2023-10-08T11:28:56.403346376Z 
[36mgeth-1.10           |[0m 2023-10-08T11:28:56.403350476Z   1. This mode is only intended for fast, iterative development without assumptions on
[36mgeth-1.10           |[0m 2023-10-08T11:28:56.403353676Z      security or persistence.
[36mgeth-1.10           |[0m 2023-10-08T11:28:56.403356676Z   2. The database is created in memory unless specified otherwise. Therefore, shutting down
[36mgeth-1.10           |[0m 2023-10-08T11:28:56.403370676Z      your computer or losing power will wipe your entire block data and chain state for
[36mgeth-1.10           |[0m 2023-10-08T11:28:56.403373976Z      your dev environment.
[36mgeth-1.10           |[0m 2023-10-08T11:28:56.403377076Z   3. A random, pre-allocated developer account will be available and unlocked as
[36mgeth-1.10           |[0m 2023-10-08T11:28:56.403380276Z      eth.coinbase, which can be used for testing. The random dev account is temporary,
[36mgeth-1.10           |[0m 2023-10-08T11:28:56.403383476Z      stored on a ramdisk, and will be lost if your machine is restarted.
[36mgeth-1.10           |[0m 2023-10-08T11:28:56.403386576Z   4. Mining is enabled by default. However, the client will only seal blocks if transactions
[36mgeth-1.10           |[0m 2023-10-08T11:28:56.403389676Z      are pending in the mempool. The miner's minimum accepted gas price is 1.
[36mgeth-1.10           |[0m 2023-10-08T11:28:56.403392676Z   5. Networking is disabled; there is no listen-address, the maximum number of peers is set
[36mgeth-1.10           |[0m 2023-10-08T11:28:56.403395776Z      to 0, and discovery is disabled.
[36mgeth-1.10           |[0m 2023-10-08T11:28:56.403398876Z  
[36mgeth-1.10           |[0m 2023-10-08T11:28:56.668769664Z WARN [10-08|11:28:56.668] Failed to load snapshot, regenerating    err="missing or corrupted snapshot"
[36mgeth-1.10           |[0m 2023-10-08T11:28:56.669382164Z WARN [10-08|11:28:56.669] Error reading unclean shutdown markers   error="not found"
[36mgeth-1.10           |[0m 2023-10-08T11:28:56.669467564Z WARN [10-08|11:28:56.669] Engine API enabled                       protocol=eth
[36mgeth-1.10           |[0m 2023-10-08T11:28:56.669525264Z WARN [10-08|11:28:56.669] Engine API started but chain not configured for merge yet 
[36mgeth-1.10           |[0m 2023-10-08T11:28:56.669648464Z ERROR[10-08|11:28:56.669] Failed to check db for legacy receipts   err="this operation is not supported"
[36mgeth-1.10           |[0m 2023-10-08T11:28:56.669842264Z WARN [10-08|11:28:56.669] P2P server will be useless, neither dialing nor listening 
[36mgeth-1.10           |[0m 2023-10-08T11:28:56.675592459Z WARN [10-08|11:28:56.675] Block sealing failed                     err="sealing paused while waiting for transactions"
[36mgeth-1.10           |[0m 2023-10-08T11:28:56.676857858Z WARN [10-08|11:28:56.676] Failed to get free disk space            path= err="failed to call Statfs: no such file or directory"
[36mgeth-1.10           |[0m 2023-10-08T11:28:56.773609481Z WARN [10-08|11:28:56.773] Block sealing failed                     err="sealing paused while waiting for transactions"
[36mgeth-1.10           |[0m 2023-10-08T11:29:02.800144971Z WARN [10-08|11:29:02.800] Block sealing failed                     err="sealing paused while waiting for transactions"
[36mgeth-1.10           |[0m 2023-10-08T11:29:08.828842242Z WARN [10-08|11:29:08.828] Block sealing failed                     err="sealing paused while waiting for transactions"
[36mgeth-1.10           |[0m 2023-10-08T11:29:14.854244661Z WARN [10-08|11:29:14.854] Block sealing failed                     err="sealing paused while waiting for transactions"
[36mgeth-1.10           |[0m 2023-10-08T11:29:21.456034454Z WARN [10-08|11:29:21.455] Block sealing failed                     err="sealing paused while waiting for transactions"
[36mgeth-1.10           |[0m 2023-10-08T11:29:21.470304727Z WARN [10-08|11:29:21.470] Block sealing failed                     err="sealing paused while waiting for transactions"
[36mgeth-1.10           |[0m 2023-10-08T11:29:21.516479042Z WARN [10-08|11:29:21.516] Block sealing failed                     err="sealing paused while waiting for transactions"
[36mgeth-1.10           |[0m 2023-10-08T11:29:33.529181208Z WARN [10-08|11:29:33.528] Block sealing failed                     err="sealing paused while waiting for transactions"
[36mgeth-1.10           |[0m 2023-10-08T11:29:33.559825299Z WARN [10-08|11:29:33.559] Block sealing failed                     err="sealing paused while waiting for transactions"
[36mgeth-1.10           |[0m 2023-10-08T11:29:33.938255393Z WARN [10-08|11:29:33.938] Block sealing failed                     err="sealing paused while waiting for transactions"
[36mgeth-1.10           |[0m 2023-10-08T11:29:33.972471218Z WARN [10-08|11:29:33.972] Block sealing failed                     err="sealing paused while waiting for transactions"
[36mgeth-1.10           |[0m 2023-10-08T11:29:34.016520437Z WARN [10-08|11:29:34.016] Block sealing failed                     err="sealing paused while waiting for transactions"
[36mgeth-1.10           |[0m 2023-10-08T11:29:34.375810049Z WARN [10-08|11:29:34.375] Block sealing failed                     err="sealing paused while waiting for transactions"
[36mgeth-1.10           |[0m 2023-10-08T11:29:34.407024945Z WARN [10-08|11:29:34.406] Block sealing failed                     err="sealing paused while waiting for transactions"
[36mgeth-1.10           |[0m 2023-10-08T11:29:34.472872271Z WARN [10-08|11:29:34.472] Block sealing failed                     err="sealing paused while waiting for transactions"
[36mgeth-1.10           |[0m 2023-10-08T11:29:34.514644267Z WARN [10-08|11:29:34.514] Block sealing failed                     err="sealing paused while waiting for transactions"
[32mbundler_1           |[0m 2023-10-08T11:29:28.131515940Z (node:1) ExperimentalWarning: The Node.js specifier resolution flag is experimental. It could change or be removed at any time.
[32mbundler_1           |[0m 2023-10-08T11:29:28.131559040Z (Use `node --trace-warnings ...` to show where the warning was created)
[32mbundler_1           |[0m 2023-10-08T11:29:30.735204583Z bigint: Failed to load bindings, pure JS will be used (try npm run rebuild?)
[32mbundler_1           |[0m 2023-10-08T11:29:31.072502091Z (node:1) ExperimentalWarning: The Node.js specifier resolution flag is experimental. It could change or be removed at any time.
[32mbundler_1           |[0m 2023-10-08T11:29:31.072520191Z (Use `node --trace-warnings ...` to show where the warning was created)
[32mbundler_1           |[0m 2023-10-08T11:29:31.377117470Z [11:29:31.054] [32mINFO[39m (1): [36m  ___                                            ___  [39m
[32mbundler_1           |[0m 2023-10-08T11:29:31.378179680Z [11:29:31.055] [32mINFO[39m (1): [36m (o o)                                          (o o) [39m
[32mbundler_1           |[0m 2023-10-08T11:29:31.378198480Z [11:29:31.055] [32mINFO[39m (1): [36m(  V  ) Skandha - A modular typescript bundler (  V  )[39m
[32mbundler_1           |[0m 2023-10-08T11:29:31.378202480Z [11:29:31.055] [32mINFO[39m (1): [36m--m-m--------------------------------------------m-m--[39m
[32mbundler_1           |[0m 2023-10-08T11:29:31.378205880Z [11:29:31.055] [32mINFO[39m (1): [36mUsing the configFile from /usr/app/config.json[39m
[32mbundler_1           |[0m 2023-10-08T11:29:31.378209180Z [11:29:31.055] [32mINFO[39m (1): [36mInitialised the dataDir at /root/.skandha/db/[39m
[32mbundler_1           |[0m 2023-10-08T11:29:31.378212480Z [11:29:31.055] [32mINFO[39m (1): [36m----- Running in STANDALONE MODE -----[39m
[32mbundler_1           |[0m 2023-10-08T11:29:31.378215780Z [11:29:31.055] [34mDEBUG[39m (1): [36mConfig file not found. Proceeding with env vars...[39m
[32mbundler_1           |[0m 2023-10-08T11:29:31.378219080Z [11:29:31.119] [32mINFO[39m (1): [36mdev: set to manual bundling mode[39m
[32mbundler_1           |[0m 2023-10-08T11:29:31.378222280Z [11:29:31.120] [32mINFO[39m (1): [36mSetup route for dev: /rpc/[39m
[32mbundler_1           |[0m 2023-10-08T11:29:31.378225480Z [11:29:31.124] [32mINFO[39m (1): [36mServer listening at http://0.0.0.0:3000[39m
[32mbundler_1           |[0m 2023-10-08T11:29:31.412146202Z [11:29:31.285] [32mINFO[39m (1): [36mREQUEST ::[39m
[32mbundler_1           |[0m 2023-10-08T11:29:31.412169903Z     reqId: "req-1"
[32mbundler_1           |[0m 2023-10-08T11:29:31.412173603Z     method: "POST"
[32mbundler_1           |[0m 2023-10-08T11:29:31.412176903Z     url: "/rpc"
[32mbundler_1           |[0m 2023-10-08T11:29:31.412180103Z     body: {
[32mbundler_1           |[0m 2023-10-08T11:29:31.412183003Z       "id": 1,
[32mbundler_1           |[0m 2023-10-08T11:29:31.412186203Z       "jsonrpc": "2.0",
[32mbundler_1           |[0m 2023-10-08T11:29:31.412189403Z       "method": "eth_chainId",
[32mbundler_1           |[0m 2023-10-08T11:29:31.412192603Z       "params": []
[32mbundler_1           |[0m 2023-10-08T11:29:31.412195503Z     }
[32mbundler_1           |[0m 2023-10-08T11:29:31.412199003Z [11:29:31.286] [32mINFO[39m (1): [36mRESPONSE ::[39m
[32mbundler_1           |[0m 2023-10-08T11:29:31.412202203Z     reqId: "req-1"
[32mbundler_1           |[0m 2023-10-08T11:29:31.412205203Z     body: {
[32mbundler_1           |[0m 2023-10-08T11:29:31.412208103Z       "jsonrpc": "2.0",
[32mbundler_1           |[0m 2023-10-08T11:29:31.412264504Z       "id": 1,
[32mbundler_1           |[0m 2023-10-08T11:29:31.412269304Z       "result": "0x539"
[32mbundler_1           |[0m 2023-10-08T11:29:31.412272404Z     }
[32mbundler_1           |[0m 2023-10-08T11:29:34.472366766Z [11:29:33.566] [32mINFO[39m (1): [36mREQUEST ::[39m
[32mbundler_1           |[0m 2023-10-08T11:29:34.472396566Z     reqId: "req-2"
[32mbundler_1           |[0m 2023-10-08T11:29:34.472400266Z     method: "POST"
[32mbundler_1           |[0m 2023-10-08T11:29:34.472403766Z     url: "/rpc"
[32mbundler_1           |[0m 2023-10-08T11:29:34.472407366Z     body: {
[32mbundler_1           |[0m 2023-10-08T11:29:34.472410666Z       "method": "eth_sendUserOperation",
[32mbundler_1           |[0m 2023-10-08T11:29:34.472414066Z       "id": 0,
[32mbundler_1           |[0m 2023-10-08T11:29:34.472417266Z       "params": [
[32mbundler_1           |[0m 2023-10-08T11:29:34.472420366Z         {
[32mbundler_1           |[0m 2023-10-08T11:29:34.472423466Z           "sender": "0xd6a5280e043Ff36eF88cA524b918F80119AB2520",
[32mbundler_1           |[0m 2023-10-08T11:29:34.472426767Z           "nonce": "0x0",
[32mbundler_1           |[0m 2023-10-08T11:29:34.472429967Z           "initCode": "0x",
[32mbundler_1           |[0m 2023-10-08T11:29:34.472433167Z           "callData": "0x",
[32mbundler_1           |[0m 2023-10-08T11:29:34.472436367Z           "callGasLimit": "0x493e0",
[32mbundler_1           |[0m 2023-10-08T11:29:34.472439867Z           "verificationGasLimit": "0xf4240",
[32mbundler_1           |[0m 2023-10-08T11:29:34.472443067Z           "preVerificationGas": "0x493e0",
[32mbundler_1           |[0m 2023-10-08T11:29:34.472446267Z           "maxFeePerGas": "0x77359400",
[32mbundler_1           |[0m 2023-10-08T11:29:34.472449467Z           "maxPriorityFeePerGas": "0x3b9aca00",
[32mbundler_1           |[0m 2023-10-08T11:29:34.472452567Z           "paymasterAndData": "0x",
[32mbundler_1           |[0m 2023-10-08T11:29:34.472455767Z           "signature": "0x4741535052494345"
[32mbundler_1           |[0m 2023-10-08T11:29:34.472458867Z         },
[32mbundler_1           |[0m 2023-10-08T11:29:34.472461967Z         "0x5FF137D4b0FDCD49DcA30c7CF57E578a026d2789"
[32mbundler_1           |[0m 2023-10-08T11:29:34.472465167Z       ],
[32mbundler_1           |[0m 2023-10-08T11:29:34.472468267Z       "jsonrpc": "2.0"
[32mbundler_1           |[0m 2023-10-08T11:29:34.472471367Z     }
[32mbundler_1           |[0m 2023-10-08T11:29:34.472474367Z [11:29:33.572] [34mDEBUG[39m (1): [36mValidating user op before sending to mempool...[39m
[32mbundler_1           |[0m 2023-10-08T11:29:34.472477867Z [11:29:33.840] [31mERROR[39m (1): [36maccount uses banned opcode: GASPRICE[39m
[32mbundler_1           |[0m 2023-10-08T11:29:34.472481167Z     err: {
[32mbundler_1           |[0m 2023-10-08T11:29:34.472484167Z       "type": "RpcError",
[32mbundler_1           |[0m 2023-10-08T11:29:34.472487367Z       "message": "account uses banned opcode: GASPRICE",
[32mbundler_1           |[0m 2023-10-08T11:29:34.472490567Z       "stack":
[32mbundler_1           |[0m 2023-10-08T11:29:34.472493667Z           Error: account uses banned opcode: GASPRICE
[32mbundler_1           |[0m 2023-10-08T11:29:34.472496767Z               at file:///usr/app/packages/executor/lib/services/UserOpValidation/validators/safe.js:154:27
[32mbundler_1           |[0m 2023-10-08T11:29:34.472500067Z               at Array.forEach (<anonymous>)
[32mbundler_1           |[0m 2023-10-08T11:29:34.472512467Z               at SafeValidationService.validateOpcodesAndStake (file:///usr/app/packages/executor/lib/services/UserOpValidation/validators/safe.js:152:34)
[32mbundler_1           |[0m 2023-10-08T11:29:34.472516067Z               at SafeValidationService.validateSafely (file:///usr/app/packages/executor/lib/services/UserOpValidation/validators/safe.js:54:45)
[32mbundler_1           |[0m 2023-10-08T11:29:34.472519367Z               at process.processTicksAndRejections (node:internal/process/task_queues:95:5)
[32mbundler_1           |[0m 2023-10-08T11:29:34.472522567Z               at async UserOpValidationService.simulateValidation (file:///usr/app/packages/executor/lib/services/UserOpValidation/service.js:32:16)
[32mbundler_1           |[0m 2023-10-08T11:29:34.472525767Z               at async Eth.sendUserOperation (file:///usr/app/packages/executor/lib/modules/eth.js:46:34)
[32mbundler_1           |[0m 2023-10-08T11:29:34.472528967Z               at async EthAPI.sendUserOperation (file:///usr/app/packages/api/lib/modules/eth.js:20:16)
[32mbundler_1           |[0m 2023-10-08T11:29:34.472533168Z               at async Object.<anonymous> (file:///usr/app/packages/api/lib/app.js:96:34)
[32mbundler_1           |[0m 2023-10-08T11:29:34.472536468Z       "code": -32502
[32mbundler_1           |[0m 2023-10-08T11:29:34.472539468Z     }
[32mbundler_1           |[0m 2023-10-08T11:29:34.472542468Z [11:29:33.841] [32mINFO[39m (1): [36mRESPONSE ::[39m
[32mbundler_1           |[0m 2023-10-08T11:29:34.472545668Z     reqId: "req-2"
[32mbundler_1           |[0m 2023-10-08T11:29:34.472548768Z     body: {
[32mbundler_1           |[0m 2023-10-08T11:29:34.472551668Z       "jsonrpc": "2.0",
[32mbundler_1           |[0m 2023-10-08T11:29:34.472554768Z       "id": 0,
[32mbundler_1           |[0m 2023-10-08T11:29:34.472557768Z       "error": {
[32mbundler_1           |[0m 2023-10-08T11:29:34.472560768Z         "message": "account uses banned opcode: GASPRICE",
[32mbundler_1           |[0m 2023-10-08T11:29:34.472563968Z         "code": -32502
[32mbundler_1           |[0m 2023-10-08T11:29:34.472566968Z       }
[32mbundler_1           |[0m 2023-10-08T11:29:34.472569968Z     }
[32mbundler_1           |[0m 2023-10-08T11:29:34.472572868Z [11:29:34.029] [32mINFO[39m (1): [36mREQUEST ::[39m
[32mbundler_1           |[0m 2023-10-08T11:29:34.472575968Z     reqId: "req-3"
[32mbundler_1           |[0m 2023-10-08T11:29:34.472578968Z     method: "POST"
[32mbundler_1           |[0m 2023-10-08T11:29:34.472581868Z     url: "/rpc"
[32mbundler_1           |[0m 2023-10-08T11:29:34.472584868Z     body: {
[32mbundler_1           |[0m 2023-10-08T11:29:34.472587868Z       "method": "eth_sendUserOperation",
[32mbundler_1           |[0m 2023-10-08T11:29:34.472590968Z       "id": 1,
[32mbundler_1           |[0m 2023-10-08T11:29:34.472594068Z       "params": [
[32mbundler_1           |[0m 2023-10-08T11:29:34.472596968Z         {
[32mbundler_1           |[0m 2023-10-08T11:29:34.472599968Z           "sender": "0xEbFC0Cb3a786bE9F36AA1cEad34Bb03D664573cA",
[32mbundler_1           |[0m 2023-10-08T11:29:34.472603068Z           "nonce": "0x0",
[32mbundler_1           |[0m 2023-10-08T11:29:34.472606168Z           "initCode": "0x",
[32mbundler_1           |[0m 2023-10-08T11:29:34.472609168Z           "callData": "0x",
[32mbundler_1           |[0m 2023-10-08T11:29:34.472612168Z           "callGasLimit": "0x493e0",
[32mbundler_1           |[0m 2023-10-08T11:29:34.472615168Z           "verificationGasLimit": "0xf4240",
[32mbundler_1           |[0m 2023-10-08T11:29:34.472618368Z           "preVerificationGas": "0x493e0",
[32mbundler_1           |[0m 2023-10-08T11:29:34.472624268Z           "maxFeePerGas": "0x77359400",
[32mbundler_1           |[0m 2023-10-08T11:29:34.472627368Z           "maxPriorityFeePerGas": "0x3b9aca00",
[32mbundler_1           |[0m 2023-10-08T11:29:34.472630468Z           "paymasterAndData": "0x4A01c9F7be75AEb6f630b195c9F047d71Ce461994741535052494345",
[32mbundler_1           |[0m 2023-10-08T11:29:34.472633868Z           "signature": "0x"
[32mbundler_1           |[0m 2023-10-08T11:29:34.472637169Z         },
[32mbundler_1           |[0m 2023-10-08T11:29:34.472640169Z         "0x5FF137D4b0FDCD49DcA30c7CF57E578a026d2789"
[32mbundler_1           |[0m 2023-10-08T11:29:34.472643169Z       ],
[32mbundler_1           |[0m 2023-10-08T11:29:34.472646169Z       "jsonrpc": "2.0"
[32mbundler_1           |[0m 2023-10-08T11:29:34.472649269Z     }
[32mbundler_1           |[0m 2023-10-08T11:29:34.472652169Z [11:29:34.030] [34mDEBUG[39m (1): [36mValidating user op before sending to mempool...[39m
[32mbundler_1           |[0m 2023-10-08T11:29:34.472655469Z [11:29:34.281] [31mERROR[39m (1): [36mpaymaster uses banned opcode: GASPRICE[39m
[32mbundler_1           |[0m 2023-10-08T11:29:34.472658669Z     err: {
[32mbundler_1           |[0m 2023-10-08T11:29:34.472661569Z       "type": "RpcError",
[32mbundler_1           |[0m 2023-10-08T11:29:34.472664669Z       "message": "paymaster uses banned opcode: GASPRICE",
[32mbundler_1           |[0m 2023-10-08T11:29:34.472667769Z       "stack":
[32mbundler_1           |[0m 2023-10-08T11:29:34.472670769Z           Error: paymaster uses banned opcode: GASPRICE
[32mbundler_1           |[0m 2023-10-08T11:29:34.472673869Z               at file:///usr/app/packages/executor/lib/services/UserOpValidation/validators/safe.js:154:27
[32mbundler_1           |[0m 2023-10-08T11:29:34.472677069Z               at Array.forEach (<anonymous>)
[32mbundler_1           |[0m 2023-10-08T11:29:34.472680169Z               at SafeValidationService.validateOpcodesAndStake (file:///usr/app/packages/executor/lib/services/UserOpValidation/validators/safe.js:152:34)
[32mbundler_1           |[0m 2023-10-08T11:29:34.472683469Z               at SafeValidationService.validateSafely (file:///usr/app/packages/executor/lib/services/UserOpValidation/validators/safe.js:54:45)
[32mbundler_1           |[0m 2023-10-08T11:29:34.472686769Z               at process.processTicksAndRejections (node:internal/process/task_queues:95:5)
[32mbundler_1           |[0m 2023-10-08T11:29:34.472690169Z               at async UserOpValidationService.simulateValidation (file:///usr/app/packages/executor/lib/services/UserOpValidation/service.js:32:16)
[32mbundler_1           |[0m 2023-10-08T11:29:34.472693469Z               at async Eth.sendUserOperation (file:///usr/app/packages/executor/lib/modules/eth.js:46:34)
[32mbundler_1           |[0m 2023-10-08T11:29:34.472696869Z               at async EthAPI.sendUserOperation (file:///usr/app/packages/api/lib/modules/eth.js:20:16)
[32mbundler_1           |[0m 2023-10-08T11:29:34.472699969Z               at async Object.<anonymous> (file:///usr/app/packages/api/lib/app.js:96:34)
[32mbundler_1           |[0m 2023-10-08T11:29:34.472703169Z       "code": -32502
[32mbundler_1           |[0m 2023-10-08T11:29:34.472706169Z     }
[32mbundler_1           |[0m 2023-10-08T11:29:34.472709069Z [11:29:34.281] [32mINFO[39m (1): [36mRESPONSE ::[39m
[32mbundler_1           |[0m 2023-10-08T11:29:34.472712269Z     reqId: "req-3"
[32mbundler_1           |[0m 2023-10-08T11:29:34.472715269Z     body: {
[32mbundler_1           |[0m 2023-10-08T11:29:34.472718169Z       "jsonrpc": "2.0",
[32mbundler_1           |[0m 2023-10-08T11:29:34.472723969Z       "id": 1,
[32mbundler_1           |[0m 2023-10-08T11:29:34.472726969Z       "error": {
[32mbundler_1           |[0m 2023-10-08T11:29:34.472729969Z         "message": "paymaster uses banned opcode: GASPRICE",
[32mbundler_1           |[0m 2023-10-08T11:29:34.472733169Z         "code": -32502
[32mbundler_1           |[0m 2023-10-08T11:29:34.472736169Z       }
[32mbundler_1           |[0m 2023-10-08T11:29:34.472739069Z     }
[32mbundler_1           |[0m 2023-10-08T11:29:34.531600628Z [11:29:34.519] [32mINFO[39m (1): [36mREQUEST ::[39m
[32mbundler_1           |[0m 2023-10-08T11:29:34.531623729Z     reqId: "req-4"
[32mbundler_1           |[0m 2023-10-08T11:29:34.531627329Z     method: "POST"
[32mbundler_1           |[0m 2023-10-08T11:29:34.531630529Z     url: "/rpc"
[32mbundler_1           |[0m 2023-10-08T11:29:34.531633629Z     body: {
[32mbundler_1           |[0m 2023-10-08T11:29:34.531636629Z       "method": "eth_sendUserOperation",
[32mbundler_1           |[0m 2023-10-08T11:29:34.531640029Z       "id": 2,
[32mbundler_1           |[0m 2023-10-08T11:29:34.531651129Z       "params": [
[32mbundler_1           |[0m 2023-10-08T11:29:34.531654429Z         {
[32mbundler_1           |[0m 2023-10-08T11:29:34.531657529Z           "sender": "0xA509a37507d82133Cb4D317E67bA265737f6231f",
[32mbundler_1           |[0m 2023-10-08T11:29:34.531660829Z           "nonce": "0x0",
[32mbundler_1           |[0m 2023-10-08T11:29:34.531664429Z           "initCode": "0xE40C02413A90F86CC662b9a8665169cc4B7dF6c70d058fe3000000000000000000000000000000000000000000000000000000000000007b00000000000000000000000000000000000000000000000000000000000000600000000000000000000000005ff137d4b0fdcd49dca30c7cf57e578a026d278900000000000000000000000000000000000000000000000000000000000000084741535052494345000000000000000000000000000000000000000000000000",
[32mbundler_1           |[0m 2023-10-08T11:29:34.531669829Z           "callData": "0x",
[32mbundler_1           |[0m 2023-10-08T11:29:34.531672929Z           "callGasLimit": "0x493e0",
[32mbundler_1           |[0m 2023-10-08T11:29:34.531676129Z           "verificationGasLimit": "0xf4240",
[32mbundler_1           |[0m 2023-10-08T11:29:34.531679329Z           "preVerificationGas": "0x493e0",
[32mbundler_1           |[0m 2023-10-08T11:29:34.531682329Z           "maxFeePerGas": "0x77359400",
[32mbundler_1           |[0m 2023-10-08T11:29:34.531685529Z           "maxPriorityFeePerGas": "0x3b9aca00",
[32mbundler_1           |[0m 2023-10-08T11:29:34.531688929Z           "paymasterAndData": "0x",
[32mbundler_1           |[0m 2023-10-08T11:29:34.531692029Z           "signature": "0x"
[32mbundler_1           |[0m 2023-10-08T11:29:34.531695029Z         },
[32mbundler_1           |[0m 2023-10-08T11:29:34.531697929Z         "0x5FF137D4b0FDCD49DcA30c7CF57E578a026d2789"
[32mbundler_1           |[0m 2023-10-08T11:29:34.531701229Z       ],
[32mbundler_1           |[0m 2023-10-08T11:29:34.531704229Z       "jsonrpc": "2.0"
[32mbundler_1           |[0m 2023-10-08T11:29:34.531707330Z     }
[32mbundler_1           |[0m 2023-10-08T11:29:34.531753130Z [11:29:34.520] [34mDEBUG[39m (1): [36mValidating user op before sending to mempool...[39m
[32mbundler_1           |[0m 2023-10-08T11:29:35.048466837Z [11:29:34.935] [31mERROR[39m (1): [36mfactory uses banned opcode: GASPRICE[39m
[32mbundler_1           |[0m 2023-10-08T11:29:35.048491138Z     err: {
[32mbundler_1           |[0m 2023-10-08T11:29:35.048494838Z       "type": "RpcError",
[32mbundler_1           |[0m 2023-10-08T11:29:35.048498338Z       "message": "factory uses banned opcode: GASPRICE",
[32mbundler_1           |[0m 2023-10-08T11:29:35.048511938Z       "stack":
[32mbundler_1           |[0m 2023-10-08T11:29:35.048515438Z           Error: factory uses banned opcode: GASPRICE
[32mbundler_1           |[0m 2023-10-08T11:29:35.048518538Z               at file:///usr/app/packages/executor/lib/services/UserOpValidation/validators/safe.js:154:27
[32mbundler_1           |[0m 2023-10-08T11:29:35.048521838Z               at Array.forEach (<anonymous>)
[32mbundler_1           |[0m 2023-10-08T11:29:35.048525138Z               at SafeValidationService.validateOpcodesAndStake (file:///usr/app/packages/executor/lib/services/UserOpValidation/validators/safe.js:152:34)
[32mbundler_1           |[0m 2023-10-08T11:29:35.048528538Z               at SafeValidationService.validateSafely (file:///usr/app/packages/executor/lib/services/UserOpValidation/validators/safe.js:54:45)
[33mbundler-waiter_1    |[0m 2023-10-08T11:29:28.319065988Z Error: 
[33mbundler-waiter_1    |[0m 2023-10-08T11:29:28.319098188Z [31merror sending request for url (http://bundler:3000/rpc): error trying to connect: tcp connect error: Connection refused (os error 111)[0m
[33mbundler-waiter_1    |[0m 2023-10-08T11:29:28.319103288Z 
[33mbundler-waiter_1    |[0m 2023-10-08T11:29:28.319106288Z Context:
[33mbundler-waiter_1    |[0m 2023-10-08T11:29:28.319169088Z - Error #0: error trying to connect: tcp connect error: Connection refused (os error 111)
[33mbundler-waiter_1    |[0m 2023-10-08T11:29:28.319185588Z - Error #1: tcp connect error: Connection refused (os error 111)
[33mbundler-waiter_1    |[0m 2023-10-08T11:29:28.319189288Z - Error #2: Connection refused (os error 111)
[33mbundler-waiter_1    |[0m 2023-10-08T11:29:28.802726566Z Error: 
[33mbundler-waiter_1    |[0m 2023-10-08T11:29:28.802750466Z [31merror sending request for url (http://bundler:3000/rpc): error trying to connect: tcp connect error: Connection refused (os error 111)[0m
[33mbundler-waiter_1    |[0m 2023-10-08T11:29:28.802755166Z 
[33mbundler-waiter_1    |[0m 2023-10-08T11:29:28.802822466Z Context:
[33mbundler-waiter_1    |[0m 2023-10-08T11:29:28.802827566Z - Error #0: error trying to connect: tcp connect error: Connection refused (os error 111)
[33mbundler-waiter_1    |[0m 2023-10-08T11:29:28.802868865Z - Error #1: tcp connect error: Connection refused (os error 111)
[33mbundler-waiter_1    |[0m 2023-10-08T11:29:28.802873365Z - Error #2: Connection refused (os error 111)
[33mbundler-waiter_1    |[0m 2023-10-08T11:29:29.416532161Z Error: 
[33mbundler-waiter_1    |[0m 2023-10-08T11:29:29.417278759Z [31merror sending request for url (http://bundler:3000/rpc): error trying to connect: tcp connect error: Connection refused (os error 111)[0m
[33mbundler-waiter_1    |[0m 2023-10-08T11:29:29.417286159Z 
[33mbundler-waiter_1    |[0m 2023-10-08T11:29:29.417333758Z Context:
[33mbundler-waiter_1    |[0m 2023-10-08T11:29:29.417783457Z - Error #0: error trying to connect: tcp connect error: Connection refused (os error 111)
[33mbundler-waiter_1    |[0m 2023-10-08T11:29:29.418141956Z - Error #1: tcp connect error: Connection refused (os error 111)
[33mbundler-waiter_1    |[0m 2023-10-08T11:29:29.418438355Z - Error #2: Connection refused (os error 111)
[33mbundler-waiter_1    |[0m 2023-10-08T11:29:30.193124177Z Error: 
[33mbundler-waiter_1    |[0m 2023-10-08T11:29:30.193881075Z [31merror sending request for url (http://bundler:3000/rpc): error trying to connect: tcp connect error: Connection refused (os error 111)[0m
[33mbundler-waiter_1    |[0m 2023-10-08T11:29:30.193888275Z 
[33mbundler-waiter_1    |[0m 2023-10-08T11:29:30.193931375Z Context:
[33mbundler-waiter_1    |[0m 2023-10-08T11:29:30.194388773Z - Error #0: error trying to connect: tcp connect error: Connection refused (os error 111)
[33mbundler-waiter_1    |[0m 2023-10-08T11:29:30.194758972Z - Error #1: tcp connect error: Connection refused (os error 111)
[33mbundler-waiter_1    |[0m 2023-10-08T11:29:30.195060871Z - Error #2: Connection refused (os error 111)
[33mbundler-waiter_1    |[0m 2023-10-08T11:29:31.402773013Z "0x539"
[32mbundler_1           |[0m 2023-10-08T11:29:35.048531838Z               at process.processTicksAndRejections (node:internal/process/task_queues:95:5)
[32mbundler_1           |[0m 2023-10-08T11:29:35.048534938Z               at async UserOpValidationService.simulateValidation (file:///usr/app/packages/executor/lib/services/UserOpValidation/service.js:32:16)
[32mbundler_1           |[0m 2023-10-08T11:29:35.048538138Z               at async Eth.sendUserOperation (file:///usr/app/packages/executor/lib/modules/eth.js:46:34)
[32mbundler_1           |[0m 2023-10-08T11:29:35.048541338Z               at async EthAPI.sendUserOperation (file:///usr/app/packages/api/lib/modules/eth.js:20:16)
[32mbundler_1           |[0m 2023-10-08T11:29:35.048544838Z               at async Object.<anonymous> (file:///usr/app/packages/api/lib/app.js:96:34)
[32mbundler_1           |[0m 2023-10-08T11:29:35.048548038Z       "code": -32502
[32mbundler_1           |[0m 2023-10-08T11:29:35.048551038Z     }
[32mbundler_1           |[0m 2023-10-08T11:29:35.048554138Z [11:29:34.940] [32mINFO[39m (1): [36mRESPONSE ::[39m
[32mbundler_1           |[0m 2023-10-08T11:29:35.048557438Z     reqId: "req-4"
[32mbundler_1           |[0m 2023-10-08T11:29:35.048560538Z     body: {
[32mbundler_1           |[0m 2023-10-08T11:29:35.048563438Z       "jsonrpc": "2.0",
[32mbundler_1           |[0m 2023-10-08T11:29:35.048566638Z       "id": 2,
[32mbundler_1           |[0m 2023-10-08T11:29:35.048569638Z       "error": {
[32mbundler_1           |[0m 2023-10-08T11:29:35.048572638Z         "message": "factory uses banned opcode: GASPRICE",
[32mbundler_1           |[0m 2023-10-08T11:29:35.048575838Z         "code": -32502
[32mbundler_1           |[0m 2023-10-08T11:29:35.048578938Z       }
[32mbundler_1           |[0m 2023-10-08T11:29:35.048581738Z     }
[35mdeployer_1          |[0m 2023-10-08T11:29:21.384868985Z Deploying entrypoint at 0x5FF137D4b0FDCD49DcA30c7CF57E578a026d2789
[35mdeployer_1          |[0m 2023-10-08T11:29:21.485979798Z deploying:
[34mfunder_1            |[0m 2023-10-08T11:29:02.775953581Z funded: 0x43378ff8C70109Ee4Dbe85aF34428ab0615EBd23
[34mfunder_1            |[0m 2023-10-08T11:29:08.802047303Z funded: 0x43378ff8C70109Ee4Dbe85aF34428ab0615EBd23
[34mfunder_1            |[0m 2023-10-08T11:29:14.830929414Z funded: 0xf39Fd6e51aad88F6F4ce6aB8827279cffFb92266
[34mfunder_1            |[0m 2023-10-08T11:29:20.856460462Z funded: 0xf39Fd6e51aad88F6F4ce6aB8827279cffFb92266
