Attaching to runbundler_bundler-waiter_1, runbundler_bundler_1, runbundler_deployer_1, runbundler_funder_1, geth-1.10
[36mgeth-1.10           |[0m 2023-10-08T11:29:42.450889454Z WARN [10-08|11:29:42.448] You are running Geth in --dev mode. Please note the following:
[36mgeth-1.10           |[0m 2023-10-08T11:29:42.450929154Z 
[36mgeth-1.10           |[0m 2023-10-08T11:29:42.450933454Z   1. This mode is only intended for fast, iterative development without assumptions on
[36mgeth-1.10           |[0m 2023-10-08T11:29:42.450936754Z      security or persistence.
[36mgeth-1.10           |[0m 2023-10-08T11:29:42.450939954Z   2. The database is created in memory unless specified otherwise. Therefore, shutting down
[36mgeth-1.10           |[0m 2023-10-08T11:29:42.450943054Z      your computer or losing power will wipe your entire block data and chain state for
[36mgeth-1.10           |[0m 2023-10-08T11:29:42.450946154Z      your dev environment.
[36mgeth-1.10           |[0m 2023-10-08T11:29:42.450949454Z   3. A random, pre-allocated developer account will be available and unlocked as
[36mgeth-1.10           |[0m 2023-10-08T11:29:42.450952554Z      eth.coinbase, which can be used for testing. The random dev account is temporary,
[36mgeth-1.10           |[0m 2023-10-08T11:29:42.450955654Z      stored on a ramdisk, and will be lost if your machine is restarted.
[36mgeth-1.10           |[0m 2023-10-08T11:29:42.450958654Z   4. Mining is enabled by default. However, the client will only seal blocks if transactions
[36mgeth-1.10           |[0m 2023-10-08T11:29:42.450961854Z      are pending in the mempool. The miner's minimum accepted gas price is 1.
[36mgeth-1.10           |[0m 2023-10-08T11:29:42.450964854Z   5. Networking is disabled; there is no listen-address, the maximum number of peers is set
[36mgeth-1.10           |[0m 2023-10-08T11:29:42.450967954Z      to 0, and discovery is disabled.
[36mgeth-1.10           |[0m 2023-10-08T11:29:42.450971054Z  
[36mgeth-1.10           |[0m 2023-10-08T11:29:42.716396834Z WARN [10-08|11:29:42.716] Failed to load snapshot, regenerating    err="missing or corrupted snapshot"
[36mgeth-1.10           |[0m 2023-10-08T11:29:42.716800335Z WARN [10-08|11:29:42.716] Error reading unclean shutdown markers   error="not found"
[36mgeth-1.10           |[0m 2023-10-08T11:29:42.716832735Z WARN [10-08|11:29:42.716] Engine API enabled                       protocol=eth
[36mgeth-1.10           |[0m 2023-10-08T11:29:42.716836935Z WARN [10-08|11:29:42.716] Engine API started but chain not configured for merge yet 
[36mgeth-1.10           |[0m 2023-10-08T11:29:42.716939135Z ERROR[10-08|11:29:42.716] Failed to check db for legacy receipts   err="this operation is not supported"
[36mgeth-1.10           |[0m 2023-10-08T11:29:42.717054835Z WARN [10-08|11:29:42.717] P2P server will be useless, neither dialing nor listening 
[36mgeth-1.10           |[0m 2023-10-08T11:29:42.726878353Z WARN [10-08|11:29:42.726] Block sealing failed                     err="sealing paused while waiting for transactions"
[36mgeth-1.10           |[0m 2023-10-08T11:29:42.729905758Z WARN [10-08|11:29:42.729] Failed to get free disk space            path= err="failed to call Statfs: no such file or directory"
[36mgeth-1.10           |[0m 2023-10-08T11:29:42.819428220Z WARN [10-08|11:29:42.819] Block sealing failed                     err="sealing paused while waiting for transactions"
[36mgeth-1.10           |[0m 2023-10-08T11:29:48.844435602Z WARN [10-08|11:29:48.844] Block sealing failed                     err="sealing paused while waiting for transactions"
[36mgeth-1.10           |[0m 2023-10-08T11:29:48.869170989Z WARN [10-08|11:29:48.869] Block sealing failed                     err="sealing paused while waiting for transactions"
[36mgeth-1.10           |[0m 2023-10-08T11:29:48.893493776Z WARN [10-08|11:29:48.893] Block sealing failed                     err="sealing paused while waiting for transactions"
[36mgeth-1.10           |[0m 2023-10-08T11:29:55.482017953Z WARN [10-08|11:29:55.481] Block sealing failed                     err="sealing paused while waiting for transactions"
[36mgeth-1.10           |[0m 2023-10-08T11:29:55.496396437Z WARN [10-08|11:29:55.496] Block sealing failed                     err="sealing paused while waiting for transactions"
[36mgeth-1.10           |[0m 2023-10-08T11:29:55.537774090Z WARN [10-08|11:29:55.537] Block sealing failed                     err="sealing paused while waiting for transactions"
[36mgeth-1.10           |[0m 2023-10-08T11:30:04.370595773Z WARN [10-08|11:30:04.370] Block sealing failed                     err="sealing paused while waiting for transactions"
[36mgeth-1.10           |[0m 2023-10-08T11:30:04.400147737Z WARN [10-08|11:30:04.399] Block sealing failed                     err="sealing paused while waiting for transactions"
[36mgeth-1.10           |[0m 2023-10-08T11:30:04.414848820Z WARN [10-08|11:30:04.414] Served eth_call                          conn=172.21.0.3:32970 reqid=7 duration="645.999µs" err="execution reverted"              errdata=0xe0cff05f00000000000000000000000000000000000000000000000000000000000000e00000000000000000000000000000000000000000000000000000000000000000000000000000000000000000000000000000000000000000000000000000000000000000000000000000000000000000000000000000000000000000000000000000000000000000000000000000000000000000000000000000000000000000000000000000000000000000000000000000000000000000000000000000000000000000000000000000000000000000000000000000000000000000000000000000000000000000000000000000000000000000000000000000000000059b7d000000000000000000000000000000000000000000000000000b5e620f480000000000000000000000000000000000000000000000000000000000000000000000000000000000000000000000000000000000000000000000000000000000000000000000000000000000000000000000000000000000000000ffffffffffff00000000000000000000000000000000000000000000000000000000000000c00000000000000000000000000000000000000000000000000000000000000000
[36mgeth-1.10           |[0m 2023-10-08T11:30:04.550286856Z WARN [10-08|11:30:04.550] Block sealing failed                     err="sealing paused while waiting for transactions"
[36mgeth-1.10           |[0m 2023-10-08T11:30:04.581927617Z WARN [10-08|11:30:04.581] Block sealing failed                     err="sealing paused while waiting for transactions"
[36mgeth-1.10           |[0m 2023-10-08T11:30:04.621990569Z WARN [10-08|11:30:04.621] Block sealing failed                     err="sealing paused while waiting for transactions"
[36mgeth-1.10           |[0m 2023-10-08T11:30:04.641566845Z WARN [10-08|11:30:04.640] Served eth_call                          conn=172.21.0.3:33002 reqid=18 duration="873.299µs" err="execution reverted"              errdata=0xe0cff05f00000000000000000000000000000000000000000000000000000000000000e00000000000000000000000000000000000000000000000000000000000000000000000000000000000000000000000000000000000000000000000000000000000000000000000000000000000000000000000000000000000000000000000000000000000000000000000000000000000000000000000000000000000000000000000000000000000000000000000000000000000000000000000000000000000000000000000000000000000000000000000000000000000000000000000000000000000000000000000000000000000000000000000000000000000054ba90000000000000000000000000000000000000000000000000019945ca2620000000000000000000000000000000000000000000000000000000000000000000000000000000000000000000000000000000000000000000000000000000000000000000000000000000000000000000000000000000000000000ffffffffffff00000000000000000000000000000000000000000000000000000000000000c00000000000000000000000000000000000000000000000000000000000000000
[36mgeth-1.10           |[0m 2023-10-08T11:30:04.778156080Z WARN [10-08|11:30:04.777] Block sealing failed                     err="sealing paused while waiting for transactions"
[36mgeth-1.10           |[0m 2023-10-08T11:30:04.806137546Z WARN [10-08|11:30:04.806] Block sealing failed                     err="sealing paused while waiting for transactions"
[36mgeth-1.10           |[0m 2023-10-08T11:30:04.863790876Z WARN [10-08|11:30:04.863] Block sealing failed                     err="sealing paused while waiting for transactions"
[36mgeth-1.10           |[0m 2023-10-08T11:30:04.899212234Z WARN [10-08|11:30:04.899] Block sealing failed                     err="sealing paused while waiting for transactions"
[36mgeth-1.10           |[0m 2023-10-08T11:30:04.910333320Z WARN [10-08|11:30:04.910] Served eth_call                          conn=172.21.0.3:32970 reqid=27 duration="719.399µs" err="execution reverted"              errdata=0xe0cff05f00000000000000000000000000000000000000000000000000000000000000e000000000000000000000000000000000000000000000000000000000000000000000000000000000000000000000000000000000000000000000000000000000000000000000000000000000000000000000000000000000000000000000000000000000000000000000000000000000000000000000000000000000000000000000000000000000000000000000000000000000000000000000000000000000000000000000000000000000000000000000000000000000000000000000000000000000000000000000000000000000000000000000000000000000000dfe80000000000000000000000000000000000000000000000000000b5e620f480000000000000000000000000000000000000000000000000000000000000000000000000000000000000000000000000000000000000000000000000000000000000000000000000000000000000000000000000000000000000000ffffffffffff00000000000000000000000000000000000000000000000000000000000000c00000000000000000000000000000000000000000000000000000000000000000
[33mbundler-waiter_1    |[0m 2023-10-08T11:30:02.254469059Z "0x539"
[35mdeployer_1          |[0m 2023-10-08T11:29:55.413654531Z Deploying entrypoint at 0x5FF137D4b0FDCD49DcA30c7CF57E578a026d2789
[35mdeployer_1          |[0m 2023-10-08T11:29:55.508433423Z deploying:
[32mbundler_1           |[0m 2023-10-08T11:30:01.995598953Z badger 2023/10/08 11:30:01 INFO: All 0 tables opened in 0s
[32mbundler_1           |[0m 2023-10-08T11:30:01.995921153Z badger 2023/10/08 11:30:01 INFO: Discard stats nextEmptySlot: 0
[32mbundler_1           |[0m 2023-10-08T11:30:01.995928753Z badger 2023/10/08 11:30:01 INFO: Set nextTxnTs to 0
[32mbundler_1           |[0m 2023-10-08T11:30:02.254020359Z {"level":"info","bundler_mode":"private","client_id":"172.21.0.4","opsSeen":0,"opsIncluded":0,"v":0,"logger":"stackup_bundler/relayer/filter_by_client","caller":"/app/pkg/modules/relay/relayer.go:139","time":"2023-10-08T11:30:02Z","message":"client ok"}
[32mbundler_1           |[0m 2023-10-08T11:30:02.254091759Z {"level":"info","bundler_mode":"private","client_id":"172.21.0.4","method":"POST","status_code":200,"body_size":41,"path":"/rpc","latency":"174.899µs","rpc_method":"eth_chainId","v":0,"logger":"stackup_bundler/http","caller":"/app/internal/logger/middleware.go:60","time":"2023-10-08T11:30:02Z"}
[32mbundler_1           |[0m 2023-10-08T11:30:04.404907532Z {"level":"info","bundler_mode":"private","client_id":"172.21.0.1","opsSeen":0,"opsIncluded":0,"v":0,"logger":"stackup_bundler/relayer/filter_by_client","caller":"/app/pkg/modules/relay/relayer.go:139","time":"2023-10-08T11:30:04Z","message":"client ok"}
[32mbundler_1           |[0m 2023-10-08T11:30:04.465472658Z {"level":"error","bundler_mode":"private","entrypoint":"0x5FF137D4b0FDCD49DcA30c7CF57E578a026d2789","chain_id":"1337","userop_hash":"0xa355dca6617262f001451e2167a82f026205879d9d7d2512602e13050718325f","error":"account uses banned opcode: GASPRICE","logger":"stackup_bundler/client/eth_sendUserOperation","caller":"/app/pkg/client/client.go:128","time":"2023-10-08T11:30:04Z","message":"eth_sendUserOperation error"}
[32mbundler_1           |[0m 2023-10-08T11:30:04.465657858Z {"level":"info","bundler_mode":"private","client_id":"172.21.0.1","method":"POST","status_code":200,"body_size":143,"path":"/rpc","latency":"60.696126ms","rpc_method":"eth_sendUserOperation","v":0,"logger":"stackup_bundler/http","caller":"/app/internal/logger/middleware.go:60","time":"2023-10-08T11:30:04Z"}
[32mbundler_1           |[0m 2023-10-08T11:30:04.632159157Z {"level":"info","bundler_mode":"private","client_id":"172.21.0.1","opsSeen":0,"opsIncluded":0,"v":0,"logger":"stackup_bundler/relayer/filter_by_client","caller":"/app/pkg/modules/relay/relayer.go:139","time":"2023-10-08T11:30:04Z","message":"client ok"}
[32mbundler_1           |[0m 2023-10-08T11:30:04.698702276Z {"level":"error","bundler_mode":"private","entrypoint":"0x5FF137D4b0FDCD49DcA30c7CF57E578a026d2789","chain_id":"1337","userop_hash":"0x6b0de3f0ec475e8b6b3039fe30a5540bfeca882aa4f84c19b332733eedb3496a","error":"paymaster uses banned opcode: GASPRICE","logger":"stackup_bundler/client/eth_sendUserOperation","caller":"/app/pkg/client/client.go:128","time":"2023-10-08T11:30:04Z","message":"eth_sendUserOperation error"}
[32mbundler_1           |[0m 2023-10-08T11:30:04.698885476Z {"level":"info","bundler_mode":"private","client_id":"172.21.0.1","method":"POST","status_code":200,"body_size":147,"path":"/rpc","latency":"66.850419ms","rpc_method":"eth_sendUserOperation","v":0,"logger":"stackup_bundler/http","caller":"/app/internal/logger/middleware.go:60","time":"2023-10-08T11:30:04Z"}
[32mbundler_1           |[0m 2023-10-08T11:30:04.903708628Z {"level":"info","bundler_mode":"private","client_id":"172.21.0.1","opsSeen":0,"opsIncluded":0,"v":0,"logger":"stackup_bundler/relayer/filter_by_client","caller":"/app/pkg/modules/relay/relayer.go:139","time":"2023-10-08T11:30:04Z","message":"client ok"}
[32mbundler_1           |[0m 2023-10-08T11:30:04.997880314Z {"level":"error","bundler_mode":"private","entrypoint":"0x5FF137D4b0FDCD49DcA30c7CF57E578a026d2789","chain_id":"1337","userop_hash":"0x82e4aca27fbe9ec173b5b7efd87fe5a9c2629dc06d675fad100f28fb827cfed7","error":"factory uses banned opcode: GASPRICE","logger":"stackup_bundler/client/eth_sendUserOperation","caller":"/app/pkg/client/client.go:128","time":"2023-10-08T11:30:04Z","message":"eth_sendUserOperation error"}
[32mbundler_1           |[0m 2023-10-08T11:30:04.998007114Z {"level":"info","bundler_mode":"private","client_id":"172.21.0.1","method":"POST","status_code":200,"body_size":143,"path":"/rpc","latency":"94.325786ms","rpc_method":"eth_sendUserOperation","v":0,"logger":"stackup_bundler/http","caller":"/app/internal/logger/middleware.go:60","time":"2023-10-08T11:30:04Z"}
[34mfunder_1            |[0m 2023-10-08T11:29:48.821569713Z funded: 0x43378ff8C70109Ee4Dbe85aF34428ab0615EBd23
[34mfunder_1            |[0m 2023-10-08T11:29:48.846145601Z funded: 0x43378ff8C70109Ee4Dbe85aF34428ab0615EBd23
[34mfunder_1            |[0m 2023-10-08T11:29:48.870384488Z funded: 0xf39Fd6e51aad88F6F4ce6aB8827279cffFb92266
[34mfunder_1            |[0m 2023-10-08T11:29:54.895794195Z funded: 0xf39Fd6e51aad88F6F4ce6aB8827279cffFb92266
